2023-07-18T19:57:22.157+00:00 WARN CBAS.cbas Updating log level to DEBUG
2023-07-18T19:57:22.160+00:00 INFO CBAS.cbas ++++++++++++ starting cbas main ++++++++++++
2023-07-18T19:57:22.160+00:00 INFO CBAS.cbas uuid: fc6bd4a2dd76337f941781c7d450e484
2023-07-18T19:57:22.161+00:00 INFO CBAS.cbas a single io device was provided; auto-adjusting...
2023-07-18T19:57:22.161+00:00 INFO CBAS.cbas configuring io devices based on available memory (1024): 1
2023-07-18T19:57:22.161+00:00 INFO CBAS.cbas io devices were adjusted to a total of: 1
2023-07-18T19:57:22.161+00:00 INFO CBAS.cbas setting java.home to bundled jre (/opt/couchbase/lib/cbas/runtime)
2023-07-18T19:57:22.545+00:00 INFO CBAS.cbas initialized cluster encryption with data encryption as false
2023-07-18T19:57:22.548+00:00 WARN CBAS.cbas config has been refreshed by ns server. New value 3
2023-07-18T19:57:22.549+00:00 WARN CBAS.cbas cluster encryption has been refreshed by ns server
2023-07-18T19:57:22.550+00:00 WARN CBAS.cbas tls config has been refreshed by ns server
2023-07-18T19:57:23.116+00:00 INFO CBAS.cbas Initialized starting partitionId to 0 for node fc6bd4a2dd76337f941781c7d450e484
2023-07-18T19:57:23.116+00:00 INFO CBAS.cbas Initialized controllerId to 0 for node fc6bd4a2dd76337f941781c7d450e484
2023-07-18T19:57:23.120+00:00 INFO CBAS.cbas no CC / Metadata node defined in metakv- will pick *this* node, fc6bd4a2dd76337f941781c7d450e484
2023-07-18T19:57:23.127+00:00 INFO CBAS.cbas our node is within topology refresh 6bef10c33432f1cce5cc384e2222114a/1; ensuring driver is running...
2023-07-18T19:57:25.129+00:00 INFO CBAS.cbas initializing audit service at: http://127.0.0.1:8091
2023-07-18T19:57:25.138+00:00 INFO CBAS.cbas Using plain authentication for user <ud>@cbas</ud> 
2023-07-18T19:57:25.139+00:00 INFO CBAS.cbas Using plain authentication for user <ud>@cbas</ud> 
2023-07-18T19:57:25.139+00:00 INFO CBAS.cbas Using plain authentication for user <ud>@cbas</ud> 
2023-07-18T19:57:25.140+00:00 INFO CBAS.cbas Using plain authentication for user <ud>@cbas</ud> 
2023-07-18T19:57:25.140+00:00 INFO CBAS.cbas Using plain authentication for user <ud>@cbas</ud> 
2023-07-18T19:57:25.141+00:00 INFO CBAS.cbas audit: created new audit service
2023-07-18T19:57:25.143+00:00 INFO CBAS.cbas clusterCompatibility init'd to 393222
2023-07-18T19:57:25.151+00:00 INFO CBAS.cbas allocating 435MiB/871MiB for heap min/max (reserved 153MiB of 1024MiB service quota for non-heap allocations) 
2023-07-18T19:57:25.151+00:00 INFO CBAS.cbas nodeConfigMap: map[additionalCcNodes:[] address:0.0.0.0 analyticsCbHome:/opt/couchbase analyticsCcHttpPort:9111 analyticsHttpAdminListenPort:9110 analyticsHttpListenAddress:0.0.0.0 analyticsHttpListenPort:8095 analyticsHttpsListenAddress:0.0.0.0 analyticsHttpsListenPort:18095 analyticsNodeName:127.0.0.1:8091 analyticsSslEnabled:true cbasAddress:127.0.0.1 cbasPort:9122 ccAddress:0.0.0.0 ccAnalyticsHttpListenPort:9111 ccAnalyticsMetadataPartitionId:0 ccClientListenPort:9113 ccClusterListenPort:9112 ccConsoleListenPort:9114 ccControllerId:0 ccHeartbeatMaxMisses:4 ccHeartbeatPeriod:30000 ccPublicAddress:127.0.0.1 ccSslEnabled:false clusterAddress:127.0.0.1 clusterCompatibility:393222 clusterListenPort:9115 clusterPort:9112 dataListenPort:9116 defaultDir:/opt/couchbase/var/lib/couchbase/data/@analytics/v_iodevice_0 initialRun:false iodevices:[/opt/couchbase/var/lib/couchbase/data/@analytics/v_iodevice_0] logDir:/opt/couchbase/var/lib/couchbase/logs messagingListenPort:9118 metadataCallbackPort:9119 metadataListenPort:9121 metadataNode:fc6bd4a2dd76337f941781c7d450e484 ncservicePort:-1 nsServerAddress:127.0.0.1 nsServerPort:8091 nsServerSslPort:18091 productVersion:6.6.5-10080 publicAddress:127.0.0.1 replicationEnabled:true replicationFactor:4096 replicationListenPort:9120 replicationLogBufferPagesize:262144 replicationStrategy:metadata resultListenPort:9117 sslEnabled:false startingPartitionId:0 txnLogBufferPagesize:262144]
2023-07-18T19:57:25.170+00:00 INFO CBAS.cbas running /opt/couchbase/lib/cbas/runtime/bin/java args:[-XX:+ExitOnOutOfMemoryError -XX:MaxGCPauseMillis=60000 -XX:+UseParallelGC -Xms435m -Xmx871m -Dfile.encoding=UTF-8 -Djava.io.tmpdir=/opt/couchbase/var/lib/couchbase/tmp -Djava.net.preferIPv6Addresses=false --add-opens=jdk.management/com.sun.management.internal=ALL-UNNAMED --add-opens=java.management/sun.management=ALL-UNNAMED --add-opens=java.base/java.lang=ALL-UNNAMED --add-opens=java.base/java.util.concurrent.locks=ALL-UNNAMED -Dproduct.version=6.6.5-10080 -DlogRolloverThresholdBytes=41943040 -DlogRolloverMaxFiles=10 -Dnetworkaddress.cache.ttl=15 -Dcom.couchbase.analytics.bootstrapLogLevel=DEBUG -DlogDir=/opt/couchbase/var/lib/couchbase/logs -cp /opt/couchbase/lib/cbas/repo/algebricks-common.jar:/opt/couchbase/lib/cbas/repo/algebricks-compiler.jar:/opt/couchbase/lib/cbas/repo/algebricks-core.jar:/opt/couchbase/lib/cbas/repo/algebricks-data.jar:/opt/couchbase/lib/cbas/repo/algebricks-rewriter.jar:/opt/couchbase/lib/cbas/repo/algebricks-runtime.jar:/opt/couchbase/lib/cbas/repo/annotations-2.10.83.jar:/opt/couchbase/lib/cbas/repo/apache-client-2.10.83.jar:/opt/couchbase/lib/cbas/repo/args4j-2.33.jar:/opt/couchbase/lib/cbas/repo/arns-2.10.83.jar:/opt/couchbase/lib/cbas/repo/asterix-active.jar:/opt/couchbase/lib/cbas/repo/asterix-algebra.jar:/opt/couchbase/lib/cbas/repo/asterix-app.jar:/opt/couchbase/lib/cbas/repo/asterix-common.jar:/opt/couchbase/lib/cbas/repo/asterix-external-data.jar:/opt/couchbase/lib/cbas/repo/asterix-lang-aql.jar:/opt/couchbase/lib/cbas/repo/asterix-lang-common.jar:/opt/couchbase/lib/cbas/repo/asterix-lang-sqlpp.jar:/opt/couchbase/lib/cbas/repo/asterix-metadata.jar:/opt/couchbase/lib/cbas/repo/asterix-om.jar:/opt/couchbase/lib/cbas/repo/asterix-replication.jar:/opt/couchbase/lib/cbas/repo/asterix-runtime.jar:/opt/couchbase/lib/cbas/repo/asterix-transactions.jar:/opt/couchbase/lib/cbas/repo/auth-2.10.83.jar:/opt/couchbase/lib/cbas/repo/aws-core-2.10.83.jar:/opt/couchbase/lib/cbas/repo/aws-query-protocol-2.10.83.jar:/opt/couchbase/lib/cbas/repo/aws-xml-protocol-2.10.83.jar:/opt/couchbase/lib/cbas/repo/bcpkix-jdk15on-1.68.jar:/opt/couchbase/lib/cbas/repo/bcprov-jdk15on-1.68.jar:/opt/couchbase/lib/cbas/repo/cbas-common.jar:/opt/couchbase/lib/cbas/repo/cbas-connector.jar:/opt/couchbase/lib/cbas/repo/cbas-dcp-client.jar:/opt/couchbase/lib/cbas/repo/cbas-server.jar:/opt/couchbase/lib/cbas/repo/commons-codec-1.15.jar:/opt/couchbase/lib/cbas/repo/commons-collections4-4.4.jar:/opt/couchbase/lib/cbas/repo/commons-compress-1.20.jar:/opt/couchbase/lib/cbas/repo/commons-io-2.8.0.jar:/opt/couchbase/lib/cbas/repo/commons-lang3-3.12.0.jar:/opt/couchbase/lib/cbas/repo/commons-logging-1.2.jar:/opt/couchbase/lib/cbas/repo/commons-text-1.9.jar:/opt/couchbase/lib/cbas/repo/core-io-1.7.20.jar:/opt/couchbase/lib/cbas/repo/disruptor-1.2.15-jdk8.jar:/opt/couchbase/lib/cbas/repo/error_prone_annotations-2.3.4.jar:/opt/couchbase/lib/cbas/repo/esri-geometry-api-2.0.0.jar:/opt/couchbase/lib/cbas/repo/eventstream-1.0.1.jar:/opt/couchbase/lib/cbas/repo/failureaccess-1.0.1.jar:/opt/couchbase/lib/cbas/repo/fastutil-8.3.0.jar:/opt/couchbase/lib/cbas/repo/guava-30.1-jre.jar:/opt/couchbase/lib/cbas/repo/http-client-spi-2.10.83.jar:/opt/couchbase/lib/cbas/repo/httpclient-4.5.13.jar:/opt/couchbase/lib/cbas/repo/httpcore-4.4.14.jar:/opt/couchbase/lib/cbas/repo/hyracks-api.jar:/opt/couchbase/lib/cbas/repo/hyracks-client.jar:/opt/couchbase/lib/cbas/repo/hyracks-comm.jar:/opt/couchbase/lib/cbas/repo/hyracks-control-cc.jar:/opt/couchbase/lib/cbas/repo/hyracks-control-common.jar:/opt/couchbase/lib/cbas/repo/hyracks-control-nc.jar:/opt/couchbase/lib/cbas/repo/hyracks-data-std.jar:/opt/couchbase/lib/cbas/repo/hyracks-dataflow-common.jar:/opt/couchbase/lib/cbas/repo/hyracks-dataflow-std.jar:/opt/couchbase/lib/cbas/repo/hyracks-http.jar:/opt/couchbase/lib/cbas/repo/hyracks-ipc.jar:/opt/couchbase/lib/cbas/repo/hyracks-net.jar:/opt/couchbase/lib/cbas/repo/hyracks-storage-am-bloomfilter.jar:/opt/couchbase/lib/cbas/repo/hyracks-storage-am-btree.jar:/opt/couchbase/lib/cbas/repo/hyracks-storage-am-common.jar:/opt/couchbase/lib/cbas/repo/hyracks-storage-am-lsm-btree.jar:/opt/couchbase/lib/cbas/repo/hyracks-storage-am-lsm-common.jar:/opt/couchbase/lib/cbas/repo/hyracks-storage-am-lsm-invertedindex.jar:/opt/couchbase/lib/cbas/repo/hyracks-storage-am-lsm-rtree.jar:/opt/couchbase/lib/cbas/repo/hyracks-storage-am-rtree.jar:/opt/couchbase/lib/cbas/repo/hyracks-storage-common.jar:/opt/couchbase/lib/cbas/repo/hyracks-util.jar:/opt/couchbase/lib/cbas/repo/ini4j-0.5.4.jar:/opt/couchbase/lib/cbas/repo/jackson-annotations-2.12.3.jar:/opt/couchbase/lib/cbas/repo/jackson-core-2.12.3.jar:/opt/couchbase/lib/cbas/repo/jackson-databind-2.12.3.jar:/opt/couchbase/lib/cbas/repo/log4j-api-2.17.1.jar:/opt/couchbase/lib/cbas/repo/log4j-core-2.17.1.jar:/opt/couchbase/lib/cbas/repo/log4j-jcl-2.17.1.jar:/opt/couchbase/lib/cbas/repo/log4j-jul-2.17.1.jar:/opt/couchbase/lib/cbas/repo/log4j-slf4j-impl-2.17.1.jar:/opt/couchbase/lib/cbas/repo/log4j-web-2.17.1.jar:/opt/couchbase/lib/cbas/repo/netty-all-4.1.63.Final.jar:/opt/couchbase/lib/cbas/repo/netty-nio-client-2.10.83.jar:/opt/couchbase/lib/cbas/repo/netty-reactive-streams-2.0.4.jar:/opt/couchbase/lib/cbas/repo/netty-reactive-streams-http-2.0.4.jar:/opt/couchbase/lib/cbas/repo/netty-tcnative-boringssl-static-2.0.39.Final.jar:/opt/couchbase/lib/cbas/repo/opentracing-api-0.31.0.jar:/opt/couchbase/lib/cbas/repo/profiles-2.10.83.jar:/opt/couchbase/lib/cbas/repo/protocol-core-2.10.83.jar:/opt/couchbase/lib/cbas/repo/reactive-streams-1.0.2.jar:/opt/couchbase/lib/cbas/repo/regions-2.10.83.jar:/opt/couchbase/lib/cbas/repo/rxjava-1.3.8.jar:/opt/couchbase/lib/cbas/repo/s3-2.10.83.jar:/opt/couchbase/lib/cbas/repo/sdk-core-2.10.83.jar:/opt/couchbase/lib/cbas/repo/slf4j-api-1.7.25.jar:/opt/couchbase/lib/cbas/repo/snappy-java-1.1.7.1.jar:/opt/couchbase/lib/cbas/repo/tpcds-1.2.jar:/opt/couchbase/lib/cbas/repo/utils-2.10.83.jar com.couchbase.analytics.control.AnalyticsDriver --jsonconfig /opt/couchbase/var/lib/couchbase/data/@analytics/v_iodevice_0/config.json --nc -node-id fc6bd4a2dd76337f941781c7d450e484 --cc]
2023-07-18T19:57:25.174+00:00 INFO CBAS.cbas analytics driver is running; pid: 542
2023-07-18T19:57:27.705+00:00 INFO CBAS.config.ConfigManager [main] no INI file specified; skipping parsing
2023-07-18T19:57:27.749+00:00 WARN CBAS.control.AnalyticsDriver [main] ignoring unknown option ccSslEnabled
2023-07-18T19:57:27.777+00:00 INFO CBAS.config.PropertiesAccessor [main] Build properties not found on classpath. Version API will return empty object
2023-07-18T19:57:27.981+00:00 INFO CBAS.nc.NodeControllerService [main] Setting uncaught exception handler org.apache.hyracks.api.lifecycle.LifeCycleComponentManager@5f462e3b
2023-07-18T19:57:28.151+00:00 INFO CBAS.config.ConfigManager [main] no command line args supplied
2023-07-18T19:57:28.153+00:00 INFO CBAS.config.ConfigManager [main] no INI file specified; skipping parsing
2023-07-18T19:57:28.163+00:00 INFO CBAS.config.ConfigManager [main] no command line args supplied
2023-07-18T19:57:28.171+00:00 WARN CBAS.control.AnalyticsDriver [main] ignoring unknown option ccSslEnabled
2023-07-18T19:57:28.183+00:00 INFO CBAS.config.PropertiesAccessor [main] Build properties not found on classpath. Version API will return empty object
2023-07-18T19:57:28.253+00:00 INFO CBAS.cc.ClusterControllerService [main] Starting ClusterControllerService: com.couchbase.analytics.bootstrap.AnalyticsClusterControllerService@6dd91637
2023-07-18T19:57:28.288+00:00 INFO CBAS.bootstrap.CCApplication [main] Starting Asterix cluster controller
2023-07-18T19:57:28.998+00:00 INFO CBAS.bootstrap.Auditor [main] bootstrapping auditor
2023-07-18T19:57:29.001+00:00 INFO CBAS.bootstrap.Auditor [Auditor refresh client] starting audit refresh
2023-07-18T19:57:29.281+00:00 INFO CBAS.bootstrap.Auditor [Executor-2:ClusterController] processing audit settings update: (uid now 38875673)
2023-07-18T19:57:29.340+00:00 INFO CBAS.bootstrap.Auditor [main] auditor bootstrap complete
2023-07-18T19:57:29.348+00:00 INFO CBAS.util.SingleThreadEventProcessor [ActiveNotificationHandler] Started ActiveNotificationHandler
2023-07-18T19:57:29.358+00:00 WARN CBAS.config.ConfigManager [main] NC option [nc] storage.compression.block being accessed outside of NC-scoped configuration.
2023-07-18T19:57:29.360+00:00 WARN CBAS.config.ConfigManager [main] NC option [nc] storage.compression.block being accessed outside of NC-scoped configuration.
2023-07-18T19:57:29.360+00:00 WARN CBAS.config.ConfigManager [main] NC option [nc] analytics.node.name being accessed outside of NC-scoped configuration.
2023-07-18T19:57:29.389+00:00 INFO CBAS.bootstrap.AsterixStateProxy [main] Asterix Distributed State Proxy Bound
2023-07-18T19:57:29.555+00:00 INFO CBAS.bootstrap.ClusterLifecycleListener [main] Starting cluster event handler
2023-07-18T19:57:29.577+00:00 INFO CBAS.cc.ClusterControllerService [main] Started ClusterControllerService
2023-07-18T19:57:29.589+00:00 INFO CBAS.bootstrap.MetadataLockDump [main] Metadata lock dumps will be included in diagnostics & periodic thread dumps
2023-07-18T19:57:29.589+00:00 INFO CBAS.nc.NodeControllerService [main] Starting NodeControllerService
2023-07-18T19:57:29.624+00:00 INFO CBAS.trace.Tracer [main] Initialize Tracer org.apache.hyracks.util.trace.Tracer.Traces.fc6bd4a2dd76337f941781c7d450e484
2023-07-18T19:57:29.631+00:00 INFO CBAS.trace.Tracer [main] Set categories for Tracer org.apache.hyracks.util.trace.Tracer.Traces.fc6bd4a2dd76337f941781c7d450e484 to []
2023-07-18T19:57:29.638+00:00 INFO CBAS.bootstrap.AnalyticsApplicationUtil [main] JVM properties: {"java.awt.graphicsenv":"sun.awt.X11GraphicsEnvironment","java.awt.printerjob":"sun.print.PSPrinterJob","java.class.path":"/opt/couchbase/lib/cbas/repo/algebricks-common.jar:/opt/couchbase/lib/cbas/repo/algebricks-compiler.jar:/opt/couchbase/lib/cbas/repo/algebricks-core.jar:/opt/couchbase/lib/cbas/repo/algebricks-data.jar:/opt/couchbase/lib/cbas/repo/algebricks-rewriter.jar:/opt/couchbase/lib/cbas/repo/algebricks-runtime.jar:/opt/couchbase/lib/cbas/repo/annotations-2.10.83.jar:/opt/couchbase/lib/cbas/repo/apache-client-2.10.83.jar:/opt/couchbase/lib/cbas/repo/args4j-2.33.jar:/opt/couchbase/lib/cbas/repo/arns-2.10.83.jar:/opt/couchbase/lib/cbas/repo/asterix-active.jar:/opt/couchbase/lib/cbas/repo/asterix-algebra.jar:/opt/couchbase/lib/cbas/repo/asterix-app.jar:/opt/couchbase/lib/cbas/repo/asterix-common.jar:/opt/couchbase/lib/cbas/repo/asterix-external-data.jar:/opt/couchbase/lib/cbas/repo/asterix-lang-aql.jar:/opt/couchbase/lib/cbas/repo/asterix-lang-common.jar:/opt/couchbase/lib/cbas/repo/asterix-lang-sqlpp.jar:/opt/couchbase/lib/cbas/repo/asterix-metadata.jar:/opt/couchbase/lib/cbas/repo/asterix-om.jar:/opt/couchbase/lib/cbas/repo/asterix-replication.jar:/opt/couchbase/lib/cbas/repo/asterix-runtime.jar:/opt/couchbase/lib/cbas/repo/asterix-transactions.jar:/opt/couchbase/lib/cbas/repo/auth-2.10.83.jar:/opt/couchbase/lib/cbas/repo/aws-core-2.10.83.jar:/opt/couchbase/lib/cbas/repo/aws-query-protocol-2.10.83.jar:/opt/couchbase/lib/cbas/repo/aws-xml-protocol-2.10.83.jar:/opt/couchbase/lib/cbas/repo/bcpkix-jdk15on-1.68.jar:/opt/couchbase/lib/cbas/repo/bcprov-jdk15on-1.68.jar:/opt/couchbase/lib/cbas/repo/cbas-common.jar:/opt/couchbase/lib/cbas/repo/cbas-connector.jar:/opt/couchbase/lib/cbas/repo/cbas-dcp-client.jar:/opt/couchbase/lib/cbas/repo/cbas-server.jar:/opt/couchbase/lib/cbas/repo/commons-codec-1.15.jar:/opt/couchbase/lib/cbas/repo/commons-collections4-4.4.jar:/opt/couchbase/lib/cbas/repo/commons-compress-1.20.jar:/opt/couchbase/lib/cbas/repo/commons-io-2.8.0.jar:/opt/couchbase/lib/cbas/repo/commons-lang3-3.12.0.jar:/opt/couchbase/lib/cbas/repo/commons-logging-1.2.jar:/opt/couchbase/lib/cbas/repo/commons-text-1.9.jar:/opt/couchbase/lib/cbas/repo/core-io-1.7.20.jar:/opt/couchbase/lib/cbas/repo/disruptor-1.2.15-jdk8.jar:/opt/couchbase/lib/cbas/repo/error_prone_annotations-2.3.4.jar:/opt/couchbase/lib/cbas/repo/esri-geometry-api-2.0.0.jar:/opt/couchbase/lib/cbas/repo/eventstream-1.0.1.jar:/opt/couchbase/lib/cbas/repo/failureaccess-1.0.1.jar:/opt/couchbase/lib/cbas/repo/fastutil-8.3.0.jar:/opt/couchbase/lib/cbas/repo/guava-30.1-jre.jar:/opt/couchbase/lib/cbas/repo/http-client-spi-2.10.83.jar:/opt/couchbase/lib/cbas/repo/httpclient-4.5.13.jar:/opt/couchbase/lib/cbas/repo/httpcore-4.4.14.jar:/opt/couchbase/lib/cbas/repo/hyracks-api.jar:/opt/couchbase/lib/cbas/repo/hyracks-client.jar:/opt/couchbase/lib/cbas/repo/hyracks-comm.jar:/opt/couchbase/lib/cbas/repo/hyracks-control-cc.jar:/opt/couchbase/lib/cbas/repo/hyracks-control-common.jar:/opt/couchbase/lib/cbas/repo/hyracks-control-nc.jar:/opt/couchbase/lib/cbas/repo/hyracks-data-std.jar:/opt/couchbase/lib/cbas/repo/hyracks-dataflow-common.jar:/opt/couchbase/lib/cbas/repo/hyracks-dataflow-std.jar:/opt/couchbase/lib/cbas/repo/hyracks-http.jar:/opt/couchbase/lib/cbas/repo/hyracks-ipc.jar:/opt/couchbase/lib/cbas/repo/hyracks-net.jar:/opt/couchbase/lib/cbas/repo/hyracks-storage-am-bloomfilter.jar:/opt/couchbase/lib/cbas/repo/hyracks-storage-am-btree.jar:/opt/couchbase/lib/cbas/repo/hyracks-storage-am-common.jar:/opt/couchbase/lib/cbas/repo/hyracks-storage-am-lsm-btree.jar:/opt/couchbase/lib/cbas/repo/hyracks-storage-am-lsm-common.jar:/opt/couchbase/lib/cbas/repo/hyracks-storage-am-lsm-invertedindex.jar:/opt/couchbase/lib/cbas/repo/hyracks-storage-am-lsm-rtree.jar:/opt/couchbase/lib/cbas/repo/hyracks-storage-am-rtree.jar:/opt/couchbase/lib/cbas/repo/hyracks-storage-common.jar:/opt/couchbase/lib/cbas/repo/hyracks-util.jar:/opt/couchbase/lib/cbas/repo/ini4j-0.5.4.jar:/opt/couchbase/lib/cbas/repo/jackson-annotations-2.12.3.jar:/opt/couchbase/lib/cbas/repo/jackson-core-2.12.3.jar:/opt/couchbase/lib/cbas/repo/jackson-databind-2.12.3.jar:/opt/couchbase/lib/cbas/repo/log4j-api-2.17.1.jar:/opt/couchbase/lib/cbas/repo/log4j-core-2.17.1.jar:/opt/couchbase/lib/cbas/repo/log4j-jcl-2.17.1.jar:/opt/couchbase/lib/cbas/repo/log4j-jul-2.17.1.jar:/opt/couchbase/lib/cbas/repo/log4j-slf4j-impl-2.17.1.jar:/opt/couchbase/lib/cbas/repo/log4j-web-2.17.1.jar:/opt/couchbase/lib/cbas/repo/netty-all-4.1.63.Final.jar:/opt/couchbase/lib/cbas/repo/netty-nio-client-2.10.83.jar:/opt/couchbase/lib/cbas/repo/netty-reactive-streams-2.0.4.jar:/opt/couchbase/lib/cbas/repo/netty-reactive-streams-http-2.0.4.jar:/opt/couchbase/lib/cbas/repo/netty-tcnative-boringssl-static-2.0.39.Final.jar:/opt/couchbase/lib/cbas/repo/opentracing-api-0.31.0.jar:/opt/couchbase/lib/cbas/repo/profiles-2.10.83.jar:/opt/couchbase/lib/cbas/repo/protocol-core-2.10.83.jar:/opt/couchbase/lib/cbas/repo/reactive-streams-1.0.2.jar:/opt/couchbase/lib/cbas/repo/regions-2.10.83.jar:/opt/couchbase/lib/cbas/repo/rxjava-1.3.8.jar:/opt/couchbase/lib/cbas/repo/s3-2.10.83.jar:/opt/couchbase/lib/cbas/repo/sdk-core-2.10.83.jar:/opt/couchbase/lib/cbas/repo/slf4j-api-1.7.25.jar:/opt/couchbase/lib/cbas/repo/snappy-java-1.1.7.1.jar:/opt/couchbase/lib/cbas/repo/tpcds-1.2.jar:/opt/couchbase/lib/cbas/repo/utils-2.10.83.jar","java.class.version":"55.0","java.home":"/opt/couchbase/lib/cbas/runtime","java.io.tmpdir":"/opt/couchbase/var/lib/couchbase/tmp","java.library.path":"/opt/couchbase/lib:/opt/couchbase/lib/memcached::/usr/java/packages/lib:/usr/lib64:/lib64:/lib:/usr/lib","java.net.preferIPv6Addresses":"false","java.rmi.server.hostname":"127.0.0.1","java.runtime.name":"OpenJDK Runtime Environment","java.runtime.version":"11.0.11+9","java.specification.name":"Java Platform API Specification","java.specification.vendor":"Oracle Corporation","java.specification.version":"11","java.util.logging.manager":"org.apache.logging.log4j.jul.LogManager","java.vendor":"AdoptOpenJDK","java.vendor.url":"https://adoptopenjdk.net/","java.vendor.url.bug":"https://github.com/AdoptOpenJDK/openjdk-support/issues","java.vendor.version":"AdoptOpenJDK-11.0.11+9","java.version":"11.0.11","java.version.date":"2021-04-20","java.vm.compressedOopsMode":"32-bit","java.vm.info":"mixed mode","java.vm.name":"OpenJDK 64-Bit Server VM","java.vm.specification.name":"Java Virtual Machine Specification","java.vm.specification.vendor":"Oracle Corporation","java.vm.specification.version":"11","java.vm.vendor":"AdoptOpenJDK","java.vm.version":"11.0.11+9"}
2023-07-18T19:57:29.660+00:00 INFO CBAS.config.PropertiesAccessor [main] Build properties not found on classpath. Version API will return empty object
2023-07-18T19:57:29.666+00:00 INFO CBAS.bootstrap.AnalyticsNCApplication [main] Starting Couchbase Analytics driver, version: {"build.date":"Tue Jan 18 23:39:13 GMT 2022","build.number":"10080","build.version":"6.6.5-10080"}
2023-07-18T19:57:29.667+00:00 INFO CBAS.bootstrap.NCApplication [main] Starting Asterix node controller: fc6bd4a2dd76337f941781c7d450e484
2023-07-18T19:57:29.740+00:00 INFO CBAS.nc.TransactionSubsystem [main] Checkpoint Properties: {"class" : "CheckpointProperties", "checkpoint-dir-path" : "/opt/couchbase/var/lib/couchbase/data/@analytics/v_iodevice_0/txn-log", "lsn-threshold" : 67108864, "poll-frequency" : 120, "history-to-keep" : 2, "dataset-checkpoint-interval" : 3600}
2023-07-18T19:57:29.743+00:00 INFO CBAS.recovery.AbstractCheckpointManager [main] Checkpoint directory = /opt/couchbase/var/lib/couchbase/data/@analytics/v_iodevice_0/txn-log
2023-07-18T19:57:29.743+00:00 INFO CBAS.recovery.AbstractCheckpointManager [main] Checkpoint directory /opt/couchbase/var/lib/couchbase/data/@analytics/v_iodevice_0/txn-log/ didn't exist. Creating one
2023-07-18T19:57:29.744+00:00 INFO CBAS.recovery.AbstractCheckpointManager [main] Getting latest checkpoint
2023-07-18T19:57:29.746+00:00 INFO CBAS.recovery.AbstractCheckpointManager [main] Listing of files in the checkpoint dir returned empty
2023-07-18T19:57:29.751+00:00 INFO CBAS.logging.LogManager [main] the log dir (/opt/couchbase/var/lib/couchbase/data/@analytics/v_iodevice_0/txn-log) is empty. returning empty list
2023-07-18T19:57:29.763+00:00 INFO CBAS.logging.LogManager [main] Created log file /opt/couchbase/var/lib/couchbase/data/@analytics/v_iodevice_0/txn-log/transaction_log_0
2023-07-18T19:57:29.763+00:00 INFO CBAS.logging.LogManager [main] initializing log anchor with log file Id: 0 at offset: 0
2023-07-18T19:57:29.763+00:00 INFO CBAS.logging.LogManager [main] LogManager starts logging in LSN: 0
2023-07-18T19:57:29.769+00:00 INFO CBAS.recovery.AbstractCheckpointManager [main] Getting latest checkpoint
2023-07-18T19:57:29.770+00:00 INFO CBAS.recovery.AbstractCheckpointManager [main] Listing of files in the checkpoint dir returned empty
2023-07-18T19:57:29.770+00:00 INFO CBAS.nc.RecoveryManager [main] The checkpoint file doesn't exist: systemState = PERMANENT_DATA_LOSS
2023-07-18T19:57:29.771+00:00 WARN CBAS.nc.NCAppRuntimeContext [main] Deleting the storage dir. initialRun = false, systemState = PERMANENT_DATA_LOSS
2023-07-18T19:57:29.795+00:00 INFO CBAS.recovery.AbstractCheckpointManager [main] Getting latest checkpoint
2023-07-18T19:57:29.795+00:00 INFO CBAS.recovery.AbstractCheckpointManager [main] Listing of files in the checkpoint dir returned empty
2023-07-18T19:57:29.795+00:00 INFO CBAS.recovery.AbstractCheckpointManager [main] Getting latest checkpoint
2023-07-18T19:57:29.796+00:00 INFO CBAS.recovery.AbstractCheckpointManager [main] Listing of files in the checkpoint dir returned empty
2023-07-18T19:57:29.796+00:00 INFO CBAS.nc.RecoveryManager [main] The checkpoint file doesn't exist: systemState = PERMANENT_DATA_LOSS
2023-07-18T19:57:29.796+00:00 INFO CBAS.bootstrap.NCApplication [main] System state: PERMANENT_DATA_LOSS
2023-07-18T19:57:29.796+00:00 INFO CBAS.bootstrap.NCApplication [main] Node ID: fc6bd4a2dd76337f941781c7d450e484
2023-07-18T19:57:29.797+00:00 INFO CBAS.bootstrap.NCApplication [main] Stores: {fc6bd4a2dd76337f941781c7d450e484=[/opt/couchbase/var/lib/couchbase/data/@analytics/v_iodevice_0/storage]}
2023-07-18T19:57:29.833+00:00 INFO CBAS.nc.NodeControllerService [main] addCc: /127.0.0.1:9112
2023-07-18T19:57:29.843+00:00 INFO CBAS.nc.NodeControllerService [main] Registering with Cluster Controller ClusterControllerRemoteProxy [/127.0.0.1:9112]
2023-07-18T19:57:29.893+00:00 INFO CBAS.work.RegisterNodeWork [Worker:ClusterController] registering node: fc6bd4a2dd76337f941781c7d450e484
2023-07-18T19:57:29.901+00:00 WARN CBAS.cluster.NodeManager [Worker:ClusterController] +addNode: fc6bd4a2dd76337f941781c7d450e484
2023-07-18T19:57:29.903+00:00 INFO CBAS.cluster.NodeManager [Worker:ClusterController] adding node to registry
2023-07-18T19:57:29.905+00:00 INFO CBAS.cluster.NodeManager [Worker:ClusterController] updating cluster capacity
2023-07-18T19:57:29.909+00:00 INFO CBAS.work.RegisterNodeWork [Worker:ClusterController] registered node: fc6bd4a2dd76337f941781c7d450e484
2023-07-18T19:57:29.911+00:00 INFO CBAS.bootstrap.ClusterLifecycleListener [Worker:ClusterController] NC: fc6bd4a2dd76337f941781c7d450e484 joined
2023-07-18T19:57:29.913+00:00 INFO CBAS.utils.ClusterStateManager [Worker:ClusterController] Registering configuration parameters for node id fc6bd4a2dd76337f941781c7d450e484
2023-07-18T19:57:29.999+00:00 INFO CBAS.nc.NodeControllerService [main] Registering with Cluster Controller ClusterControllerRemoteProxy [/127.0.0.1:9112] completed
2023-07-18T19:57:30.005+00:00 INFO CBAS.nc.NodeControllerService [main] Started NodeControllerService
2023-07-18T19:57:30.013+00:00 INFO CBAS.util.ExitUtil [main] successfully registered shutdown hook Thread[ShutdownHook-fc6bd4a2dd76337f941781c7d450e484,5,main]
2023-07-18T19:57:30.013+00:00 INFO CBAS.work.AbortAllJobsWork [Worker:fc6bd4a2dd76337f941781c7d450e484] Aborting all tasks for controller CC:0
2023-07-18T19:57:30.030+00:00 INFO CBAS.work.EnsureAllCcTasksCompleted [Executor-11:fc6bd4a2dd76337f941781c7d450e484] Ensuring all tasks of CC CC:0 have completed
2023-07-18T19:57:30.044+00:00 INFO CBAS.work.EnsureAllCcTasksCompleted [Executor-11:fc6bd4a2dd76337f941781c7d450e484] all tasks of CC CC:0 have completed
2023-07-18T19:57:30.993+00:00 WARN CBAS.server.AnalyticsHttpsServerInitializer [main] Configured SSL Context using configuration {"certificatePath":"/opt/couchbase/var/lib/couchbase/config/memcached-cert.pem","privateKeyPath":"/opt/couchbase/var/lib/couchbase/config/memcached-key.pem","clientCertAuthType":"NONE","supportedCiphers":["TLS_ECDHE_ECDSA_WITH_AES_256_GCM_SHA384","TLS_ECDHE_ECDSA_WITH_AES_128_GCM_SHA256","TLS_ECDHE_RSA_WITH_AES_256_GCM_SHA384","TLS_ECDHE_RSA_WITH_AES_128_GCM_SHA256","TLS_ECDHE_ECDSA_WITH_AES_256_CBC_SHA","TLS_ECDHE_RSA_WITH_AES_256_CBC_SHA","TLS_RSA_WITH_AES_256_CBC_SHA","TLS_RSA_WITH_AES_128_CBC_SHA"],"minTlsVersion":1.0,"preferServerCipherSuites":true,"supportedProtocols":["TLSv1","TLSv1.1","TLSv1.2"],"clientAuth":"NONE"} and native openssl version: BoringSSL-269488255
2023-07-18T19:57:31.000+00:00 INFO CBAS.bootstrap.NsServerHelper [main] starting coordinator service
2023-07-18T19:57:31.000+00:00 INFO CBAS.recovery.AbstractCheckpointManager [Executor-11:fc6bd4a2dd76337f941781c7d450e484] Getting latest checkpoint
2023-07-18T19:57:31.000+00:00 INFO CBAS.recovery.AbstractCheckpointManager [Executor-11:fc6bd4a2dd76337f941781c7d450e484] Listing of files in the checkpoint dir returned empty
2023-07-18T19:57:31.001+00:00 INFO CBAS.nc.RecoveryManager [Executor-11:fc6bd4a2dd76337f941781c7d450e484] The checkpoint file doesn't exist: systemState = PERMANENT_DATA_LOSS
2023-07-18T19:57:31.010+00:00 INFO CBAS.cbas starting coordinator
2023-07-18T19:57:31.010+00:00 INFO CBAS.cbas Starting replicas monitor
2023-07-18T19:57:31.010+00:00 INFO CBAS.cbas Starting clusterCompatibility monitor
2023-07-18T19:57:31.011+00:00 INFO CBAS.bootstrap.NsServerHelper [main] Coordinator service started
2023-07-18T19:57:31.015+00:00 INFO CBAS.bootstrap.DeadlockWatchdog [main] The deadlock watchdog started at 300s frequency
2023-07-18T19:57:31.042+00:00 INFO CBAS.bootstrap.PeriodicThreadDump [main] Periodic thread dumps will be logged at DEBUG level every 300 seconds
2023-07-18T19:57:31.046+00:00 INFO CBAS.messaging.CCMessageBroker [Executor-4:ClusterController] Received message: org.apache.asterix.app.replication.message.RegistrationTasksRequestMessage@bbd0068
2023-07-18T19:57:31.047+00:00 INFO CBAS.replication.NcLifecycleCoordinator [Executor-4:ClusterController] Building registration tasks for node fc6bd4a2dd76337f941781c7d450e484 with status IDLE and system state: BOOTSTRAPPING
2023-07-18T19:57:31.062+00:00 INFO CBAS.messaging.NCMessageBroker [Worker:fc6bd4a2dd76337f941781c7d450e484] Received message: org.apache.asterix.app.replication.message.RegistrationTasksResponseMessage@2b984301
2023-07-18T19:57:31.063+00:00 INFO CBAS.message.RegistrationTasksResponseMessage [Executor-11:fc6bd4a2dd76337f941781c7d450e484] Starting startup task: { "class" : "UpdateNodeStatusTask" }
2023-07-18T19:57:31.063+00:00 INFO CBAS.message.RegistrationTasksResponseMessage [Executor-11:fc6bd4a2dd76337f941781c7d450e484] Completed startup task: { "class" : "UpdateNodeStatusTask" }
2023-07-18T19:57:31.064+00:00 INFO CBAS.message.RegistrationTasksResponseMessage [Executor-11:fc6bd4a2dd76337f941781c7d450e484] Starting startup task: { "class" : "StartReplicationServiceTask" }
2023-07-18T19:57:31.065+00:00 INFO CBAS.message.RegistrationTasksResponseMessage [Executor-11:fc6bd4a2dd76337f941781c7d450e484] Completed startup task: { "class" : "StartReplicationServiceTask" }
2023-07-18T19:57:31.065+00:00 INFO CBAS.message.RegistrationTasksResponseMessage [Executor-11:fc6bd4a2dd76337f941781c7d450e484] Starting startup task: { "class" : "MetadataBootstrapTask" }
2023-07-18T19:57:31.067+00:00 INFO CBAS.recovery.AbstractCheckpointManager [Executor-11:fc6bd4a2dd76337f941781c7d450e484] Getting latest checkpoint
2023-07-18T19:57:31.071+00:00 INFO CBAS.recovery.AbstractCheckpointManager [Executor-11:fc6bd4a2dd76337f941781c7d450e484] Listing of files in the checkpoint dir returned empty
2023-07-18T19:57:31.071+00:00 INFO CBAS.nc.RecoveryManager [Executor-11:fc6bd4a2dd76337f941781c7d450e484] The checkpoint file doesn't exist: systemState = PERMANENT_DATA_LOSS
2023-07-18T19:57:31.071+00:00 INFO CBAS.nc.NCAppRuntimeContext [Executor-11:fc6bd4a2dd76337f941781c7d450e484] Bootstrapping metadata
2023-07-18T19:57:31.074+00:00 INFO CBAS.management.ReplicationChannel [fc6bd4a2dd76337f941781c7d450e484 Replication Channel Thread] opened Replication Channel @ IP Address: 0.0.0.0:9120
2023-07-18T19:57:31.080+00:00 INFO CBAS.metadata.CachingTxnIdFactory [Executor-11:fc6bd4a2dd76337f941781c7d450e484] block exhausted; obtaining new block from supplier
2023-07-18T19:57:31.087+00:00 INFO CBAS.messaging.CCMessageBroker [Executor-4:ClusterController] Received message: TxnIdBlockRequest
2023-07-18T19:57:31.089+00:00 INFO CBAS.messaging.NCMessageBroker [Worker:fc6bd4a2dd76337f941781c7d450e484] Received message: TxnIdBlockResponse
2023-07-18T19:57:31.105+00:00 INFO CBAS.context.DatasetMemoryManager [Executor-11:fc6bd4a2dd76337f941781c7d450e484] Reserved(1048576) for dataset(1)
2023-07-18T19:57:31.199+00:00 INFO CBAS.context.DatasetMemoryManager [Executor-11:fc6bd4a2dd76337f941781c7d450e484] Reserved(1048576) for dataset(2)
2023-07-18T19:57:31.205+00:00 INFO CBAS.context.DatasetMemoryManager [Executor-11:fc6bd4a2dd76337f941781c7d450e484] Reserved(1048576) for dataset(3)
2023-07-18T19:57:31.210+00:00 INFO CBAS.context.DatasetMemoryManager [Executor-11:fc6bd4a2dd76337f941781c7d450e484] Reserved(1048576) for dataset(4)
2023-07-18T19:57:31.215+00:00 INFO CBAS.context.DatasetMemoryManager [Executor-11:fc6bd4a2dd76337f941781c7d450e484] Reserved(1048576) for dataset(5)
2023-07-18T19:57:31.218+00:00 INFO CBAS.context.DatasetMemoryManager [Executor-11:fc6bd4a2dd76337f941781c7d450e484] Reserved(1048576) for dataset(6)
2023-07-18T19:57:31.225+00:00 INFO CBAS.context.DatasetMemoryManager [Executor-11:fc6bd4a2dd76337f941781c7d450e484] Reserved(1048576) for dataset(7)
2023-07-18T19:57:31.228+00:00 INFO CBAS.context.DatasetMemoryManager [Executor-11:fc6bd4a2dd76337f941781c7d450e484] Reserved(1048576) for dataset(8)
2023-07-18T19:57:31.232+00:00 INFO CBAS.context.DatasetMemoryManager [Executor-11:fc6bd4a2dd76337f941781c7d450e484] Reserved(1048576) for dataset(10)
2023-07-18T19:57:31.237+00:00 INFO CBAS.context.DatasetMemoryManager [Executor-11:fc6bd4a2dd76337f941781c7d450e484] Reserved(1048576) for dataset(12)
2023-07-18T19:57:31.243+00:00 INFO CBAS.context.DatasetMemoryManager [Executor-11:fc6bd4a2dd76337f941781c7d450e484] Reserved(1048576) for dataset(9)
2023-07-18T19:57:31.249+00:00 INFO CBAS.context.DatasetMemoryManager [Executor-11:fc6bd4a2dd76337f941781c7d450e484] Reserved(1048576) for dataset(13)
2023-07-18T19:57:31.254+00:00 INFO CBAS.context.DatasetMemoryManager [Executor-11:fc6bd4a2dd76337f941781c7d450e484] Reserved(1048576) for dataset(14)
2023-07-18T19:57:31.258+00:00 INFO CBAS.context.DatasetMemoryManager [Executor-11:fc6bd4a2dd76337f941781c7d450e484] Reserved(1048576) for dataset(11)
2023-07-18T19:57:31.264+00:00 INFO CBAS.bootstrap.MetadataBootstrap [Executor-11:fc6bd4a2dd76337f941781c7d450e484] Finished enlistment of metadata B-trees in new universe
2023-07-18T19:57:31.371+00:00 INFO CBAS.bootstrap.MetadataBootstrap [Executor-11:fc6bd4a2dd76337f941781c7d450e484] Finished inserting initial datasets.
2023-07-18T19:57:31.481+00:00 INFO CBAS.bootstrap.MetadataBootstrap [Executor-11:fc6bd4a2dd76337f941781c7d450e484] Finished inserting initial datatypes.
2023-07-18T19:57:31.490+00:00 INFO CBAS.bootstrap.MetadataBootstrap [Executor-11:fc6bd4a2dd76337f941781c7d450e484] Finished inserting built-in adapters.
2023-07-18T19:57:31.500+00:00 INFO CBAS.feeds.BuiltinFeedPolicies [Executor-11:fc6bd4a2dd76337f941781c7d450e484] Finished adding built-in feed policies.
2023-07-18T19:57:31.506+00:00 INFO CBAS.bootstrap.MetadataBootstrap [Executor-11:fc6bd4a2dd76337f941781c7d450e484] Finished creating metadata B-trees.
2023-07-18T19:57:31.514+00:00 INFO CBAS.bootstrap.MetadataBootstrap [Executor-11:fc6bd4a2dd76337f941781c7d450e484] Starting DDL recovery ...
2023-07-18T19:57:31.547+00:00 INFO CBAS.bootstrap.MetadataBootstrap [Executor-11:fc6bd4a2dd76337f941781c7d450e484] Completed DDL recovery.
2023-07-18T19:57:31.547+00:00 INFO CBAS.context.DatasetMemoryManager [Executor-11:fc6bd4a2dd76337f941781c7d450e484] Reserved(1048576) for dataset(53)
2023-07-18T19:57:31.554+00:00 INFO CBAS.context.DatasetMemoryManager [Executor-11:fc6bd4a2dd76337f941781c7d450e484] Reserved(1048576) for dataset(52)
2023-07-18T19:57:31.567+00:00 INFO CBAS.bootstrap.MetadataBootstrap [Executor-11:fc6bd4a2dd76337f941781c7d450e484] Finished inserting initial datasets.
2023-07-18T19:57:31.577+00:00 INFO CBAS.nc.NCAppRuntimeContext [Executor-11:fc6bd4a2dd76337f941781c7d450e484] Metadata node bound
2023-07-18T19:57:31.578+00:00 INFO CBAS.message.RegistrationTasksResponseMessage [Executor-11:fc6bd4a2dd76337f941781c7d450e484] Completed startup task: { "class" : "MetadataBootstrapTask" }
2023-07-18T19:57:31.580+00:00 INFO CBAS.message.RegistrationTasksResponseMessage [Executor-11:fc6bd4a2dd76337f941781c7d450e484] Starting startup task: { "class" : "ExternalLibrarySetupTask", "metadata-node" : true }
2023-07-18T19:57:31.580+00:00 INFO CBAS.message.RegistrationTasksResponseMessage [Executor-11:fc6bd4a2dd76337f941781c7d450e484] Completed startup task: { "class" : "ExternalLibrarySetupTask", "metadata-node" : true }
2023-07-18T19:57:31.580+00:00 INFO CBAS.message.RegistrationTasksResponseMessage [Executor-11:fc6bd4a2dd76337f941781c7d450e484] Starting startup task: { "class" : "CheckpointTask" }
2023-07-18T19:57:31.580+00:00 INFO CBAS.recovery.CheckpointManager [Executor-11:fc6bd4a2dd76337f941781c7d450e484] Starting sharp checkpoint...
2023-07-18T19:57:31.607+00:00 INFO CBAS.impls.AbstractLSMIndex [Executor-12:fc6bd4a2dd76337f941781c7d450e484] Flushing component with id: [1,1] in the index {"class" : "LSMBTree", "dir" : "/opt/couchbase/var/lib/couchbase/data/@analytics/v_iodevice_0/storage/partition_0/Metadata/Dataverse/0/Dataverse", "memory" : [{"class":"LSMBTreeMemoryComponent", "state":"READABLE_UNWRITABLE_FLUSHING", "writers":0, "readers":1, "pendingFlushes":0, "id":"[1,1]"}, {"class":"LSMBTreeMemoryComponent", "state":"INACTIVE", "writers":0, "readers":0, "pendingFlushes":0, "id":"null"}], "disk" : 0, "num-scheduled-flushes":1, "current-memory-component":1}
2023-07-18T19:57:31.657+00:00 INFO CBAS.impls.AbstractLSMIndex [Executor-12:fc6bd4a2dd76337f941781c7d450e484] Flushing component with id: [1,1] in the index {"class" : "LSMBTree", "dir" : "/opt/couchbase/var/lib/couchbase/data/@analytics/v_iodevice_0/storage/partition_0/Metadata/Dataset/0/Dataset", "memory" : [{"class":"LSMBTreeMemoryComponent", "state":"READABLE_UNWRITABLE_FLUSHING", "writers":0, "readers":1, "pendingFlushes":0, "id":"[1,1]"}, {"class":"LSMBTreeMemoryComponent", "state":"INACTIVE", "writers":0, "readers":0, "pendingFlushes":0, "id":"null"}], "disk" : 0, "num-scheduled-flushes":1, "current-memory-component":1}
2023-07-18T19:57:31.671+00:00 INFO CBAS.impls.AbstractLSMIndex [Executor-12:fc6bd4a2dd76337f941781c7d450e484] Flushing component with id: [1,1] in the index {"class" : "LSMBTree", "dir" : "/opt/couchbase/var/lib/couchbase/data/@analytics/v_iodevice_0/storage/partition_0/Metadata/Datatype/0/Datatype", "memory" : [{"class":"LSMBTreeMemoryComponent", "state":"READABLE_UNWRITABLE_FLUSHING", "writers":0, "readers":1, "pendingFlushes":0, "id":"[1,1]"}, {"class":"LSMBTreeMemoryComponent", "state":"INACTIVE", "writers":0, "readers":0, "pendingFlushes":0, "id":"null"}], "disk" : 0, "num-scheduled-flushes":1, "current-memory-component":1}
2023-07-18T19:57:31.703+00:00 INFO CBAS.impls.AbstractLSMIndex [Executor-12:fc6bd4a2dd76337f941781c7d450e484] Flushing component with id: [1,1] in the index {"class" : "LSMBTree", "dir" : "/opt/couchbase/var/lib/couchbase/data/@analytics/v_iodevice_0/storage/partition_0/Metadata/Index/0/Index", "memory" : [{"class":"LSMBTreeMemoryComponent", "state":"READABLE_UNWRITABLE_FLUSHING", "writers":0, "readers":1, "pendingFlushes":0, "id":"[1,1]"}, {"class":"LSMBTreeMemoryComponent", "state":"INACTIVE", "writers":0, "readers":0, "pendingFlushes":0, "id":"null"}], "disk" : 0, "num-scheduled-flushes":1, "current-memory-component":1}
2023-07-18T19:57:31.719+00:00 INFO CBAS.impls.AbstractLSMIndex [Executor-12:fc6bd4a2dd76337f941781c7d450e484] Flushing component with id: [1,1] in the index {"class" : "LSMBTree", "dir" : "/opt/couchbase/var/lib/couchbase/data/@analytics/v_iodevice_0/storage/partition_0/Metadata/Node/0/Node", "memory" : [{"class":"LSMBTreeMemoryComponent", "state":"READABLE_UNWRITABLE_FLUSHING", "writers":0, "readers":1, "pendingFlushes":0, "id":"[1,1]"}, {"class":"LSMBTreeMemoryComponent", "state":"INACTIVE", "writers":0, "readers":0, "pendingFlushes":0, "id":"null"}], "disk" : 0, "num-scheduled-flushes":1, "current-memory-component":1}
2023-07-18T19:57:31.731+00:00 INFO CBAS.impls.AbstractLSMIndex [Executor-12:fc6bd4a2dd76337f941781c7d450e484] Flushing component with id: [1,1] in the index {"class" : "LSMBTree", "dir" : "/opt/couchbase/var/lib/couchbase/data/@analytics/v_iodevice_0/storage/partition_0/Metadata/Nodegroup/0/Nodegroup", "memory" : [{"class":"LSMBTreeMemoryComponent", "state":"READABLE_UNWRITABLE_FLUSHING", "writers":0, "readers":1, "pendingFlushes":0, "id":"[1,1]"}, {"class":"LSMBTreeMemoryComponent", "state":"INACTIVE", "writers":0, "readers":0, "pendingFlushes":0, "id":"null"}], "disk" : 0, "num-scheduled-flushes":1, "current-memory-component":1}
2023-07-18T19:57:31.743+00:00 INFO CBAS.impls.AbstractLSMIndex [Executor-12:fc6bd4a2dd76337f941781c7d450e484] Flushing component with id: [1,1] in the index {"class" : "LSMBTree", "dir" : "/opt/couchbase/var/lib/couchbase/data/@analytics/v_iodevice_0/storage/partition_0/Metadata/DatasourceAdapter/0/DatasourceAdapter", "memory" : [{"class":"LSMBTreeMemoryComponent", "state":"READABLE_UNWRITABLE_FLUSHING", "writers":0, "readers":1, "pendingFlushes":0, "id":"[1,1]"}, {"class":"LSMBTreeMemoryComponent", "state":"INACTIVE", "writers":0, "readers":0, "pendingFlushes":0, "id":"null"}], "disk" : 0, "num-scheduled-flushes":1, "current-memory-component":1}
2023-07-18T19:57:31.757+00:00 INFO CBAS.impls.AbstractLSMIndex [Executor-12:fc6bd4a2dd76337f941781c7d450e484] Flushing component with id: [1,1] in the index {"class" : "LSMBTree", "dir" : "/opt/couchbase/var/lib/couchbase/data/@analytics/v_iodevice_0/storage/partition_0/Metadata/FeedPolicy/0/FeedPolicy", "memory" : [{"class":"LSMBTreeMemoryComponent", "state":"READABLE_UNWRITABLE_FLUSHING", "writers":0, "readers":1, "pendingFlushes":0, "id":"[1,1]"}, {"class":"LSMBTreeMemoryComponent", "state":"INACTIVE", "writers":0, "readers":0, "pendingFlushes":0, "id":"null"}], "disk" : 0, "num-scheduled-flushes":1, "current-memory-component":1}
2023-07-18T19:57:31.770+00:00 INFO CBAS.impls.AbstractLSMIndex [Executor-12:fc6bd4a2dd76337f941781c7d450e484] Flushing component with id: [1,1] in the index {"class" : "LSMBTree", "dir" : "/opt/couchbase/var/lib/couchbase/data/@analytics/v_iodevice_0/storage/partition_0/Metadata/CompactionPolicy/0/CompactionPolicy", "memory" : [{"class":"LSMBTreeMemoryComponent", "state":"READABLE_UNWRITABLE_FLUSHING", "writers":0, "readers":1, "pendingFlushes":0, "id":"[1,1]"}, {"class":"LSMBTreeMemoryComponent", "state":"INACTIVE", "writers":0, "readers":0, "pendingFlushes":0, "id":"null"}], "disk" : 0, "num-scheduled-flushes":1, "current-memory-component":1}
2023-07-18T19:57:31.794+00:00 INFO CBAS.impls.AbstractLSMIndex [Executor-12:fc6bd4a2dd76337f941781c7d450e484] Flushing component with id: [1,1] in the index {"class" : "LSMBTree", "dir" : "/opt/couchbase/var/lib/couchbase/data/@analytics/v_iodevice_0/storage/partition_0/Metadata/Link/0/Link", "memory" : [{"class":"LSMBTreeMemoryComponent", "state":"READABLE_UNWRITABLE_FLUSHING", "writers":0, "readers":1, "pendingFlushes":0, "id":"[1,1]"}, {"class":"LSMBTreeMemoryComponent", "state":"INACTIVE", "writers":0, "readers":0, "pendingFlushes":0, "id":"null"}], "disk" : 0, "num-scheduled-flushes":1, "current-memory-component":1}
2023-07-18T19:57:31.801+00:00 INFO CBAS.recovery.AbstractCheckpointManager [Executor-11:fc6bd4a2dd76337f941781c7d450e484] Listing of files in the checkpoint dir returned empty
2023-07-18T19:57:31.812+00:00 INFO CBAS.recovery.AbstractCheckpointManager [Executor-11:fc6bd4a2dd76337f941781c7d450e484] Persisting checkpoint file to /opt/couchbase/var/lib/couchbase/data/@analytics/v_iodevice_0/txn-log/checkpoint_0 which doesn't exist yet
2023-07-18T19:57:31.816+00:00 INFO CBAS.recovery.AbstractCheckpointManager [Executor-11:fc6bd4a2dd76337f941781c7d450e484] Completed persisting checkpoint file to /opt/couchbase/var/lib/couchbase/data/@analytics/v_iodevice_0/txn-log/checkpoint_0 which now exists
2023-07-18T19:57:31.816+00:00 INFO CBAS.recovery.AbstractCheckpointManager [Executor-11:fc6bd4a2dd76337f941781c7d450e484] Listing of files in the checkpoint dir returned [/opt/couchbase/var/lib/couchbase/data/@analytics/v_iodevice_0/txn-log/checkpoint_0]
2023-07-18T19:57:31.816+00:00 WARN CBAS.recovery.AbstractCheckpointManager [Executor-11:fc6bd4a2dd76337f941781c7d450e484] Reading checkpoint file: /opt/couchbase/var/lib/couchbase/data/@analytics/v_iodevice_0/txn-log/checkpoint_0
2023-07-18T19:57:31.817+00:00 INFO CBAS.logging.LogManager [Executor-11:fc6bd4a2dd76337f941781c7d450e484] Terminating LogFlusher thread ...
2023-07-18T19:57:31.818+00:00 INFO CBAS.logging.LogManager [Executor-11:fc6bd4a2dd76337f941781c7d450e484] LogFlusher thread is terminated.
2023-07-18T19:57:31.819+00:00 INFO CBAS.logging.LogManager [Executor-11:fc6bd4a2dd76337f941781c7d450e484] closing current log file with id(0)
2023-07-18T19:57:31.820+00:00 INFO CBAS.logging.LogManager [Executor-11:fc6bd4a2dd76337f941781c7d450e484] Created log file /opt/couchbase/var/lib/couchbase/data/@analytics/v_iodevice_0/txn-log/transaction_log_1
2023-07-18T19:57:31.820+00:00 INFO CBAS.logging.LogManager [Executor-11:fc6bd4a2dd76337f941781c7d450e484] Deleted log file /opt/couchbase/var/lib/couchbase/data/@analytics/v_iodevice_0/txn-log/transaction_log_0
2023-07-18T19:57:31.821+00:00 INFO CBAS.logging.LogManager [Executor-11:fc6bd4a2dd76337f941781c7d450e484] initializing log anchor with log file Id: 1 at offset: 0
2023-07-18T19:57:31.821+00:00 INFO CBAS.logging.LogManager [Executor-11:fc6bd4a2dd76337f941781c7d450e484] LogManager starts logging in LSN: 268435456
2023-07-18T19:57:31.821+00:00 INFO CBAS.recovery.CheckpointManager [Executor-11:fc6bd4a2dd76337f941781c7d450e484] Completed sharp checkpoint.
2023-07-18T19:57:31.821+00:00 INFO CBAS.message.RegistrationTasksResponseMessage [Executor-11:fc6bd4a2dd76337f941781c7d450e484] Completed startup task: { "class" : "CheckpointTask" }
2023-07-18T19:57:31.821+00:00 INFO CBAS.message.RegistrationTasksResponseMessage [Executor-11:fc6bd4a2dd76337f941781c7d450e484] Starting startup task: { "class" : "StartLifecycleComponentsTask" }
2023-07-18T19:57:31.821+00:00 INFO CBAS.task.StartLifecycleComponentsTask [Executor-11:fc6bd4a2dd76337f941781c7d450e484] Starting lifecycle components
2023-07-18T19:57:31.821+00:00 INFO CBAS.task.StartLifecycleComponentsTask [Executor-11:fc6bd4a2dd76337f941781c7d450e484] Coredump directory for NC is: /opt/couchbase/var/lib/couchbase/data/@analytics/v_iodevice_0/coredump
2023-07-18T19:57:31.822+00:00 INFO CBAS.lifecycle.LifeCycleComponentManager [Executor-11:fc6bd4a2dd76337f941781c7d450e484] LifecycleComponentManager configured org.apache.hyracks.api.lifecycle.LifeCycleComponentManager@5f462e3b
2023-07-18T19:57:31.822+00:00 INFO CBAS.task.StartLifecycleComponentsTask [Executor-11:fc6bd4a2dd76337f941781c7d450e484] Configured:org.apache.hyracks.api.lifecycle.LifeCycleComponentManager@5f462e3b
2023-07-18T19:57:31.823+00:00 INFO CBAS.message.RegistrationTasksResponseMessage [Executor-11:fc6bd4a2dd76337f941781c7d450e484] Completed startup task: { "class" : "StartLifecycleComponentsTask" }
2023-07-18T19:57:31.823+00:00 INFO CBAS.message.RegistrationTasksResponseMessage [Executor-11:fc6bd4a2dd76337f941781c7d450e484] Starting startup task: { "class" : "ExportMetadataNodeTask", "export-stub" : true }
2023-07-18T19:57:31.849+00:00 INFO CBAS.message.RegistrationTasksResponseMessage [Executor-11:fc6bd4a2dd76337f941781c7d450e484] Completed startup task: { "class" : "ExportMetadataNodeTask", "export-stub" : true }
2023-07-18T19:57:31.851+00:00 INFO CBAS.message.RegistrationTasksResponseMessage [Executor-11:fc6bd4a2dd76337f941781c7d450e484] Starting startup task: { "class" : "BindMetadataNodeTask" }
2023-07-18T19:57:31.865+00:00 INFO CBAS.message.RegistrationTasksResponseMessage [Executor-11:fc6bd4a2dd76337f941781c7d450e484] Completed startup task: { "class" : "BindMetadataNodeTask" }
2023-07-18T19:57:31.865+00:00 INFO CBAS.message.RegistrationTasksResponseMessage [Executor-11:fc6bd4a2dd76337f941781c7d450e484] Starting startup task: { "class" : "UpdateNodeStatusTask" }
2023-07-18T19:57:31.865+00:00 INFO CBAS.message.RegistrationTasksResponseMessage [Executor-11:fc6bd4a2dd76337f941781c7d450e484] Completed startup task: { "class" : "UpdateNodeStatusTask" }
2023-07-18T19:57:31.868+00:00 INFO CBAS.message.RegistrationTasksResponseMessage [Executor-11:fc6bd4a2dd76337f941781c7d450e484] Starting startup task: { "class" : "CheckRebalanceRequiredTask" }
2023-07-18T19:57:31.900+00:00 INFO CBAS.message.RegistrationTasksResponseMessage [Executor-11:fc6bd4a2dd76337f941781c7d450e484] Completed startup task: { "class" : "CheckRebalanceRequiredTask" }
2023-07-18T19:57:31.900+00:00 INFO CBAS.message.RegistrationTasksResponseMessage [Executor-11:fc6bd4a2dd76337f941781c7d450e484] Starting startup task: com.couchbase.analytics.bootstrap.RegisterProxyablePrefixesTask@74dfa425
2023-07-18T19:57:31.903+00:00 INFO CBAS.message.RegistrationTasksResponseMessage [Executor-11:fc6bd4a2dd76337f941781c7d450e484] Completed startup task: com.couchbase.analytics.bootstrap.RegisterProxyablePrefixesTask@74dfa425
2023-07-18T19:57:31.929+00:00 INFO CBAS.messaging.CCMessageBroker [Executor-4:ClusterController] Received message: org.apache.asterix.app.replication.message.NCLifecycleTaskReportMessage@4a33071a
2023-07-18T19:57:31.932+00:00 INFO CBAS.utils.ClusterStateManager [Executor-4:ClusterController] Metadata node fc6bd4a2dd76337f941781c7d450e484 is now active
2023-07-18T19:57:31.934+00:00 INFO CBAS.utils.ClusterStateManager [Executor-4:ClusterController] updating cluster state from UNUSABLE to PENDING
2023-07-18T19:57:31.935+00:00 INFO CBAS.utils.ClusterStateManager [Executor-4:ClusterController] Cluster State is now PENDING
2023-07-18T19:57:31.935+00:00 INFO CBAS.utils.ClusterStateManager [Executor-4:ClusterController] updating cluster state from PENDING to RECOVERING
2023-07-18T19:57:31.935+00:00 INFO CBAS.utils.ClusterStateManager [Executor-4:ClusterController] Cluster State is now RECOVERING
2023-07-18T19:57:31.936+00:00 INFO CBAS.bootstrap.GlobalRecoveryManager [Executor-5:ClusterController] Starting Global Recovery
2023-07-18T19:57:31.944+00:00 INFO CBAS.rebalance.ReplicationUtil [Executor-5:ClusterController] Current replicas []
2023-07-18T19:57:31.946+00:00 WARN CBAS.rebalance.ReplicationUtil [Executor-5:ClusterController] Couldn't find additional candidate nodes for metadata replicas
2023-07-18T19:57:31.946+00:00 INFO CBAS.rebalance.ReplicationUtil [Executor-5:ClusterController] Refreshing state of replicas []
2023-07-18T19:57:31.946+00:00 INFO CBAS.rebalance.ReplicationUtil [Executor-5:ClusterController] Updating metadata replicas to: []
2023-07-18T19:57:31.991+00:00 INFO CBAS.bootstrap.GlobalRecoveryManager [Executor-5:ClusterController] Global Recovery Completed. Refreshing cluster state...
2023-07-18T19:57:31.996+00:00 INFO CBAS.utils.ClusterStateManager [Executor-5:ClusterController] updating cluster state from RECOVERING to ACTIVE
2023-07-18T19:57:32.004+00:00 INFO CBAS.utils.ClusterStateManager [Executor-5:ClusterController] Cluster State is now ACTIVE
2023-07-18T19:57:32.005+00:00 INFO CBAS.active.ActiveNotificationHandler [Executor-4:ClusterController] Starting active recovery
2023-07-18T19:57:36.163+00:00 INFO CBAS.server.QueryServiceServlet [HttpExecutor(port:8095)-0] handleRequest: <ud>{"host":"127.0.0.1:8095","path":"/query/service","statement":null,"pretty":false,"mode":"immediate","clientContextID":null,"format":"CLEAN_JSON","timeout":9223372036854775807,"maxResultReads":1,"planFormat":"JSON","expressionTree":false,"rewrittenExpressionTree":false,"logicalPlan":false,"optimizedLogicalPlan":false,"job":false,"profile":"counts","signature":true,"multiStatement":true,"parseOnly":false,"readOnly":true,"maxWarnings":0,"scanConsistency":null,"scanWait":null}</ud>
2023-07-18T19:57:39.305+00:00 INFO CBAS.server.QueryServiceServlet [HttpExecutor(port:8095)-1] handleRequest: <ud>{"host":"127.0.0.1:8095","path":"/query/service","statement":"CREATE DATASET datatest ON `datadog-test` WHERE `type` = \\\"landmark\\\"","pretty":false,"mode":"immediate","clientContextID":null,"format":"CLEAN_JSON","timeout":9223372036854775807,"maxResultReads":1,"planFormat":"JSON","expressionTree":false,"rewrittenExpressionTree":false,"logicalPlan":false,"optimizedLogicalPlan":false,"job":false,"profile":"counts","signature":true,"multiStatement":true,"parseOnly":false,"readOnly":false,"maxWarnings":0,"scanConsistency":null,"scanWait":null}</ud>
2023-07-18T19:57:39.333+00:00 INFO CBAS.messaging.CCMessageBroker [Executor-4:ClusterController] Received message: ExecuteStatementRequestMessage(id=1, from=fc6bd4a2dd76337f941781c7d450e484): <ud>CREATE DATASET datatest ON `datadog-test` WHERE `type` = "landmark";</ud>
2023-07-18T19:57:39.490+00:00 INFO CBAS.utils.DatasetUtil [QueryTranslator:7224e2c5-d7c7-401c-bac8-5a5e2867b3b9] CREATING File Splits: Node: fc6bd4a2dd76337f941781c7d450e484 IO Device: 0 managed path: storage/partition_0/Default/datatest/0/datatest 
2023-07-18T19:57:39.494+00:00 WARN CBAS.config.ConfigManager [QueryTranslator:7224e2c5-d7c7-401c-bac8-5a5e2867b3b9] NC option [nc] storage.lsm.bloomfilter.falsepositiverate being accessed outside of NC-scoped configuration.
2023-07-18T19:57:39.808+00:00 INFO CBAS.messaging.CCMessageBroker [Executor-6:ClusterController] Received message: ResourceIdRequestMessage
2023-07-18T19:57:39.813+00:00 INFO CBAS.messaging.NCMessageBroker [Worker:fc6bd4a2dd76337f941781c7d450e484] Received message: ResourceIdRequestResponseMessage
2023-07-18T19:57:39.865+00:00 INFO CBAS.work.JobCleanupWork [Worker:ClusterController] Cleanup for job: JID:0.1
2023-07-18T19:57:39.922+00:00 INFO CBAS.messaging.NCMessageBroker [Worker:fc6bd4a2dd76337f941781c7d450e484] Received message: ExecuteStatementResponseMessage(id=1): 0 characters
