2019-07-21T21:58:27.465Z DEBU CBAS.server.HttpServer [main] The output direct memory budget for this server is 589824 bytes
2019-07-21T21:58:27.465Z DEBU CBAS.server.HttpServer [main] The "estimated" input direct memory budget for this server is 71303168 bytes
2019-07-21T21:58:27.586Z DEBU CBAS.work.WorkQueue [Worker:ClusterController] Executing: RemoveDeadNodes
2019-07-21T21:58:27.612Z DEBU CBAS.bootstrap.AnalyticsCCApplication [main] Attempting to ping known nodes []
2019-07-21T21:58:27.730Z INFO CBAS.bootstrap.AnalyticsNCApplication [main] Starting Couchbase Analytics driver, version: {"build.date":"Mon Jan 21 08:20:43 PST 2019","build.number":"2037","build.version":"6.0.1-2037"}
2019-07-21T21:58:27.878Z DEBU CBAS.util.MXHelper [main] ignoring exception calling RuntimeMXBean.getBootClassPath; returning null
java.lang.UnsupportedOperationException: Boot class path mechanism is not supported
	at sun.management.RuntimeImpl.getBootClassPath(RuntimeImpl.java:99) ~[?:?]
	at org.apache.hyracks.util.MXHelper.getBootClassPath(MXHelper.java:111) [hyracks-util.jar:6.0.1-2037]
	at org.apache.hyracks.control.common.controllers.NodeRegistration.<init>(NodeRegistration.java:99) [hyracks-control-common.jar:6.0.1-2037]
	at org.apache.hyracks.control.nc.NodeControllerService.initNodeControllerState(NodeControllerService.java:330) [hyracks-control-nc.jar:6.0.1-2037]
	at org.apache.hyracks.control.nc.NodeControllerService.start(NodeControllerService.java:295) [hyracks-control-nc.jar:6.0.1-2037]
	at com.couchbase.analytics.control.AnalyticsDriver.startService(AnalyticsDriver.java:125) [cbas-server.jar:6.0.1-2037]
	at com.couchbase.analytics.control.AnalyticsDriver.main(AnalyticsDriver.java:96) [cbas-server.jar:6.0.1-2037]
2019-07-21T21:58:27.938Z DEBU CBAS.work.WorkQueue [Worker:ClusterController] Executing: RegisterNode
2019-07-21T21:58:27.958Z DEBU CBAS.bootstrap.AnalyticsClusterLifecycleListener [Worker:ClusterController] Getting notified that node: 8ba1ce2e183ff908d4723b87c7fdb9b3 has joined
2019-07-21T21:58:28.022Z DEBU CBAS.work.WorkQueue [Worker:8ba1ce2e183ff908d4723b87c7fdb9b3] Executing: AbortAllJobs
2019-07-21T21:58:28.025Z DEBU CBAS.server.HttpServer [main] The output direct memory budget for this server is 589824 bytes
2019-07-21T21:58:28.027Z DEBU CBAS.server.HttpServer [main] The "estimated" input direct memory budget for this server is 71303168 bytes
2019-07-21T21:58:28.038Z DEBU CBAS.heartbeat.HeartbeatManager [Executor-10:8ba1ce2e183ff908d4723b87c7fdb9b3] ack rec'd from CC:0 w/ exception: null
2019-07-21T21:58:28.047Z DEBU CBAS.server.HttpServer [main] The output direct memory budget for this server is 589824 bytes
2019-07-21T21:58:28.052Z DEBU CBAS.server.HttpServer [main] The "estimated" input direct memory budget for this server is 71303168 bytes
2019-07-21T21:58:28.432Z DEBU CBAS.server.HttpServer [main] The output direct memory budget for this server is 589824 bytes
2019-07-21T21:58:28.433Z DEBU CBAS.server.HttpServer [main] The "estimated" input direct memory budget for this server is 71303168 bytes
2019-07-21T21:58:28.458Z DEBU CBAS.work.WorkQueue [Worker:ClusterController] Executing: ApplicationMessage: nodeID: 8ba1ce2e183ff908d4723b87c7fdb9b3
2019-07-21T21:58:28.469Z DEBU CBAS.work.WorkQueue [Worker:8ba1ce2e183ff908d4723b87c7fdb9b3] Executing: ApplicationMessage: nodeId: 8ba1ce2e183ff908d4723b87c7fdb9b3
2019-07-21T21:58:28.499Z DEBU CBAS.work.WorkQueue [Worker:ClusterController] Executing: ApplicationMessage: nodeID: 8ba1ce2e183ff908d4723b87c7fdb9b3
2019-07-21T21:58:28.501Z DEBU CBAS.work.WorkQueue [Worker:8ba1ce2e183ff908d4723b87c7fdb9b3] Executing: ApplicationMessage: nodeId: 8ba1ce2e183ff908d4723b87c7fdb9b3
2019-07-21T21:58:29.339Z DEBU CBAS.impls.AbstractLSMMemoryComponent [Executor-9:8ba1ce2e183ff908d4723b87c7fdb9b3] Component Id was reset from null to [1,1]
2019-07-21T21:58:29.375Z DEBU CBAS.impls.AbstractLSMMemoryComponent [Executor-9:8ba1ce2e183ff908d4723b87c7fdb9b3] Component Id was reset from null to [1,1]
2019-07-21T21:58:29.385Z DEBU CBAS.impls.AbstractLSMMemoryComponent [Executor-9:8ba1ce2e183ff908d4723b87c7fdb9b3] Component Id was reset from null to [1,1]
2019-07-21T21:58:29.441Z DEBU CBAS.impls.AbstractLSMMemoryComponent [Executor-9:8ba1ce2e183ff908d4723b87c7fdb9b3] Component Id was reset from null to [1,1]
2019-07-21T21:58:29.569Z DEBU CBAS.impls.AbstractLSMMemoryComponent [Executor-9:8ba1ce2e183ff908d4723b87c7fdb9b3] Component Id was reset from null to [1,1]
2019-07-21T21:58:29.580Z DEBU CBAS.impls.AbstractLSMMemoryComponent [Executor-9:8ba1ce2e183ff908d4723b87c7fdb9b3] Component Id was reset from null to [1,1]
2019-07-21T21:58:29.588Z DEBU CBAS.auth.AuthorizationProvider [HttpExecutor(port:9110)-0] Cached user: {"@class":".User","id":"@","roles":null,"name":null,"domain":"ADMIN","permissions":{"cluster.settings!write":true,"cluster.settings!read":true,"cluster.analytics!select":true},"admin":true,"readOnlyAdmin":true,"analyticsReader":true}
2019-07-21T21:58:29.603Z DEBU CBAS.impls.AbstractLSMMemoryComponent [Executor-9:8ba1ce2e183ff908d4723b87c7fdb9b3] Component Id was reset from null to [1,1]
2019-07-21T21:58:29.612Z DEBU CBAS.impls.AbstractLSMMemoryComponent [Executor-9:8ba1ce2e183ff908d4723b87c7fdb9b3] Component Id was reset from null to [1,1]
2019-07-21T21:58:29.631Z DEBU CBAS.impls.AbstractLSMMemoryComponent [Executor-9:8ba1ce2e183ff908d4723b87c7fdb9b3] Component Id was reset from null to [1,1]
2019-07-21T21:58:29.771Z DEBU CBAS.impls.AbstractLSMMemoryComponent [Executor-9:8ba1ce2e183ff908d4723b87c7fdb9b3] Component Id was reset from null to [1,1]
2019-07-21T21:58:29.780Z DEBU CBAS.impls.LSMHarness [Executor-2:8ba1ce2e183ff908d4723b87c7fdb9b3] Flush is being scheduled on {"class" : "LSMBTree", "dir" : "/opt/couchbase/var/lib/couchbase/data/@analytics/v_iodevice_0/storage/partition_0/Metadata/Dataverse/0/Dataverse", "memory" : [{"class":"LSMBTreeMemoryComponent", "state":"READABLE_UNWRITABLE", "writers":0, "readers":0, "pendingFlushes":0, "id":"[1,1]"}, {"class":"LSMBTreeMemoryComponent", "state":"INACTIVE", "writers":0, "readers":0, "pendingFlushes":0, "id":"null"}], "disk" : 0, "num-scheduled-flushes":0, "current-memory-component":0}
2019-07-21T21:58:29.789Z DEBU CBAS.impls.LSMHarness [Executor-11:8ba1ce2e183ff908d4723b87c7fdb9b3] Started a flush operation for index: {"class" : "LSMBTree", "dir" : "/opt/couchbase/var/lib/couchbase/data/@analytics/v_iodevice_0/storage/partition_0/Metadata/Dataverse/0/Dataverse", "memory" : [{"class":"LSMBTreeMemoryComponent", "state":"READABLE_UNWRITABLE_FLUSHING", "writers":0, "readers":0, "pendingFlushes":0, "id":"[1,1]"}, {"class":"LSMBTreeMemoryComponent", "state":"INACTIVE", "writers":0, "readers":0, "pendingFlushes":0, "id":"null"}], "disk" : 0, "num-scheduled-flushes":1, "current-memory-component":1}
2019-07-21T21:58:29.849Z DEBU CBAS.impls.AbstractLSMDiskComponent [Executor-11:8ba1ce2e183ff908d4723b87c7fdb9b3] Marked as valid component with id: [1,1]
2019-07-21T21:58:29.873Z DEBU CBAS.impls.LSMHarness [Executor-11:8ba1ce2e183ff908d4723b87c7fdb9b3] Finished the flush operation for index: {"class" : "LSMBTree", "dir" : "/opt/couchbase/var/lib/couchbase/data/@analytics/v_iodevice_0/storage/partition_0/Metadata/Dataverse/0/Dataverse", "memory" : [{"class":"LSMBTreeMemoryComponent", "state":"INACTIVE", "writers":0, "readers":0, "pendingFlushes":0, "id":"[1,1]"}, {"class":"LSMBTreeMemoryComponent", "state":"INACTIVE", "writers":0, "readers":0, "pendingFlushes":0, "id":"null"}], "disk" : 1, "num-scheduled-flushes":0, "current-memory-component":1}. Result: SUCCESS
2019-07-21T21:58:29.876Z DEBU CBAS.impls.LSMHarness [Executor-2:8ba1ce2e183ff908d4723b87c7fdb9b3] Flush is being scheduled on {"class" : "LSMBTree", "dir" : "/opt/couchbase/var/lib/couchbase/data/@analytics/v_iodevice_0/storage/partition_0/Metadata/Dataset/0/Dataset", "memory" : [{"class":"LSMBTreeMemoryComponent", "state":"READABLE_UNWRITABLE", "writers":0, "readers":0, "pendingFlushes":0, "id":"[1,1]"}, {"class":"LSMBTreeMemoryComponent", "state":"INACTIVE", "writers":0, "readers":0, "pendingFlushes":0, "id":"null"}], "disk" : 0, "num-scheduled-flushes":0, "current-memory-component":0}
2019-07-21T21:58:29.882Z DEBU CBAS.impls.LSMHarness [Executor-11:8ba1ce2e183ff908d4723b87c7fdb9b3] Started a flush operation for index: {"class" : "LSMBTree", "dir" : "/opt/couchbase/var/lib/couchbase/data/@analytics/v_iodevice_0/storage/partition_0/Metadata/Dataset/0/Dataset", "memory" : [{"class":"LSMBTreeMemoryComponent", "state":"READABLE_UNWRITABLE_FLUSHING", "writers":0, "readers":0, "pendingFlushes":0, "id":"[1,1]"}, {"class":"LSMBTreeMemoryComponent", "state":"INACTIVE", "writers":0, "readers":0, "pendingFlushes":0, "id":"null"}], "disk" : 0, "num-scheduled-flushes":1, "current-memory-component":1}
2019-07-21T21:58:29.901Z DEBU CBAS.impls.AbstractLSMDiskComponent [Executor-11:8ba1ce2e183ff908d4723b87c7fdb9b3] Marked as valid component with id: [1,1]
2019-07-21T21:58:29.913Z DEBU CBAS.impls.LSMHarness [Executor-11:8ba1ce2e183ff908d4723b87c7fdb9b3] Finished the flush operation for index: {"class" : "LSMBTree", "dir" : "/opt/couchbase/var/lib/couchbase/data/@analytics/v_iodevice_0/storage/partition_0/Metadata/Dataset/0/Dataset", "memory" : [{"class":"LSMBTreeMemoryComponent", "state":"INACTIVE", "writers":0, "readers":0, "pendingFlushes":0, "id":"[1,1]"}, {"class":"LSMBTreeMemoryComponent", "state":"INACTIVE", "writers":0, "readers":0, "pendingFlushes":0, "id":"null"}], "disk" : 1, "num-scheduled-flushes":0, "current-memory-component":1}. Result: SUCCESS
2019-07-21T21:58:29.914Z DEBU CBAS.impls.LSMHarness [Executor-2:8ba1ce2e183ff908d4723b87c7fdb9b3] Flush is being scheduled on {"class" : "LSMBTree", "dir" : "/opt/couchbase/var/lib/couchbase/data/@analytics/v_iodevice_0/storage/partition_0/Metadata/Datatype/0/Datatype", "memory" : [{"class":"LSMBTreeMemoryComponent", "state":"READABLE_UNWRITABLE", "writers":0, "readers":0, "pendingFlushes":0, "id":"[1,1]"}, {"class":"LSMBTreeMemoryComponent", "state":"INACTIVE", "writers":0, "readers":0, "pendingFlushes":0, "id":"null"}], "disk" : 0, "num-scheduled-flushes":0, "current-memory-component":0}
2019-07-21T21:58:29.917Z DEBU CBAS.impls.LSMHarness [Executor-11:8ba1ce2e183ff908d4723b87c7fdb9b3] Started a flush operation for index: {"class" : "LSMBTree", "dir" : "/opt/couchbase/var/lib/couchbase/data/@analytics/v_iodevice_0/storage/partition_0/Metadata/Datatype/0/Datatype", "memory" : [{"class":"LSMBTreeMemoryComponent", "state":"READABLE_UNWRITABLE_FLUSHING", "writers":0, "readers":0, "pendingFlushes":0, "id":"[1,1]"}, {"class":"LSMBTreeMemoryComponent", "state":"INACTIVE", "writers":0, "readers":0, "pendingFlushes":0, "id":"null"}], "disk" : 0, "num-scheduled-flushes":1, "current-memory-component":1}
2019-07-21T21:58:29.945Z DEBU CBAS.impls.AbstractLSMDiskComponent [Executor-11:8ba1ce2e183ff908d4723b87c7fdb9b3] Marked as valid component with id: [1,1]
2019-07-21T21:58:29.959Z DEBU CBAS.impls.LSMHarness [Executor-11:8ba1ce2e183ff908d4723b87c7fdb9b3] Finished the flush operation for index: {"class" : "LSMBTree", "dir" : "/opt/couchbase/var/lib/couchbase/data/@analytics/v_iodevice_0/storage/partition_0/Metadata/Datatype/0/Datatype", "memory" : [{"class":"LSMBTreeMemoryComponent", "state":"INACTIVE", "writers":0, "readers":0, "pendingFlushes":0, "id":"[1,1]"}, {"class":"LSMBTreeMemoryComponent", "state":"INACTIVE", "writers":0, "readers":0, "pendingFlushes":0, "id":"null"}], "disk" : 1, "num-scheduled-flushes":0, "current-memory-component":1}. Result: SUCCESS
2019-07-21T21:58:29.960Z DEBU CBAS.impls.LSMHarness [Executor-2:8ba1ce2e183ff908d4723b87c7fdb9b3] Flush is being scheduled on {"class" : "LSMBTree", "dir" : "/opt/couchbase/var/lib/couchbase/data/@analytics/v_iodevice_0/storage/partition_0/Metadata/Index/0/Index", "memory" : [{"class":"LSMBTreeMemoryComponent", "state":"READABLE_UNWRITABLE", "writers":0, "readers":0, "pendingFlushes":0, "id":"[1,1]"}, {"class":"LSMBTreeMemoryComponent", "state":"INACTIVE", "writers":0, "readers":0, "pendingFlushes":0, "id":"null"}], "disk" : 0, "num-scheduled-flushes":0, "current-memory-component":0}
2019-07-21T21:58:29.966Z DEBU CBAS.impls.LSMHarness [Executor-11:8ba1ce2e183ff908d4723b87c7fdb9b3] Started a flush operation for index: {"class" : "LSMBTree", "dir" : "/opt/couchbase/var/lib/couchbase/data/@analytics/v_iodevice_0/storage/partition_0/Metadata/Index/0/Index", "memory" : [{"class":"LSMBTreeMemoryComponent", "state":"READABLE_UNWRITABLE_FLUSHING", "writers":0, "readers":0, "pendingFlushes":0, "id":"[1,1]"}, {"class":"LSMBTreeMemoryComponent", "state":"INACTIVE", "writers":0, "readers":0, "pendingFlushes":0, "id":"null"}], "disk" : 0, "num-scheduled-flushes":1, "current-memory-component":1}
2019-07-21T21:58:29.988Z DEBU CBAS.impls.AbstractLSMDiskComponent [Executor-11:8ba1ce2e183ff908d4723b87c7fdb9b3] Marked as valid component with id: [1,1]
2019-07-21T21:58:29.999Z DEBU CBAS.impls.LSMHarness [Executor-11:8ba1ce2e183ff908d4723b87c7fdb9b3] Finished the flush operation for index: {"class" : "LSMBTree", "dir" : "/opt/couchbase/var/lib/couchbase/data/@analytics/v_iodevice_0/storage/partition_0/Metadata/Index/0/Index", "memory" : [{"class":"LSMBTreeMemoryComponent", "state":"INACTIVE", "writers":0, "readers":0, "pendingFlushes":0, "id":"[1,1]"}, {"class":"LSMBTreeMemoryComponent", "state":"INACTIVE", "writers":0, "readers":0, "pendingFlushes":0, "id":"null"}], "disk" : 1, "num-scheduled-flushes":0, "current-memory-component":1}. Result: SUCCESS
2019-07-21T21:58:30.001Z DEBU CBAS.impls.LSMHarness [Executor-2:8ba1ce2e183ff908d4723b87c7fdb9b3] Flush is being scheduled on {"class" : "LSMBTree", "dir" : "/opt/couchbase/var/lib/couchbase/data/@analytics/v_iodevice_0/storage/partition_0/Metadata/Node/0/Node", "memory" : [{"class":"LSMBTreeMemoryComponent", "state":"READABLE_UNWRITABLE", "writers":0, "readers":0, "pendingFlushes":0, "id":"[1,1]"}, {"class":"LSMBTreeMemoryComponent", "state":"INACTIVE", "writers":0, "readers":0, "pendingFlushes":0, "id":"null"}], "disk" : 0, "num-scheduled-flushes":0, "current-memory-component":0}
2019-07-21T21:58:30.006Z DEBU CBAS.impls.LSMHarness [Executor-11:8ba1ce2e183ff908d4723b87c7fdb9b3] Started a flush operation for index: {"class" : "LSMBTree", "dir" : "/opt/couchbase/var/lib/couchbase/data/@analytics/v_iodevice_0/storage/partition_0/Metadata/Node/0/Node", "memory" : [{"class":"LSMBTreeMemoryComponent", "state":"READABLE_UNWRITABLE_FLUSHING", "writers":0, "readers":0, "pendingFlushes":0, "id":"[1,1]"}, {"class":"LSMBTreeMemoryComponent", "state":"INACTIVE", "writers":0, "readers":0, "pendingFlushes":0, "id":"null"}], "disk" : 0, "num-scheduled-flushes":1, "current-memory-component":1}
2019-07-21T21:58:30.040Z DEBU CBAS.impls.AbstractLSMDiskComponent [Executor-11:8ba1ce2e183ff908d4723b87c7fdb9b3] Marked as valid component with id: [1,1]
2019-07-21T21:58:30.055Z DEBU CBAS.impls.LSMHarness [Executor-11:8ba1ce2e183ff908d4723b87c7fdb9b3] Finished the flush operation for index: {"class" : "LSMBTree", "dir" : "/opt/couchbase/var/lib/couchbase/data/@analytics/v_iodevice_0/storage/partition_0/Metadata/Node/0/Node", "memory" : [{"class":"LSMBTreeMemoryComponent", "state":"INACTIVE", "writers":0, "readers":0, "pendingFlushes":0, "id":"[1,1]"}, {"class":"LSMBTreeMemoryComponent", "state":"INACTIVE", "writers":0, "readers":0, "pendingFlushes":0, "id":"null"}], "disk" : 1, "num-scheduled-flushes":0, "current-memory-component":1}. Result: SUCCESS
2019-07-21T21:58:30.057Z DEBU CBAS.impls.LSMHarness [Executor-2:8ba1ce2e183ff908d4723b87c7fdb9b3] Flush is being scheduled on {"class" : "LSMBTree", "dir" : "/opt/couchbase/var/lib/couchbase/data/@analytics/v_iodevice_0/storage/partition_0/Metadata/Nodegroup/0/Nodegroup", "memory" : [{"class":"LSMBTreeMemoryComponent", "state":"READABLE_UNWRITABLE", "writers":0, "readers":0, "pendingFlushes":0, "id":"[1,1]"}, {"class":"LSMBTreeMemoryComponent", "state":"INACTIVE", "writers":0, "readers":0, "pendingFlushes":0, "id":"null"}], "disk" : 0, "num-scheduled-flushes":0, "current-memory-component":0}
2019-07-21T21:58:30.063Z DEBU CBAS.impls.LSMHarness [Executor-11:8ba1ce2e183ff908d4723b87c7fdb9b3] Started a flush operation for index: {"class" : "LSMBTree", "dir" : "/opt/couchbase/var/lib/couchbase/data/@analytics/v_iodevice_0/storage/partition_0/Metadata/Nodegroup/0/Nodegroup", "memory" : [{"class":"LSMBTreeMemoryComponent", "state":"READABLE_UNWRITABLE_FLUSHING", "writers":0, "readers":0, "pendingFlushes":0, "id":"[1,1]"}, {"class":"LSMBTreeMemoryComponent", "state":"INACTIVE", "writers":0, "readers":0, "pendingFlushes":0, "id":"null"}], "disk" : 0, "num-scheduled-flushes":1, "current-memory-component":1}
2019-07-21T21:58:30.085Z DEBU CBAS.impls.AbstractLSMDiskComponent [Executor-11:8ba1ce2e183ff908d4723b87c7fdb9b3] Marked as valid component with id: [1,1]
2019-07-21T21:58:30.100Z DEBU CBAS.impls.LSMHarness [Executor-11:8ba1ce2e183ff908d4723b87c7fdb9b3] Finished the flush operation for index: {"class" : "LSMBTree", "dir" : "/opt/couchbase/var/lib/couchbase/data/@analytics/v_iodevice_0/storage/partition_0/Metadata/Nodegroup/0/Nodegroup", "memory" : [{"class":"LSMBTreeMemoryComponent", "state":"INACTIVE", "writers":0, "readers":0, "pendingFlushes":0, "id":"[1,1]"}, {"class":"LSMBTreeMemoryComponent", "state":"INACTIVE", "writers":0, "readers":0, "pendingFlushes":0, "id":"null"}], "disk" : 1, "num-scheduled-flushes":0, "current-memory-component":1}. Result: SUCCESS
2019-07-21T21:58:30.102Z DEBU CBAS.impls.LSMHarness [Executor-2:8ba1ce2e183ff908d4723b87c7fdb9b3] Flush is being scheduled on {"class" : "LSMBTree", "dir" : "/opt/couchbase/var/lib/couchbase/data/@analytics/v_iodevice_0/storage/partition_0/Metadata/DatasourceAdapter/0/DatasourceAdapter", "memory" : [{"class":"LSMBTreeMemoryComponent", "state":"READABLE_UNWRITABLE", "writers":0, "readers":0, "pendingFlushes":0, "id":"[1,1]"}, {"class":"LSMBTreeMemoryComponent", "state":"INACTIVE", "writers":0, "readers":0, "pendingFlushes":0, "id":"null"}], "disk" : 0, "num-scheduled-flushes":0, "current-memory-component":0}
2019-07-21T21:58:30.108Z DEBU CBAS.impls.LSMHarness [Executor-11:8ba1ce2e183ff908d4723b87c7fdb9b3] Started a flush operation for index: {"class" : "LSMBTree", "dir" : "/opt/couchbase/var/lib/couchbase/data/@analytics/v_iodevice_0/storage/partition_0/Metadata/DatasourceAdapter/0/DatasourceAdapter", "memory" : [{"class":"LSMBTreeMemoryComponent", "state":"READABLE_UNWRITABLE_FLUSHING", "writers":0, "readers":0, "pendingFlushes":0, "id":"[1,1]"}, {"class":"LSMBTreeMemoryComponent", "state":"INACTIVE", "writers":0, "readers":0, "pendingFlushes":0, "id":"null"}], "disk" : 0, "num-scheduled-flushes":1, "current-memory-component":1}
2019-07-21T21:58:30.133Z DEBU CBAS.impls.AbstractLSMDiskComponent [Executor-11:8ba1ce2e183ff908d4723b87c7fdb9b3] Marked as valid component with id: [1,1]
2019-07-21T21:58:30.148Z DEBU CBAS.impls.LSMHarness [Executor-11:8ba1ce2e183ff908d4723b87c7fdb9b3] Finished the flush operation for index: {"class" : "LSMBTree", "dir" : "/opt/couchbase/var/lib/couchbase/data/@analytics/v_iodevice_0/storage/partition_0/Metadata/DatasourceAdapter/0/DatasourceAdapter", "memory" : [{"class":"LSMBTreeMemoryComponent", "state":"INACTIVE", "writers":0, "readers":0, "pendingFlushes":0, "id":"[1,1]"}, {"class":"LSMBTreeMemoryComponent", "state":"INACTIVE", "writers":0, "readers":0, "pendingFlushes":0, "id":"null"}], "disk" : 1, "num-scheduled-flushes":0, "current-memory-component":1}. Result: SUCCESS
2019-07-21T21:58:30.151Z DEBU CBAS.impls.LSMHarness [Executor-2:8ba1ce2e183ff908d4723b87c7fdb9b3] Flush is being scheduled on {"class" : "LSMBTree", "dir" : "/opt/couchbase/var/lib/couchbase/data/@analytics/v_iodevice_0/storage/partition_0/Metadata/FeedPolicy/0/FeedPolicy", "memory" : [{"class":"LSMBTreeMemoryComponent", "state":"READABLE_UNWRITABLE", "writers":0, "readers":0, "pendingFlushes":0, "id":"[1,1]"}, {"class":"LSMBTreeMemoryComponent", "state":"INACTIVE", "writers":0, "readers":0, "pendingFlushes":0, "id":"null"}], "disk" : 0, "num-scheduled-flushes":0, "current-memory-component":0}
2019-07-21T21:58:30.157Z DEBU CBAS.impls.LSMHarness [Executor-11:8ba1ce2e183ff908d4723b87c7fdb9b3] Started a flush operation for index: {"class" : "LSMBTree", "dir" : "/opt/couchbase/var/lib/couchbase/data/@analytics/v_iodevice_0/storage/partition_0/Metadata/FeedPolicy/0/FeedPolicy", "memory" : [{"class":"LSMBTreeMemoryComponent", "state":"READABLE_UNWRITABLE_FLUSHING", "writers":0, "readers":0, "pendingFlushes":0, "id":"[1,1]"}, {"class":"LSMBTreeMemoryComponent", "state":"INACTIVE", "writers":0, "readers":0, "pendingFlushes":0, "id":"null"}], "disk" : 0, "num-scheduled-flushes":1, "current-memory-component":1}
2019-07-21T21:58:30.181Z DEBU CBAS.impls.AbstractLSMDiskComponent [Executor-11:8ba1ce2e183ff908d4723b87c7fdb9b3] Marked as valid component with id: [1,1]
2019-07-21T21:58:30.194Z DEBU CBAS.impls.LSMHarness [Executor-11:8ba1ce2e183ff908d4723b87c7fdb9b3] Finished the flush operation for index: {"class" : "LSMBTree", "dir" : "/opt/couchbase/var/lib/couchbase/data/@analytics/v_iodevice_0/storage/partition_0/Metadata/FeedPolicy/0/FeedPolicy", "memory" : [{"class":"LSMBTreeMemoryComponent", "state":"INACTIVE", "writers":0, "readers":0, "pendingFlushes":0, "id":"[1,1]"}, {"class":"LSMBTreeMemoryComponent", "state":"INACTIVE", "writers":0, "readers":0, "pendingFlushes":0, "id":"null"}], "disk" : 1, "num-scheduled-flushes":0, "current-memory-component":1}. Result: SUCCESS
2019-07-21T21:58:30.197Z DEBU CBAS.impls.LSMHarness [Executor-2:8ba1ce2e183ff908d4723b87c7fdb9b3] Flush is being scheduled on {"class" : "LSMBTree", "dir" : "/opt/couchbase/var/lib/couchbase/data/@analytics/v_iodevice_0/storage/partition_0/Metadata/CompactionPolicy/0/CompactionPolicy", "memory" : [{"class":"LSMBTreeMemoryComponent", "state":"READABLE_UNWRITABLE", "writers":0, "readers":0, "pendingFlushes":0, "id":"[1,1]"}, {"class":"LSMBTreeMemoryComponent", "state":"INACTIVE", "writers":0, "readers":0, "pendingFlushes":0, "id":"null"}], "disk" : 0, "num-scheduled-flushes":0, "current-memory-component":0}
2019-07-21T21:58:30.201Z DEBU CBAS.impls.LSMHarness [Executor-11:8ba1ce2e183ff908d4723b87c7fdb9b3] Started a flush operation for index: {"class" : "LSMBTree", "dir" : "/opt/couchbase/var/lib/couchbase/data/@analytics/v_iodevice_0/storage/partition_0/Metadata/CompactionPolicy/0/CompactionPolicy", "memory" : [{"class":"LSMBTreeMemoryComponent", "state":"READABLE_UNWRITABLE_FLUSHING", "writers":0, "readers":0, "pendingFlushes":0, "id":"[1,1]"}, {"class":"LSMBTreeMemoryComponent", "state":"INACTIVE", "writers":0, "readers":0, "pendingFlushes":0, "id":"null"}], "disk" : 0, "num-scheduled-flushes":1, "current-memory-component":1}
2019-07-21T21:58:30.221Z DEBU CBAS.impls.AbstractLSMDiskComponent [Executor-11:8ba1ce2e183ff908d4723b87c7fdb9b3] Marked as valid component with id: [1,1]
2019-07-21T21:58:30.233Z DEBU CBAS.impls.LSMHarness [Executor-11:8ba1ce2e183ff908d4723b87c7fdb9b3] Finished the flush operation for index: {"class" : "LSMBTree", "dir" : "/opt/couchbase/var/lib/couchbase/data/@analytics/v_iodevice_0/storage/partition_0/Metadata/CompactionPolicy/0/CompactionPolicy", "memory" : [{"class":"LSMBTreeMemoryComponent", "state":"INACTIVE", "writers":0, "readers":0, "pendingFlushes":0, "id":"[1,1]"}, {"class":"LSMBTreeMemoryComponent", "state":"INACTIVE", "writers":0, "readers":0, "pendingFlushes":0, "id":"null"}], "disk" : 1, "num-scheduled-flushes":0, "current-memory-component":1}. Result: SUCCESS
2019-07-21T21:58:30.235Z DEBU CBAS.impls.LSMHarness [Executor-2:8ba1ce2e183ff908d4723b87c7fdb9b3] Flush is being scheduled on {"class" : "LSMBTree", "dir" : "/opt/couchbase/var/lib/couchbase/data/@analytics/v_iodevice_0/storage/partition_0/Metadata/Link/0/Link", "memory" : [{"class":"LSMBTreeMemoryComponent", "state":"READABLE_UNWRITABLE", "writers":0, "readers":0, "pendingFlushes":0, "id":"[1,1]"}, {"class":"LSMBTreeMemoryComponent", "state":"INACTIVE", "writers":0, "readers":0, "pendingFlushes":0, "id":"null"}], "disk" : 0, "num-scheduled-flushes":0, "current-memory-component":0}
2019-07-21T21:58:30.241Z DEBU CBAS.impls.LSMHarness [Executor-11:8ba1ce2e183ff908d4723b87c7fdb9b3] Started a flush operation for index: {"class" : "LSMBTree", "dir" : "/opt/couchbase/var/lib/couchbase/data/@analytics/v_iodevice_0/storage/partition_0/Metadata/Link/0/Link", "memory" : [{"class":"LSMBTreeMemoryComponent", "state":"READABLE_UNWRITABLE_FLUSHING", "writers":0, "readers":0, "pendingFlushes":0, "id":"[1,1]"}, {"class":"LSMBTreeMemoryComponent", "state":"INACTIVE", "writers":0, "readers":0, "pendingFlushes":0, "id":"null"}], "disk" : 0, "num-scheduled-flushes":1, "current-memory-component":1}
2019-07-21T21:58:30.269Z DEBU CBAS.impls.AbstractLSMDiskComponent [Executor-11:8ba1ce2e183ff908d4723b87c7fdb9b3] Marked as valid component with id: [1,1]
2019-07-21T21:58:30.281Z DEBU CBAS.impls.LSMHarness [Executor-11:8ba1ce2e183ff908d4723b87c7fdb9b3] Finished the flush operation for index: {"class" : "LSMBTree", "dir" : "/opt/couchbase/var/lib/couchbase/data/@analytics/v_iodevice_0/storage/partition_0/Metadata/Link/0/Link", "memory" : [{"class":"LSMBTreeMemoryComponent", "state":"INACTIVE", "writers":0, "readers":0, "pendingFlushes":0, "id":"[1,1]"}, {"class":"LSMBTreeMemoryComponent", "state":"INACTIVE", "writers":0, "readers":0, "pendingFlushes":0, "id":"null"}], "disk" : 1, "num-scheduled-flushes":0, "current-memory-component":1}. Result: SUCCESS
2019-07-21T21:58:30.656Z DEBU CBAS.work.WorkQueue [Worker:ClusterController] Executing: ApplicationMessage: nodeID: 8ba1ce2e183ff908d4723b87c7fdb9b3
2019-07-21T21:58:30.705Z DEBU CBAS.bootstrap.AnalyticsGlobalRecoveryManager [Executor-3:ClusterController] Bootstrap Global Recovery...
2019-07-21T21:58:30.715Z DEBU CBAS.auth.AuthorizationProvider [HttpExecutor(port:9110)-2] Cached user: {"@class":".User","id":"@cbas-cbauth","roles":null,"name":null,"domain":"ADMIN","permissions":{"cluster.settings!write":true,"cluster.settings!read":true,"cluster.analytics!select":true},"admin":true,"readOnlyAdmin":true,"analyticsReader":true}
2019-07-21T21:58:30.722Z DEBU CBAS.bootstrap.AnalyticsGlobalRecoveryManager [Executor-3:ClusterController] Buckets found []
2019-07-21T21:58:31.907Z DEBU CBAS.work.WorkQueue [Worker:ClusterController] Executing: ApplicationMessage: nodeID: 8ba1ce2e183ff908d4723b87c7fdb9b3
2019-07-21T21:58:32.073Z DEBU CBAS.impls.AbstractLSMMemoryComponent [QueryTranslator] Component Id was reset from null to [1,1]
2019-07-21T21:58:32.087Z DEBU CBAS.active.ActiveNotificationHandler [QueryTranslator] getActiveEntityListener(EntityId entityId) was called with entity Default.Local.datadog-test(CouchbaseMetadataExtension)
2019-07-21T21:58:32.087Z DEBU CBAS.active.ActiveNotificationHandler [QueryTranslator] Listener found: null
2019-07-21T21:58:32.089Z DEBU CBAS.impls.AbstractLSMMemoryComponent [QueryTranslator] Component Id was reset from null to [2,2]
2019-07-21T21:58:32.092Z DEBU CBAS.impls.AbstractLSMMemoryComponent [QueryTranslator] Component Id was reset from null to [2,2]
2019-07-21T21:58:32.093Z DEBU CBAS.impls.AbstractLSMMemoryComponent [QueryTranslator] Component Id was reset from null to [2,2]
2019-07-21T21:58:32.160Z DEBU CBAS.work.WorkQueue [Worker:ClusterController] Executing: JobStart
2019-07-21T21:58:32.204Z DEBU CBAS.result.ResultDirectoryService [Worker:ClusterController] ResultDirectoryService notified of new job JID:0.1
2019-07-21T21:58:32.207Z DEBU CBAS.active.ActiveNotificationHandler [Worker:ClusterController] notifyJobCreation(JobId jobId, JobSpecification jobSpecification) was called with jobId = JID:0.1
2019-07-21T21:58:32.207Z DEBU CBAS.active.ActiveNotificationHandler [Worker:ClusterController] Job is not of type active job. property found to be: null
2019-07-21T21:58:32.238Z DEBU CBAS.work.WorkQueue [Worker:8ba1ce2e183ff908d4723b87c7fdb9b3] Executing: StartTasks
2019-07-21T21:58:32.259Z DEBU CBAS.work.WorkQueue [Worker:ClusterController] Executing: WaitForJobCompletion
2019-07-21T21:58:32.279Z DEBU CBAS.work.WorkQueue [Worker:ClusterController] Executing: ApplicationMessage: nodeID: 8ba1ce2e183ff908d4723b87c7fdb9b3
2019-07-21T21:58:32.284Z DEBU CBAS.work.WorkQueue [Worker:8ba1ce2e183ff908d4723b87c7fdb9b3] Executing: ApplicationMessage: nodeId: 8ba1ce2e183ff908d4723b87c7fdb9b3
2019-07-21T21:58:32.342Z DEBU CBAS.work.WorkQueue [Worker:8ba1ce2e183ff908d4723b87c7fdb9b3] Executing: NotifyTaskComplete: [8ba1ce2e183ff908d4723b87c7fdb9b3[JID:0.1:TAID:TID:ANID:ODID:0:0:0:0]
2019-07-21T21:58:32.345Z DEBU CBAS.work.WorkQueue [Worker:ClusterController] Executing: TaskComplete: [8ba1ce2e183ff908d4723b87c7fdb9b3[JID:0.1:TAID:TID:ANID:ODID:0:0:0:0]
2019-07-21T21:58:32.347Z DEBU CBAS.work.WorkQueue [Worker:ClusterController] Executing: JobCleanup: JobId@JID:0.1 Status@TERMINATED
2019-07-21T21:58:32.349Z DEBU CBAS.work.WorkQueue [Worker:8ba1ce2e183ff908d4723b87c7fdb9b3] Executing: CleanupJoblet
2019-07-21T21:58:32.350Z DEBU CBAS.work.CleanupJobletWork [Worker:8ba1ce2e183ff908d4723b87c7fdb9b3] cleaning up after job: JID:0.1
2019-07-21T21:58:32.354Z DEBU CBAS.work.WorkQueue [Worker:ClusterController] Executing: JobletCleanupNotification
2019-07-21T21:58:32.354Z DEBU CBAS.active.ActiveNotificationHandler [Worker:ClusterController] Getting notified of job finish for JobId: JID:0.1
2019-07-21T21:58:32.354Z DEBU CBAS.active.ActiveNotificationHandler [Worker:ClusterController] no need to notify job finish
2019-07-21T21:58:32.387Z DEBU CBAS.work.WorkQueue [Worker:8ba1ce2e183ff908d4723b87c7fdb9b3] Executing: ApplicationMessage: nodeId: 8ba1ce2e183ff908d4723b87c7fdb9b3
