[couchdb:info,2023-07-18T19:57:17.780Z,couchdb_ns_1@cb.local:cb_couch_sup<0.132.0>:couch_log:info:41]Apache CouchDB has started on http://0.0.0.0:8092/
[couchdb:info,2023-07-18T19:57:17.801Z,couchdb_ns_1@cb.local:couch_audit<0.240.0>:couch_log:info:41]Couch audit settings changed [{audit_enabled,false},
                              {disabled_users,[]},
                              {enabled_events,[]}]
[couchdb:info,2023-07-18T19:57:21.891Z,couchdb_ns_1@cb.local:<0.377.0>:couch_log:info:41]Deleting couch file "/opt/couchbase/var/lib/couchbase/data/datadog-test/master.couch.1.compact" with renaming it to "/opt/couchbase/var/lib/couchbase/data/.delete/912a280c0804c9e723b0e46afe3d8acb"
[couchdb:info,2023-07-18T19:57:21.891Z,couchdb_ns_1@cb.local:<0.377.0>:couch_log:info:41]Deleting couch file "/opt/couchbase/var/lib/couchbase/data/datadog-test/master.couch.1.compact" with renaming it to "/opt/couchbase/var/lib/couchbase/data/.delete/5aaf5a85a563676f07fcdeee6ddca971"
[couchdb:info,2023-07-18T19:57:21.919Z,couchdb_ns_1@cb.local:couch_view<0.231.0>:couch_log:info:41]Deleting couch file "/opt/couchbase/var/lib/couchbase/data/.datadog-test/master_temp" with renaming it to "/opt/couchbase/var/lib/couchbase/data/.delete/f2ec969e6f8f92f5fa717123324cae6c"
[couchdb:info,2023-07-18T19:57:21.919Z,couchdb_ns_1@cb.local:couch_view<0.231.0>:couch_log:info:41]Deleting couch file "/opt/couchbase/var/lib/couchbase/data/.datadog-test/master_temp" with renaming it to "/opt/couchbase/var/lib/couchbase/data/.delete/c1f26558abc15e289550bda4f7aa25f5"
[couchdb:info,2023-07-18T19:57:25.952Z,couchdb_ns_1@cb.local:<0.377.0>:couch_log:info:41]Database `datadog-test/master`, design document `_design/datadoc` updated (new revision: 1-c59b0001, deleted: false)
[couchdb:info,2023-07-18T19:57:25.960Z,couchdb_ns_1@cb.local:<0.277.0>:couch_log:info:41]<ud>"127.0.0.1"</ud> -- PUT <ud>"/datadog-test/_design/datadoc"</ud> 201
[couchdb:info,2023-07-18T19:57:25.970Z,couchdb_ns_1@cb.local:<0.421.0>:couch_log:info:41]Started undefined main (prod) set view group `datadog-test`, group `_design/datadoc`,  signature `f4beb6cea88b6648533d328634d840f5', view count: 1
[couchdb:info,2023-07-18T19:57:25.983Z,couchdb_ns_1@cb.local:<0.421.0>:couch_log:info:41]main set view group `_design/datadoc`, set `datadog-test` (prod), doc_fields_used
[couchdb:info,2023-07-18T19:57:25.984Z,couchdb_ns_1@cb.local:<0.421.0>:couch_log:info:41]Flow control buffer size is 20971520 bytes
[couchdb:info,2023-07-18T19:57:25.992Z,couchdb_ns_1@cb.local:<0.421.0>:couch_log:info:41]Set view `datadog-test`, main (prod) group `_design/datadoc`, linked PID <0.422.0> stopped normally
[couchdb:info,2023-07-18T19:57:25.995Z,couchdb_ns_1@cb.local:<0.421.0>:couch_log:info:41]Set view `datadog-test`, main (prod) group `_design/datadoc`, signature `f4beb6cea88b6648533d328634d840f5', configured with:
1024 partitions
no replica support
initial active partitions []
initial passive partitions []
[couchdb:info,2023-07-18T19:57:26.019Z,couchdb_ns_1@cb.local:<0.421.0>:couch_log:info:41]Set view `datadog-test`, main (prod) group `_design/datadoc`, partition states updated
active partitions before:    []
active partitions after:     [0-1023]
passive partitions before:   []
passive partitions after:    []
cleanup partitions before:   []
cleanup partitions after:    []
unindexable partitions:      []
replica partitions before:   []
replica partitions after:    []
replicas on transfer before: []
replicas on transfer after:  []
pending transition before:
  active:      []
  passive:     []
  unindexable: []
pending transition after:
  active:      []
  passive:     []
  unindexable: []

[couchdb:info,2023-07-18T19:58:17.672Z,couchdb_ns_1@cb.local:couch_query_logger<0.183.0>:couch_log:info:41]Query-Volume
---
[couchdb:info,2023-07-18T19:59:17.675Z,couchdb_ns_1@cb.local:couch_query_logger<0.183.0>:couch_log:info:41]Query-Volume
---
