2023-07-18T19:57:22.068+00:00 [INFO] main: /opt/couchbase/bin/cbft started (v0.6.0/5.5.0)
2023-07-18T19:57:22.071+00:00 [INFO] main: file descriptor limit current: 1048576 max: 1048576
2023-07-18T19:57:22.072+00:00 [INFO]   -authType="cbauth"
2023-07-18T19:57:22.072+00:00 [INFO]   -bindGrpc="127.0.0.1:9130,0.0.0.0:9130"
2023-07-18T19:57:22.072+00:00 [INFO]   -bindGrpcSsl="127.0.0.1:19130,0.0.0.0:19130"
2023-07-18T19:57:22.072+00:00 [INFO]   -bindHttp="127.0.0.1:8094,0.0.0.0:8094"
2023-07-18T19:57:22.072+00:00 [INFO]   -bindHttps=":18094"
2023-07-18T19:57:22.072+00:00 [INFO]   -cfgConnect="metakv"
2023-07-18T19:57:22.072+00:00 [INFO]   -container=""
2023-07-18T19:57:22.072+00:00 [INFO]   -dataDir="/opt/couchbase/var/lib/couchbase/data/@fts"
2023-07-18T19:57:22.073+00:00 [INFO]   -extras="127.0.0.1:8091"
2023-07-18T19:57:22.073+00:00 [INFO]   -help="false"
2023-07-18T19:57:22.073+00:00 [INFO]   -options="startCheckServer=skip,slowQueryLogTimeout=5s,defaultMaxPartitionsPerPIndex=171,bleveMaxResultWindow=10000,failoverAssignAllPrimaries=false,hideUI=true,cbaudit=true,ipv6=false,ftsMemoryQuota=262144000,maxReplicasAllowed=3,bucketTypesAllowed=membase:ephemeral,http2=true,vbuckets=1024"
2023-07-18T19:57:22.073+00:00 [INFO]   -register="wanted"
2023-07-18T19:57:22.073+00:00 [INFO]   -server="http://127.0.0.1:8091"
2023-07-18T19:57:22.073+00:00 [INFO]   -staticDir="static"
2023-07-18T19:57:22.073+00:00 [INFO]   -staticETag=""
2023-07-18T19:57:22.073+00:00 [INFO]   -tags="feed,janitor,pindex,queryer,cbauth_service"
2023-07-18T19:57:22.073+00:00 [INFO]   -tlsCertFile="/opt/couchbase/var/lib/couchbase/config/memcached-cert.pem"
2023-07-18T19:57:22.073+00:00 [INFO]   -tlsKeyFile="/opt/couchbase/var/lib/couchbase/config/memcached-key.pem"
2023-07-18T19:57:22.073+00:00 [INFO]   -uuid="fc6bd4a2dd76337f941781c7d450e484"
2023-07-18T19:57:22.073+00:00 [INFO]   -version="false"
2023-07-18T19:57:22.073+00:00 [INFO]   -weight="1"
2023-07-18T19:57:22.073+00:00 [INFO]   GOMAXPROCS=5
2023-07-18T19:57:22.073+00:00 [INFO] main: registered bleve stores
2023-07-18T19:57:22.074+00:00 [INFO]   gtreap
2023-07-18T19:57:22.074+00:00 [INFO]   boltdb
2023-07-18T19:57:22.074+00:00 [INFO]   metrics
2023-07-18T19:57:22.074+00:00 [INFO]   goleveldb
2023-07-18T19:57:22.074+00:00 [INFO]   moss
2023-07-18T19:57:22.074+00:00 [INFO] main: curr dir: "/opt/couchbase/var/lib/couchbase"
2023-07-18T19:57:22.074+00:00 [INFO] main: data dir: "/opt/couchbase/var/lib/couchbase/data/@fts"
2023-07-18T19:57:22.100+00:00 [INFO] cbauth: key: cbgt/httpClient registered for tls config updates
2023-07-18T19:57:22.100+00:00 [INFO] cbauth: key: fts/remoteClients registered for tls config updates
2023-07-18T19:57:22.101+00:00 [INFO] app_herder: memQuota: 262144000, appQuota: 262144000, indexQuota: 196608000, queryQuota: 235929600
2023-07-18T19:57:22.101+00:00 [INFO] cbauth: received  security change notification, code: 3
2023-07-18T19:57:22.121+00:00 [INFO] cbauth: notifying configs change for key: fts/remoteClients
2023-07-18T19:57:22.121+00:00 [INFO] cbauth: notifying configs change for key: cbgt/httpClient
2023-07-18T19:57:22.126+00:00 [INFO] manager: setting the nodeDefs implVersion to 5.5.0
2023-07-18T19:57:22.128+00:00 [INFO] cfg_metakv: Set, key: nodeDefs-known, cas: 1, split: true, nodeUUID: fc6bd4a2dd76337f941781c7d450e484
2023-07-18T19:57:22.129+00:00 [INFO] cfg_metakv: Set split, key: nodeDefs-known, added: map[fc6bd4a2dd76337f941781c7d450e484:true], removed: map[], updated: map[]
2023-07-18T19:57:22.129+00:00 [INFO] cfg_metakv: Set split, key: nodeDefs-known, childPath: /fts/cbgt/cfg/nodeDefs-known/fc6bd4a2dd76337f941781c7d450e484
2023-07-18T19:57:22.135+00:00 [INFO] cfg_metakv: metaKVCallback, path: /fts/cbgt/cfg/nodeDefs-known/fc6bd4a2dd76337f941781c7d450e484, key: nodeDefs-known/fc6bd4a2dd76337f941781c7d450e484, deletion: false
2023-07-18T19:57:22.147+00:00 [INFO] manager: setting the nodeDefs implVersion to 5.5.0
2023-07-18T19:57:22.147+00:00 [INFO] cfg_metakv: Set, key: nodeDefs-wanted, cas: 3, split: true, nodeUUID: fc6bd4a2dd76337f941781c7d450e484
2023-07-18T19:57:22.147+00:00 [INFO] cfg_metakv: Set split, key: nodeDefs-wanted, added: map[fc6bd4a2dd76337f941781c7d450e484:true], removed: map[], updated: map[]
2023-07-18T19:57:22.147+00:00 [INFO] cfg_metakv: Set split, key: nodeDefs-wanted, childPath: /fts/cbgt/cfg/nodeDefs-wanted/fc6bd4a2dd76337f941781c7d450e484
2023-07-18T19:57:22.154+00:00 [INFO] manager: loading dataDir...
2023-07-18T19:57:22.155+00:00 [INFO] manager: loading dataDir... done
2023-07-18T19:57:22.155+00:00 [INFO] cfg_metakv: metaKVCallback, path: /fts/cbgt/cfg/nodeDefs-wanted/fc6bd4a2dd76337f941781c7d450e484, key: nodeDefs-wanted/fc6bd4a2dd76337f941781c7d450e484, deletion: false
2023-07-18T19:57:22.155+00:00 [INFO] janitor: awakes, op: kick, msg: start
2023-07-18T19:57:22.156+00:00 [INFO] main: custom jsoniter json implementation enabled
2023-07-18T19:57:22.173+00:00 [WARN] janitor: JanitorOnce, err: janitor: skipped on nil planPIndexes -- cbgt.(*Manager).JanitorLoop() at manager_janitor.go:98
2023-07-18T19:57:22.174+00:00 [INFO] Using plain authentication for user <ud>@fts</ud> 
2023-07-18T19:57:22.175+00:00 [INFO] Using plain authentication for user <ud>@fts</ud> 
2023-07-18T19:57:22.175+00:00 [INFO] Using plain authentication for user <ud>@fts</ud> 
2023-07-18T19:57:22.176+00:00 [INFO] Using plain authentication for user <ud>@fts</ud> 
2023-07-18T19:57:22.176+00:00 [INFO] Using plain authentication for user <ud>@fts</ud> 
2023-07-18T19:57:22.177+00:00 [INFO] audit: created new audit service
2023-07-18T19:57:22.178+00:00 [INFO] cbauth: key: fts/grpc,grpc-ssl registered for tls config updates
2023-07-18T19:57:22.187+00:00 [INFO] init_grpc: GrpcServer Started at "0.0.0.0:9130"
2023-07-18T19:57:22.190+00:00 [INFO] init_grpc: GrpcServer Started at "0.0.0.0:19130"
2023-07-18T19:57:22.201+00:00 [INFO] main: ctl starting, dryRun: false, waitForMemberNodes: 30, verbose: 3, maxConcurrentPartitionMovesPerNode: 1
2023-07-18T19:57:22.228+00:00 [INFO] ctl: kickIndexDefs, kind: init
2023-07-18T19:57:22.243+00:00 [INFO] planner: nodesRemove: []string(nil)
2023-07-18T19:57:22.243+00:00 [INFO] planner: step planner
2023-07-18T19:57:22.244+00:00 [INFO] cfg_metakv: metaKVCallback, path: /fts/cbgt/cfg/nodeDefs-wanted/fc6bd4a2dd76337f941781c7d450e484, key: nodeDefs-wanted/fc6bd4a2dd76337f941781c7d450e484, deletion: false
2023-07-18T19:57:22.244+00:00 [INFO] cfg_metakv: Set, key: version, cas: 1, split: false, nodeUUID: fc6bd4a2dd76337f941781c7d450e484
2023-07-18T19:57:22.244+00:00 [INFO] cfg_metakv: Set path: /fts/cbgt/cfg/version
2023-07-18T19:57:22.247+00:00 [INFO] cfg_metakv: metaKVCallback, path: /fts/cbgt/cfg/version, key: version, deletion: false
2023-07-18T19:57:22.250+00:00 [INFO] version: CheckVersion, Cfg version updated 5.5.0
2023-07-18T19:57:22.254+00:00 [INFO] cfg_metakv: metaKVCallback, path: /fts/cbgt/cfg/nodeDefs-known/fc6bd4a2dd76337f941781c7d450e484, key: nodeDefs-known/fc6bd4a2dd76337f941781c7d450e484, deletion: false
2023-07-18T19:57:22.254+00:00 [INFO] janitor: awakes, op: kick, msg: cfg changed, key: nodeDefs-wanted
2023-07-18T19:57:22.254+00:00 [INFO] ctl: cfgEvent, kind: nodeDefs-wanted
2023-07-18T19:57:22.254+00:00 [INFO] ctl: kickIndexDefs, kind: cfgEvent
2023-07-18T19:57:22.258+00:00 [INFO] cbauth: key: fts/http,https registered for tls config updates
2023-07-18T19:57:22.258+00:00 [INFO] main: ------------------------------------------------------
2023-07-18T19:57:22.258+00:00 [INFO] init_http: web UI / REST API is available: http://0.0.0.0:8094
2023-07-18T19:57:22.258+00:00 [INFO] main: ------------------------------------------------------
2023-07-18T19:57:22.258+00:00 [INFO] main: ------------------------------------------------------
2023-07-18T19:57:22.258+00:00 [INFO] init_http: web UI / REST API is available: https://:18094
2023-07-18T19:57:22.258+00:00 [INFO] main: ------------------------------------------------------
2023-07-18T19:57:22.259+00:00 [INFO] init_http: Setting up a https limit listener at ":18094"
2023-07-18T19:57:22.260+00:00 [INFO] main: cbauth_service registering...
2023-07-18T19:57:22.261+00:00 [INFO] init_http: Setting up a http limit listener at "0.0.0.0:8094"
2023-07-18T19:57:22.264+00:00 [INFO] ctl/manager: GetTaskList, haveTasksRev: , changed, rv: &{Rev:[48] Tasks:[]}
2023-07-18T19:57:22.265+00:00 [INFO] ctl/manager: GetCurrentTopology, haveTopologyRev: , changed, rv: &{Rev:[50] Nodes:[fc6bd4a2dd76337f941781c7d450e484] IsBalanced:true Messages:[]}
2023-07-18T19:57:22.270+00:00 [WARN] janitor: JanitorOnce, err: janitor: skipped on nil planPIndexes -- cbgt.(*Manager).JanitorLoop() at manager_janitor.go:98
2023-07-18T19:57:22.282+00:00 [INFO] ctl: run, kind: nodeDefs-wanted, updated memberNodes: {fc6bd4a2dd76337f941781c7d450e484;}
2023-07-18T19:57:23.130+00:00 [INFO] ctl/manager: GetNodeInfo
2023-07-18T19:57:23.131+00:00 [INFO] ctl/manager: PrepareTopologyChange, change: {f5e57a9c033f1eb45664f13226b2ccb8 [] topology-change-rebalance [{{fc6bd4a2dd76337f941781c7d450e484 0 <nil>} recovery-full}] []}
2023-07-18T19:57:23.133+00:00 [INFO] ctl/manager: PrepareTopologyChange, done
2023-07-18T19:57:23.134+00:00 [INFO] ctl/manager: GetTaskList, haveTasksRev: 0, changed, rv: &{Rev:[50] Tasks:[{Rev:[49] ID:prepare:f5e57a9c033f1eb45664f13226b2ccb8 Type:task-prepared Status:task-running IsCancelable:true Progress:100 DetailedProgress:map[] Description:prepare topology change ErrorMessage: Extra:map[topologyChange:{ID:f5e57a9c033f1eb45664f13226b2ccb8 CurrentTopologyRev:[] Type:topology-change-rebalance KeepNodes:[{NodeInfo:{NodeID:fc6bd4a2dd76337f941781c7d450e484 Priority:0 Opaque:<nil>} RecoveryType:recovery-full}] EjectNodes:[]}]}]}
2023-07-18T19:57:23.136+00:00 [INFO] ctl/manager: StartTopologyChange, change: {f5e57a9c033f1eb45664f13226b2ccb8 [] topology-change-rebalance [{{fc6bd4a2dd76337f941781c7d450e484 0 <nil>} recovery-full}] []}
2023-07-18T19:57:23.137+00:00 [INFO] ctl: waitForWantedNodes, wantedNodes: [fc6bd4a2dd76337f941781c7d450e484]
2023-07-18T19:57:23.140+00:00 [INFO] ctl: getMovingPartitionsCount: 0
2023-07-18T19:57:23.140+00:00 [INFO] ctl/manager: StartTopologyChange, started
2023-07-18T19:57:23.140+00:00 [INFO] ctl/manager: GetTaskList, haveTasksRev: 2, changed, rv: &{Rev:[52] Tasks:[{Rev:[51] ID:rebalance:f5e57a9c033f1eb45664f13226b2ccb8 Type:task-rebalance Status:task-running IsCancelable:true Progress:0 DetailedProgress:map[] Description:topology change ErrorMessage: Extra:map[topologyChange:{ID:f5e57a9c033f1eb45664f13226b2ccb8 CurrentTopologyRev:[] Type:topology-change-rebalance KeepNodes:[{NodeInfo:{NodeID:fc6bd4a2dd76337f941781c7d450e484 Priority:0 Opaque:<nil>} RecoveryType:recovery-full}] EjectNodes:[]}]}]}
2023-07-18T19:57:23.146+00:00 [INFO] ctl: waitForWantedNodes, wantedNodes: [fc6bd4a2dd76337f941781c7d450e484]
2023-07-18T19:57:23.147+00:00 [INFO] ctl: waitForWantedNodes, nodesToRemove: []
2023-07-18T19:57:23.150+00:00 [INFO] planner: nodesRemove: []string{}
2023-07-18T19:57:23.150+00:00 [INFO] planner: step unregister
2023-07-18T19:57:23.151+00:00 [INFO] planner: step planner
2023-07-18T19:57:23.169+00:00 [INFO] ctl/manager: GetTaskList, haveTasksRev: 4, changed, rv: &{Rev:[53] Tasks:[]}
2023-07-18T19:57:25.699+00:00 [INFO] cfg_metakv: Set, key: indexDefs, cas: 1, split: false, nodeUUID: fc6bd4a2dd76337f941781c7d450e484
2023-07-18T19:57:25.699+00:00 [INFO] cfg_metakv: Set path: /fts/cbgt/cfg/indexDefs
2023-07-18T19:57:25.701+00:00 [INFO] cfg_metakv: metaKVCallback, path: /fts/cbgt/cfg/indexDefs, key: indexDefs, deletion: false
2023-07-18T19:57:25.701+00:00 [INFO] manager_api: index definition created, indexType: fulltext-index, indexName: test, indexUUID: 745e897101a8a8e1
2023-07-18T19:57:25.703+00:00 [INFO] ctl: kickIndexDefs, kind: ctl: mgr event
2023-07-18T19:57:25.716+00:00 [INFO] ctl: cfgEvent, kind: indexDefs
2023-07-18T19:57:25.719+00:00 [INFO] planner: nodesRemove: []string(nil)
2023-07-18T19:57:25.719+00:00 [INFO] planner: step planner
2023-07-18T19:57:25.763+00:00 [INFO] cfg_metakv: Set, key: planPIndexes, cas: 1, split: true, nodeUUID: fc6bd4a2dd76337f941781c7d450e484
2023-07-18T19:57:25.770+00:00 [INFO] cfg_metakv_lean: setLeanPlan, val: {"uuid":"19db858aa1dbd994","planPIndexes":{"test_745e897101a8a8e1_13aa53f3":{"name":"test_745e897101a8a8e1_13aa53f3","uuid":"4a483f3708012369","indexType":"fulltext-index","indexName":"test","indexUUID":"745e897101a8a8e1","sourceType":"couchbase","sourceName":"datadog-test","sourcePartitions":"0,1,2,3,4,5,6,7,8,9,10,11,12,13,14,15,16,17,18,19,20,21,22,23,24,25,26,27,28,29,30,31,32,33,34,35,36,37,38,39,40,41,42,43,44,45,46,47,48,49,50,51,52,53,54,55,56,57,58,59,60,61,62,63,64,65,66,67,68,69,70,71,72,73,74,75,76,77,78,79,80,81,82,83,84,85,86,87,88,89,90,91,92,93,94,95,96,97,98,99,100,101,102,103,104,105,106,107,108,109,110,111,112,113,114,115,116,117,118,119,120,121,122,123,124,125,126,127,128,129,130,131,132,133,134,135,136,137,138,139,140,141,142,143,144,145,146,147,148,149,150,151,152,153,154,155,156,157,158,159,160,161,162,163,164,165,166,167,168,169,170","nodes":{"fc6bd4a2dd76337f941781c7d450e484":{"canRead":true,"canWrite":true,"priority":0}},"indexParams":{"doc_config":{"docid_prefix_delim":"","docid_regexp":"","mode":"type_field","type_field":"type"},"mapping":{"analysis":{},"default_analyzer":"standard","default_datetime_parser":"dateTimeOptional","default_field":"_all","default_mapping":{"dynamic":true,"enabled":true},"default_type":"_default","docvalues_dynamic":true,"index_dynamic":true,"store_dynamic":false,"type_field":"_type"},"store":{"indexType":"scorch"}}},"test_745e897101a8a8e1_18572d87":{"name":"test_745e897101a8a8e1_18572d87","uuid":"6b409ed3b2d11941","indexType":"fulltext-index","indexName":"test","indexUUID":"745e897101a8a8e1","sourceType":"couchbase","sourceName":"datadog-test","sourcePartitions":"684,685,686,687,688,689,690,691,692,693,694,695,696,697,698,699,700,701,702,703,704,705,706,707,708,709,710,711,712,713,714,715,716,717,718,719,720,721,722,723,724,725,726,727,728,729,730,731,732,733,734,735,736,737,738,739,740,741,742,743,744,745,746,747,748,749,750,751,752,753,754,755,756,757,758,759,760,761,762,763,764,765,766,767,768,769,770,771,772,773,774,775,776,777,778,779,780,781,782,783,784,785,786,787,788,789,790,791,792,793,794,795,796,797,798,799,800,801,802,803,804,805,806,807,808,809,810,811,812,813,814,815,816,817,818,819,820,821,822,823,824,825,826,827,828,829,830,831,832,833,834,835,836,837,838,839,840,841,842,843,844,845,846,847,848,849,850,851,852,853,854","nodes":{"fc6bd4a2dd76337f941781c7d450e484":{"canRead":true,"canWrite":true,"priority":0}},"indexParams":{"doc_config":{"docid_prefix_delim":"","docid_regexp":"","mode":"type_field","type_field":"type"},"mapping":{"analysis":{},"default_analyzer":"standard","default_datetime_parser":"dateTimeOptional","default_field":"_all","default_mapping":{"dynamic":true,"enabled":true},"default_type":"_default","docvalues_dynamic":true,"index_dynamic":true,"store_dynamic":false,"type_field":"_type"},"store":{"indexType":"scorch"}}},"test_745e897101a8a8e1_54820232":{"name":"test_745e897101a8a8e1_54820232","uuid":"d125839a22a08c13","indexType":"fulltext-index","indexName":"test","indexUUID":"745e897101a8a8e1","sourceType":"couchbase","sourceName":"datadog-test","sourcePartitions":"342,343,344,345,346,347,348,349,350,351,352,353,354,355,356,357,358,359,360,361,362,363,364,365,366,367,368,369,370,371,372,373,374,375,376,377,378,379,380,381,382,383,384,385,386,387,388,389,390,391,392,393,394,395,396,397,398,399,400,401,402,403,404,405,406,407,408,409,410,411,412,413,414,415,416,417,418,419,420,421,422,423,424,425,426,427,428,429,430,431,432,433,434,435,436,437,438,439,440,441,442,443,444,445,446,447,448,449,450,451,452,453,454,455,456,457,458,459,460,461,462,463,464,465,466,467,468,469,470,471,472,473,474,475,476,477,478,479,480,481,482,483,484,485,486,487,488,489,490,491,492,493,494,495,496,497,498,499,500,501,502,503,504,505,506,507,508,509,510,511,512","nodes":{"fc6bd4a2dd76337f941781c7d450e484":{"canRead":true,"canWrite":true,"priority":0}},"indexParams":{"doc_config":{"docid_prefix_delim":"","docid_regexp":"","mode":"type_field","type_field":"type"},"mapping":{"analysis":{},"default_analyzer":"standard","default_datetime_parser":"dateTimeOptional","default_field":"_all","default_mapping":{"dynamic":true,"enabled":true},"default_type":"_default","docvalues_dynamic":true,"index_dynamic":true,"store_dynamic":false,"type_field":"_type"},"store":{"indexType":"scorch"}}},"test_745e897101a8a8e1_6ddbfb54":{"name":"test_745e897101a8a8e1_6ddbfb54","uuid":"5ee61344f6fa8e78","indexType":"fulltext-index","indexName":"test","indexUUID":"745e897101a8a8e1","sourceType":"couchbase","sourceName":"datadog-test","sourcePartitions":"855,856,857,858,859,860,861,862,863,864,865,866,867,868,869,870,871,872,873,874,875,876,877,878,879,880,881,882,883,884,885,886,887,888,889,890,891,892,893,894,895,896,897,898,899,900,901,902,903,904,905,906,907,908,909,910,911,912,913,914,915,916,917,918,919,920,921,922,923,924,925,926,927,928,929,930,931,932,933,934,935,936,937,938,939,940,941,942,943,944,945,946,947,948,949,950,951,952,953,954,955,956,957,958,959,960,961,962,963,964,965,966,967,968,969,970,971,972,973,974,975,976,977,978,979,980,981,982,983,984,985,986,987,988,989,990,991,992,993,994,995,996,997,998,999,1000,1001,1002,1003,1004,1005,1006,1007,1008,1009,1010,1011,1012,1013,1014,1015,1016,1017,1018,1019,1020,1021,1022,1023","nodes":{"fc6bd4a2dd76337f941781c7d450e484":{"canRead":true,"canWrite":true,"priority":0}},"indexParams":{"doc_config":{"docid_prefix_delim":"","docid_regexp":"","mode":"type_field","type_field":"type"},"mapping":{"analysis":{},"default_analyzer":"standard","default_datetime_parser":"dateTimeOptional","default_field":"_all","default_mapping":{"dynamic":true,"enabled":true},"default_type":"_default","docvalues_dynamic":true,"index_dynamic":true,"store_dynamic":false,"type_field":"_type"},"store":{"indexType":"scorch"}}},"test_745e897101a8a8e1_aa574717":{"name":"test_745e897101a8a8e1_aa574717","uuid":"472327ce59e94754","indexType":"fulltext-index","indexName":"test","indexUUID":"745e897101a8a8e1","sourceType":"couchbase","sourceName":"datadog-test","sourcePartitions":"513,514,515,516,517,518,519,520,521,522,523,524,525,526,527,528,529,530,531,532,533,534,535,536,537,538,539,540,541,542,543,544,545,546,547,548,549,550,551,552,553,554,555,556,557,558,559,560,561,562,563,564,565,566,567,568,569,570,571,572,573,574,575,576,577,578,579,580,581,582,583,584,585,586,587,588,589,590,591,592,593,594,595,596,597,598,599,600,601,602,603,604,605,606,607,608,609,610,611,612,613,614,615,616,617,618,619,620,621,622,623,624,625,626,627,628,629,630,631,632,633,634,635,636,637,638,639,640,641,642,643,644,645,646,647,648,649,650,651,652,653,654,655,656,657,658,659,660,661,662,663,664,665,666,667,668,669,670,671,672,673,674,675,676,677,678,679,680,681,682,683","nodes":{"fc6bd4a2dd76337f941781c7d450e484":{"canRead":true,"canWrite":true,"priority":0}},"indexParams":{"doc_config":{"docid_prefix_delim":"","docid_regexp":"","mode":"type_field","type_field":"type"},"mapping":{"analysis":{},"default_analyzer":"standard","default_datetime_parser":"dateTimeOptional","default_field":"_all","default_mapping":{"dynamic":true,"enabled":true},"default_type":"_default","docvalues_dynamic":true,"index_dynamic":true,"store_dynamic":false,"type_field":"_type"},"store":{"indexType":"scorch"}}},"test_745e897101a8a8e1_f4e0a48a":{"name":"test_745e897101a8a8e1_f4e0a48a","uuid":"382662fc3f1d5348","indexType":"fulltext-index","indexName":"test","indexUUID":"745e897101a8a8e1","sourceType":"couchbase","sourceName":"datadog-test","sourcePartitions":"171,172,173,174,175,176,177,178,179,180,181,182,183,184,185,186,187,188,189,190,191,192,193,194,195,196,197,198,199,200,201,202,203,204,205,206,207,208,209,210,211,212,213,214,215,216,217,218,219,220,221,222,223,224,225,226,227,228,229,230,231,232,233,234,235,236,237,238,239,240,241,242,243,244,245,246,247,248,249,250,251,252,253,254,255,256,257,258,259,260,261,262,263,264,265,266,267,268,269,270,271,272,273,274,275,276,277,278,279,280,281,282,283,284,285,286,287,288,289,290,291,292,293,294,295,296,297,298,299,300,301,302,303,304,305,306,307,308,309,310,311,312,313,314,315,316,317,318,319,320,321,322,323,324,325,326,327,328,329,330,331,332,333,334,335,336,337,338,339,340,341","nodes":{"fc6bd4a2dd76337f941781c7d450e484":{"canRead":true,"canWrite":true,"priority":0}},"indexParams":{"doc_config":{"docid_prefix_delim":"","docid_regexp":"","mode":"type_field","type_field":"type"},"mapping":{"analysis":{},"default_analyzer":"standard","default_datetime_parser":"dateTimeOptional","default_field":"_all","default_mapping":{"dynamic":true,"enabled":true},"default_type":"_default","docvalues_dynamic":true,"index_dynamic":true,"store_dynamic":false,"type_field":"_type"},"store":{"indexType":"scorch"}}}},"implVersion":"5.5.0","warnings":{"test":[]}}
2023-07-18T19:57:25.779+00:00 [INFO] cfg_metakv_lean: setLeanPlan, key: planPIndexes, childPath: /fts/cbgt/cfg/planPIndexesLean/planPIndexesLean-631a83f49a9f8dd0d82faea39d57978a-1689710245770/test
2023-07-18T19:57:25.781+00:00 [INFO] cfg_metakv: metaKVCallback, path: /fts/cbgt/cfg/planPIndexesLean/planPIndexesLean-631a83f49a9f8dd0d82faea39d57978a-1689710245770/test, key: planPIndexesLean/planPIndexesLean-631a83f49a9f8dd0d82faea39d57978a-1689710245770/test, deletion: false
2023-07-18T19:57:25.789+00:00 [INFO] cfg_metakv_lean: setLeanPlan, curMetaKvPlanKey set, val: {"path":"/fts/cbgt/cfg/planPIndexesLean/planPIndexesLean-631a83f49a9f8dd0d82faea39d57978a-1689710245770/","uuid":"19db858aa1dbd994","implVersion":"5.5.0"}
2023-07-18T19:57:25.805+00:00 [INFO] cfg_metakv: metaKVCallback, path: /fts/cbgt/cfg/curMetaKvPlanKey, key: curMetaKvPlanKey, deletion: false
2023-07-18T19:57:25.805+00:00 [INFO] janitor: awakes, op: kick, msg: cfg changed, key: planPIndexes
2023-07-18T19:57:25.822+00:00 [INFO] manager: persistPlanPIndexes, new plan path: /opt/couchbase/var/lib/couchbase/data/@fts/planPIndexes/recoveryPlan-1689710245822-631a83f49a9f8dd0d82faea39d57978a
2023-07-18T19:57:25.830+00:00 [INFO] janitor: pindexes to remove: 0
2023-07-18T19:57:25.830+00:00 [INFO] janitor: pindexes to add: 6
2023-07-18T19:57:25.830+00:00 [INFO]   &{Name:test_745e897101a8a8e1_6ddbfb54 UUID:5ee61344f6fa8e78 IndexType:fulltext-index IndexName:test IndexUUID:745e897101a8a8e1 IndexParams:{"doc_config":{"docid_prefix_delim":"","docid_regexp":"","mode":"type_field","type_field":"type"},"mapping":{"analysis":{},"default_analyzer":"standard","default_datetime_parser":"dateTimeOptional","default_field":"_all","default_mapping":{"dynamic":true,"enabled":true},"default_type":"_default","docvalues_dynamic":true,"index_dynamic":true,"store_dynamic":false,"type_field":"_type"},"store":{"indexType":"scorch"}} SourceType:couchbase SourceName:datadog-test SourceUUID: SourceParams:{} SourcePartitions:855,856,857,858,859,860,861,862,863,864,865,866,867,868,869,870,871,872,873,874,875,876,877,878,879,880,881,882,883,884,885,886,887,888,889,890,891,892,893,894,895,896,897,898,899,900,901,902,903,904,905,906,907,908,909,910,911,912,913,914,915,916,917,918,919,920,921,922,923,924,925,926,927,928,929,930,931,932,933,934,935,936,937,938,939,940,941,942,943,944,945,946,947,948,949,950,951,952,953,954,955,956,957,958,959,960,961,962,963,964,965,966,967,968,969,970,971,972,973,974,975,976,977,978,979,980,981,982,983,984,985,986,987,988,989,990,991,992,993,994,995,996,997,998,999,1000,1001,1002,1003,1004,1005,1006,1007,1008,1009,1010,1011,1012,1013,1014,1015,1016,1017,1018,1019,1020,1021,1022,1023 Nodes:map[fc6bd4a2dd76337f941781c7d450e484:0xc0003672e0]}
2023-07-18T19:57:25.830+00:00 [INFO]   &{Name:test_745e897101a8a8e1_aa574717 UUID:472327ce59e94754 IndexType:fulltext-index IndexName:test IndexUUID:745e897101a8a8e1 IndexParams:{"doc_config":{"docid_prefix_delim":"","docid_regexp":"","mode":"type_field","type_field":"type"},"mapping":{"analysis":{},"default_analyzer":"standard","default_datetime_parser":"dateTimeOptional","default_field":"_all","default_mapping":{"dynamic":true,"enabled":true},"default_type":"_default","docvalues_dynamic":true,"index_dynamic":true,"store_dynamic":false,"type_field":"_type"},"store":{"indexType":"scorch"}} SourceType:couchbase SourceName:datadog-test SourceUUID: SourceParams:{} SourcePartitions:513,514,515,516,517,518,519,520,521,522,523,524,525,526,527,528,529,530,531,532,533,534,535,536,537,538,539,540,541,542,543,544,545,546,547,548,549,550,551,552,553,554,555,556,557,558,559,560,561,562,563,564,565,566,567,568,569,570,571,572,573,574,575,576,577,578,579,580,581,582,583,584,585,586,587,588,589,590,591,592,593,594,595,596,597,598,599,600,601,602,603,604,605,606,607,608,609,610,611,612,613,614,615,616,617,618,619,620,621,622,623,624,625,626,627,628,629,630,631,632,633,634,635,636,637,638,639,640,641,642,643,644,645,646,647,648,649,650,651,652,653,654,655,656,657,658,659,660,661,662,663,664,665,666,667,668,669,670,671,672,673,674,675,676,677,678,679,680,681,682,683 Nodes:map[fc6bd4a2dd76337f941781c7d450e484:0xc000367500]}
2023-07-18T19:57:25.831+00:00 [INFO]   &{Name:test_745e897101a8a8e1_f4e0a48a UUID:382662fc3f1d5348 IndexType:fulltext-index IndexName:test IndexUUID:745e897101a8a8e1 IndexParams:{"doc_config":{"docid_prefix_delim":"","docid_regexp":"","mode":"type_field","type_field":"type"},"mapping":{"analysis":{},"default_analyzer":"standard","default_datetime_parser":"dateTimeOptional","default_field":"_all","default_mapping":{"dynamic":true,"enabled":true},"default_type":"_default","docvalues_dynamic":true,"index_dynamic":true,"store_dynamic":false,"type_field":"_type"},"store":{"indexType":"scorch"}} SourceType:couchbase SourceName:datadog-test SourceUUID: SourceParams:{} SourcePartitions:171,172,173,174,175,176,177,178,179,180,181,182,183,184,185,186,187,188,189,190,191,192,193,194,195,196,197,198,199,200,201,202,203,204,205,206,207,208,209,210,211,212,213,214,215,216,217,218,219,220,221,222,223,224,225,226,227,228,229,230,231,232,233,234,235,236,237,238,239,240,241,242,243,244,245,246,247,248,249,250,251,252,253,254,255,256,257,258,259,260,261,262,263,264,265,266,267,268,269,270,271,272,273,274,275,276,277,278,279,280,281,282,283,284,285,286,287,288,289,290,291,292,293,294,295,296,297,298,299,300,301,302,303,304,305,306,307,308,309,310,311,312,313,314,315,316,317,318,319,320,321,322,323,324,325,326,327,328,329,330,331,332,333,334,335,336,337,338,339,340,341 Nodes:map[fc6bd4a2dd76337f941781c7d450e484:0xc000367720]}
2023-07-18T19:57:25.831+00:00 [INFO]   &{Name:test_745e897101a8a8e1_13aa53f3 UUID:4a483f3708012369 IndexType:fulltext-index IndexName:test IndexUUID:745e897101a8a8e1 IndexParams:{"doc_config":{"docid_prefix_delim":"","docid_regexp":"","mode":"type_field","type_field":"type"},"mapping":{"analysis":{},"default_analyzer":"standard","default_datetime_parser":"dateTimeOptional","default_field":"_all","default_mapping":{"dynamic":true,"enabled":true},"default_type":"_default","docvalues_dynamic":true,"index_dynamic":true,"store_dynamic":false,"type_field":"_type"},"store":{"indexType":"scorch"}} SourceType:couchbase SourceName:datadog-test SourceUUID: SourceParams:{} SourcePartitions:0,1,2,3,4,5,6,7,8,9,10,11,12,13,14,15,16,17,18,19,20,21,22,23,24,25,26,27,28,29,30,31,32,33,34,35,36,37,38,39,40,41,42,43,44,45,46,47,48,49,50,51,52,53,54,55,56,57,58,59,60,61,62,63,64,65,66,67,68,69,70,71,72,73,74,75,76,77,78,79,80,81,82,83,84,85,86,87,88,89,90,91,92,93,94,95,96,97,98,99,100,101,102,103,104,105,106,107,108,109,110,111,112,113,114,115,116,117,118,119,120,121,122,123,124,125,126,127,128,129,130,131,132,133,134,135,136,137,138,139,140,141,142,143,144,145,146,147,148,149,150,151,152,153,154,155,156,157,158,159,160,161,162,163,164,165,166,167,168,169,170 Nodes:map[fc6bd4a2dd76337f941781c7d450e484:0xc000366c70]}
2023-07-18T19:57:25.831+00:00 [INFO]   &{Name:test_745e897101a8a8e1_18572d87 UUID:6b409ed3b2d11941 IndexType:fulltext-index IndexName:test IndexUUID:745e897101a8a8e1 IndexParams:{"doc_config":{"docid_prefix_delim":"","docid_regexp":"","mode":"type_field","type_field":"type"},"mapping":{"analysis":{},"default_analyzer":"standard","default_datetime_parser":"dateTimeOptional","default_field":"_all","default_mapping":{"dynamic":true,"enabled":true},"default_type":"_default","docvalues_dynamic":true,"index_dynamic":true,"store_dynamic":false,"type_field":"_type"},"store":{"indexType":"scorch"}} SourceType:couchbase SourceName:datadog-test SourceUUID: SourceParams:{} SourcePartitions:684,685,686,687,688,689,690,691,692,693,694,695,696,697,698,699,700,701,702,703,704,705,706,707,708,709,710,711,712,713,714,715,716,717,718,719,720,721,722,723,724,725,726,727,728,729,730,731,732,733,734,735,736,737,738,739,740,741,742,743,744,745,746,747,748,749,750,751,752,753,754,755,756,757,758,759,760,761,762,763,764,765,766,767,768,769,770,771,772,773,774,775,776,777,778,779,780,781,782,783,784,785,786,787,788,789,790,791,792,793,794,795,796,797,798,799,800,801,802,803,804,805,806,807,808,809,810,811,812,813,814,815,816,817,818,819,820,821,822,823,824,825,826,827,828,829,830,831,832,833,834,835,836,837,838,839,840,841,842,843,844,845,846,847,848,849,850,851,852,853,854 Nodes:map[fc6bd4a2dd76337f941781c7d450e484:0xc000366ea0]}
2023-07-18T19:57:25.831+00:00 [INFO]   &{Name:test_745e897101a8a8e1_54820232 UUID:d125839a22a08c13 IndexType:fulltext-index IndexName:test IndexUUID:745e897101a8a8e1 IndexParams:{"doc_config":{"docid_prefix_delim":"","docid_regexp":"","mode":"type_field","type_field":"type"},"mapping":{"analysis":{},"default_analyzer":"standard","default_datetime_parser":"dateTimeOptional","default_field":"_all","default_mapping":{"dynamic":true,"enabled":true},"default_type":"_default","docvalues_dynamic":true,"index_dynamic":true,"store_dynamic":false,"type_field":"_type"},"store":{"indexType":"scorch"}} SourceType:couchbase SourceName:datadog-test SourceUUID: SourceParams:{} SourcePartitions:342,343,344,345,346,347,348,349,350,351,352,353,354,355,356,357,358,359,360,361,362,363,364,365,366,367,368,369,370,371,372,373,374,375,376,377,378,379,380,381,382,383,384,385,386,387,388,389,390,391,392,393,394,395,396,397,398,399,400,401,402,403,404,405,406,407,408,409,410,411,412,413,414,415,416,417,418,419,420,421,422,423,424,425,426,427,428,429,430,431,432,433,434,435,436,437,438,439,440,441,442,443,444,445,446,447,448,449,450,451,452,453,454,455,456,457,458,459,460,461,462,463,464,465,466,467,468,469,470,471,472,473,474,475,476,477,478,479,480,481,482,483,484,485,486,487,488,489,490,491,492,493,494,495,496,497,498,499,500,501,502,503,504,505,506,507,508,509,510,511,512 Nodes:map[fc6bd4a2dd76337f941781c7d450e484:0xc0003670c0]}
2023-07-18T19:57:25.831+00:00 [INFO] janitor: pindexes to restart: 0
2023-07-18T19:57:25.853+00:00 [INFO] pindex_bleve: started runBatchWorker: 0 for pindex: /opt/couchbase/var/lib/couchbase/data/@fts/test_745e897101a8a8e1_f4e0a48a.pindex
2023-07-18T19:57:25.853+00:00 [INFO] pindex_bleve: started runBatchWorker: 0 for pindex: /opt/couchbase/var/lib/couchbase/data/@fts/test_745e897101a8a8e1_18572d87.pindex
2023-07-18T19:57:25.853+00:00 [INFO] pindex_bleve: started runBatchWorker: 0 for pindex: /opt/couchbase/var/lib/couchbase/data/@fts/test_745e897101a8a8e1_13aa53f3.pindex
2023-07-18T19:57:25.853+00:00 [INFO] pindex_bleve: started runBatchWorker: 1 for pindex: /opt/couchbase/var/lib/couchbase/data/@fts/test_745e897101a8a8e1_f4e0a48a.pindex
2023-07-18T19:57:25.854+00:00 [INFO] pindex_bleve: started runBatchWorker: 1 for pindex: /opt/couchbase/var/lib/couchbase/data/@fts/test_745e897101a8a8e1_13aa53f3.pindex
2023-07-18T19:57:25.869+00:00 [INFO] pindex_bleve: started runBatchWorker: 2 for pindex: /opt/couchbase/var/lib/couchbase/data/@fts/test_745e897101a8a8e1_f4e0a48a.pindex
2023-07-18T19:57:25.869+00:00 [INFO] pindex_bleve: started runBatchWorker: 2 for pindex: /opt/couchbase/var/lib/couchbase/data/@fts/test_745e897101a8a8e1_13aa53f3.pindex
2023-07-18T19:57:25.870+00:00 [INFO] pindex_bleve: started runBatchWorker: 3 for pindex: /opt/couchbase/var/lib/couchbase/data/@fts/test_745e897101a8a8e1_f4e0a48a.pindex
2023-07-18T19:57:25.870+00:00 [INFO] pindex_bleve: started runBatchWorker: 3 for pindex: /opt/couchbase/var/lib/couchbase/data/@fts/test_745e897101a8a8e1_13aa53f3.pindex
2023-07-18T19:57:25.853+00:00 [INFO] pindex_bleve: started runBatchWorker: 1 for pindex: /opt/couchbase/var/lib/couchbase/data/@fts/test_745e897101a8a8e1_18572d87.pindex
2023-07-18T19:57:25.871+00:00 [INFO] pindex_bleve: started runBatchWorker: 0 for pindex: /opt/couchbase/var/lib/couchbase/data/@fts/test_745e897101a8a8e1_6ddbfb54.pindex
2023-07-18T19:57:25.871+00:00 [INFO] pindex_bleve: started runBatchWorker: 2 for pindex: /opt/couchbase/var/lib/couchbase/data/@fts/test_745e897101a8a8e1_18572d87.pindex
2023-07-18T19:57:25.871+00:00 [INFO] pindex_bleve: started runBatchWorker: 1 for pindex: /opt/couchbase/var/lib/couchbase/data/@fts/test_745e897101a8a8e1_6ddbfb54.pindex
2023-07-18T19:57:25.872+00:00 [INFO] pindex_bleve: started runBatchWorker: 3 for pindex: /opt/couchbase/var/lib/couchbase/data/@fts/test_745e897101a8a8e1_18572d87.pindex
2023-07-18T19:57:25.872+00:00 [INFO] pindex_bleve: started runBatchWorker: 2 for pindex: /opt/couchbase/var/lib/couchbase/data/@fts/test_745e897101a8a8e1_6ddbfb54.pindex
2023-07-18T19:57:25.854+00:00 [INFO] pindex_bleve: started runBatchWorker: 0 for pindex: /opt/couchbase/var/lib/couchbase/data/@fts/test_745e897101a8a8e1_aa574717.pindex
2023-07-18T19:57:25.873+00:00 [INFO] pindex_bleve: started runBatchWorker: 1 for pindex: /opt/couchbase/var/lib/couchbase/data/@fts/test_745e897101a8a8e1_aa574717.pindex
2023-07-18T19:57:25.873+00:00 [INFO] pindex_bleve: started runBatchWorker: 3 for pindex: /opt/couchbase/var/lib/couchbase/data/@fts/test_745e897101a8a8e1_6ddbfb54.pindex
2023-07-18T19:57:25.874+00:00 [INFO] pindex_bleve: started runBatchWorker: 2 for pindex: /opt/couchbase/var/lib/couchbase/data/@fts/test_745e897101a8a8e1_aa574717.pindex
2023-07-18T19:57:25.874+00:00 [INFO] pindex_bleve: started runBatchWorker: 3 for pindex: /opt/couchbase/var/lib/couchbase/data/@fts/test_745e897101a8a8e1_aa574717.pindex
2023-07-18T19:57:25.874+00:00 [INFO] pindex_bleve: started runBatchWorker: 0 for pindex: /opt/couchbase/var/lib/couchbase/data/@fts/test_745e897101a8a8e1_54820232.pindex
2023-07-18T19:57:25.875+00:00 [INFO] pindex_bleve: started runBatchWorker: 1 for pindex: /opt/couchbase/var/lib/couchbase/data/@fts/test_745e897101a8a8e1_54820232.pindex
2023-07-18T19:57:25.875+00:00 [INFO] pindex_bleve: started runBatchWorker: 2 for pindex: /opt/couchbase/var/lib/couchbase/data/@fts/test_745e897101a8a8e1_54820232.pindex
2023-07-18T19:57:25.875+00:00 [INFO] pindex_bleve: started runBatchWorker: 3 for pindex: /opt/couchbase/var/lib/couchbase/data/@fts/test_745e897101a8a8e1_54820232.pindex
2023-07-18T19:57:25.876+00:00 [INFO] janitor: feeds to remove: 0
2023-07-18T19:57:25.876+00:00 [INFO] janitor: feeds to add: 6
2023-07-18T19:57:25.876+00:00 [INFO]   test_745e897101a8a8e1_54820232
2023-07-18T19:57:25.876+00:00 [INFO]   test_745e897101a8a8e1_aa574717
2023-07-18T19:57:25.876+00:00 [INFO]   test_745e897101a8a8e1_f4e0a48a
2023-07-18T19:57:25.876+00:00 [INFO]   test_745e897101a8a8e1_18572d87
2023-07-18T19:57:25.876+00:00 [INFO]   test_745e897101a8a8e1_6ddbfb54
2023-07-18T19:57:25.876+00:00 [INFO]   test_745e897101a8a8e1_13aa53f3
2023-07-18T19:57:25.877+00:00 [INFO] feed_dcp: NewDCPFeed, name: test_745e897101a8a8e1_54820232, indexName: test
2023-07-18T19:57:25.880+00:00 [INFO] feed_dcp: start, name: test_745e897101a8a8e1_54820232
2023-07-18T19:57:25.880+00:00 [INFO] cbauth: key: DCPFeed_test_745e897101a8a8e1_54820232 registered for tls config updates
2023-07-18T19:57:25.881+00:00 [INFO] feed_dcp: NewDCPFeed, name: test_745e897101a8a8e1_aa574717, indexName: test
2023-07-18T19:57:25.883+00:00 [INFO] feed_dcp: start, name: test_745e897101a8a8e1_aa574717
2023-07-18T19:57:25.884+00:00 [INFO] cbauth: key: DCPFeed_test_745e897101a8a8e1_aa574717 registered for tls config updates
2023-07-18T19:57:25.884+00:00 [INFO] feed_dcp: NewDCPFeed, name: test_745e897101a8a8e1_f4e0a48a, indexName: test
2023-07-18T19:57:25.884+00:00 [INFO] feed_dcp: start, name: test_745e897101a8a8e1_f4e0a48a
2023-07-18T19:57:25.884+00:00 [INFO] cbauth: key: DCPFeed_test_745e897101a8a8e1_f4e0a48a registered for tls config updates
2023-07-18T19:57:25.884+00:00 [INFO] feed_dcp: NewDCPFeed, name: test_745e897101a8a8e1_18572d87, indexName: test
2023-07-18T19:57:25.884+00:00 [INFO] feed_dcp: start, name: test_745e897101a8a8e1_18572d87
2023-07-18T19:57:25.884+00:00 [INFO] cbauth: key: DCPFeed_test_745e897101a8a8e1_18572d87 registered for tls config updates
2023-07-18T19:57:25.884+00:00 [INFO] feed_dcp: NewDCPFeed, name: test_745e897101a8a8e1_6ddbfb54, indexName: test
2023-07-18T19:57:25.885+00:00 [INFO] feed_dcp: start, name: test_745e897101a8a8e1_6ddbfb54
2023-07-18T19:57:25.885+00:00 [INFO] cbauth: key: DCPFeed_test_745e897101a8a8e1_6ddbfb54 registered for tls config updates
2023-07-18T19:57:25.885+00:00 [INFO] feed_dcp: NewDCPFeed, name: test_745e897101a8a8e1_13aa53f3, indexName: test
2023-07-18T19:57:25.885+00:00 [INFO] feed_dcp: start, name: test_745e897101a8a8e1_13aa53f3
2023-07-18T19:57:25.885+00:00 [INFO] cbauth: key: DCPFeed_test_745e897101a8a8e1_13aa53f3 registered for tls config updates
2023-07-18T19:57:25.885+00:00 [INFO] janitor: awakes, op: kick, msg: cfg changed, key: curMetaKvPlanKey
2023-07-18T19:57:25.903+00:00 [INFO] Using plain authentication for user <ud>@fts</ud> 
2023-07-18T19:57:25.908+00:00 [INFO] Using plain authentication for user <ud>@fts</ud> 
2023-07-18T19:57:25.911+00:00 [INFO] cbdatasource: server: 127.0.0.1:11210, uprOpenName: fts:test_745e897101a8a8e1_54820232-19b510a8, worker, looping beg, vbucketStates empty
2023-07-18T19:57:25.911+00:00 [INFO] Using plain authentication for user <ud>@fts</ud> 
2023-07-18T19:57:25.911+00:00 [INFO] cbdatasource: receiver tracing, server: 127.0.0.1:11210, name: fts:test_745e897101a8a8e1_54820232-19b510a8, capacity: 20
2023-07-18T19:57:25.912+00:00 [INFO] cbdatasource: server: 127.0.0.1:11210, uprOpenName: fts:test_745e897101a8a8e1_13aa53f3-7c5b3ecb, worker, looping beg, vbucketStates empty
2023-07-18T19:57:25.912+00:00 [INFO] cbdatasource: server: 127.0.0.1:11210, uprOpenName: fts:test_745e897101a8a8e1_54820232-19b510a8, refreshWorker-prior, vbucketStates empty
2023-07-18T19:57:25.912+00:00 [INFO] cbdatasource: receiver tracing, server: 127.0.0.1:11210, name: fts:test_745e897101a8a8e1_13aa53f3-7c5b3ecb, capacity: 20
2023-07-18T19:57:25.912+00:00 [INFO] cbdatasource: server: 127.0.0.1:11210, uprOpenName: fts:test_745e897101a8a8e1_13aa53f3-7c5b3ecb, refreshWorker-prior, vbucketStates empty
2023-07-18T19:57:25.912+00:00 [INFO] cbdatasource: server: 127.0.0.1:11210, uprOpenName: fts:test_745e897101a8a8e1_aa574717-1fff87e9, worker, looping beg, vbucketStates empty
2023-07-18T19:57:25.914+00:00 [INFO] cbdatasource: receiver tracing, server: 127.0.0.1:11210, name: fts:test_745e897101a8a8e1_aa574717-1fff87e9, capacity: 20
2023-07-18T19:57:25.919+00:00 [INFO] Using plain authentication for user <ud>@fts</ud> 
2023-07-18T19:57:25.915+00:00 [INFO] cbdatasource: server: 127.0.0.1:11210, uprOpenName: fts:test_745e897101a8a8e1_aa574717-1fff87e9, refreshWorker-prior, vbucketStates empty
2023-07-18T19:57:25.919+00:00 [INFO] cbdatasource: server: 127.0.0.1:11210, uprOpenName: fts:test_745e897101a8a8e1_f4e0a48a-26a1fa0e, worker, looping beg, vbucketStates empty
2023-07-18T19:57:25.919+00:00 [INFO] cbdatasource: receiver tracing, server: 127.0.0.1:11210, name: fts:test_745e897101a8a8e1_f4e0a48a-26a1fa0e, capacity: 20
2023-07-18T19:57:25.923+00:00 [INFO] cbdatasource: server: 127.0.0.1:11210, uprOpenName: fts:test_745e897101a8a8e1_f4e0a48a-26a1fa0e, refreshWorker-prior, vbucketStates empty
2023-07-18T19:57:25.925+00:00 [INFO] Using plain authentication for user <ud>@fts</ud> 
2023-07-18T19:57:25.929+00:00 [INFO] Using plain authentication for user <ud>@fts</ud> 
2023-07-18T19:57:25.938+00:00 [INFO] cbdatasource: server: 127.0.0.1:11210, uprOpenName: fts:test_745e897101a8a8e1_6ddbfb54-b45dbde, worker, looping beg, vbucketStates empty
2023-07-18T19:57:25.938+00:00 [INFO] cbdatasource: server: 127.0.0.1:11210, uprOpenName: fts:test_745e897101a8a8e1_6ddbfb54-b45dbde, refreshWorker-prior, vbucketStates empty
2023-07-18T19:57:25.948+00:00 [INFO] cbdatasource: server: 127.0.0.1:11210, uprOpenName: fts:test_745e897101a8a8e1_18572d87-7e385737, worker, looping beg, vbucketStates empty
2023-07-18T19:57:25.949+00:00 [INFO] cbdatasource: server: 127.0.0.1:11210, uprOpenName: fts:test_745e897101a8a8e1_18572d87-7e385737, refreshWorker-prior, vbucketStates empty
2023-07-18T19:57:25.958+00:00 [INFO] cbdatasource: receiver tracing, server: 127.0.0.1:11210, name: fts:test_745e897101a8a8e1_6ddbfb54-b45dbde, capacity: 20
2023-07-18T19:57:25.975+00:00 [INFO] cbdatasource: receiver tracing, server: 127.0.0.1:11210, name: fts:test_745e897101a8a8e1_18572d87-7e385737, capacity: 20
2023-07-18T19:57:26.003+00:00 [INFO] cbdatasource: server: 127.0.0.1:11210, uprOpenName: fts:test_745e897101a8a8e1_13aa53f3-7c5b3ecb, refreshWorker-after, vbucketState: "requested" (has 171 vbuckets), 0-170
2023-07-18T19:57:26.004+00:00 [INFO] cbdatasource: server: 127.0.0.1:11210, uprOpenName: fts:test_745e897101a8a8e1_13aa53f3-7c5b3ecb, worker, looping beg, vbucketState: "requested" (has 171 vbuckets), 0-170
2023-07-18T19:57:26.004+00:00 [INFO] cbdatasource: server: 127.0.0.1:11210, uprOpenName: fts:test_745e897101a8a8e1_13aa53f3-7c5b3ecb, refreshWorker-prior, vbucketState: "requested" (has 171 vbuckets), 0-170
2023-07-18T19:57:26.004+00:00 [INFO] cbdatasource: server: 127.0.0.1:11210, uprOpenName: fts:test_745e897101a8a8e1_13aa53f3-7c5b3ecb, refreshWorker-after, vbucketState: "requested" (has 171 vbuckets), 0-170
2023-07-18T19:57:26.005+00:00 [INFO] cbdatasource: server: 127.0.0.1:11210, uprOpenName: fts:test_745e897101a8a8e1_13aa53f3-7c5b3ecb, worker, looping beg, vbucketState: "requested" (has 171 vbuckets), 0-170
2023-07-18T19:57:26.019+00:00 [INFO] cbdatasource: server: 127.0.0.1:11210, uprOpenName: fts:test_745e897101a8a8e1_6ddbfb54-b45dbde, refreshWorker-after, vbucketState: "requested" (has 169 vbuckets), 855-1023
2023-07-18T19:57:26.022+00:00 [INFO] cbdatasource: server: 127.0.0.1:11210, uprOpenName: fts:test_745e897101a8a8e1_6ddbfb54-b45dbde, worker, looping beg, vbucketState: "requested" (has 169 vbuckets), 855-1023
2023-07-18T19:57:26.022+00:00 [INFO] cbdatasource: server: 127.0.0.1:11210, uprOpenName: fts:test_745e897101a8a8e1_6ddbfb54-b45dbde, refreshWorker-prior, vbucketState: "requested" (has 169 vbuckets), 855-1023
2023-07-18T19:57:26.023+00:00 [INFO] cbdatasource: server: 127.0.0.1:11210, uprOpenName: fts:test_745e897101a8a8e1_6ddbfb54-b45dbde, refreshWorker-after, vbucketState: "requested" (has 169 vbuckets), 855-1023
2023-07-18T19:57:26.023+00:00 [INFO] cbdatasource: server: 127.0.0.1:11210, uprOpenName: fts:test_745e897101a8a8e1_6ddbfb54-b45dbde, worker, looping beg, vbucketState: "requested" (has 169 vbuckets), 855-1023
2023-07-18T19:57:26.040+00:00 [INFO] janitor: pindexes to remove: 0
2023-07-18T19:57:26.041+00:00 [INFO] janitor: pindexes to add: 0
2023-07-18T19:57:26.043+00:00 [INFO] janitor: pindexes to restart: 0
2023-07-18T19:57:26.043+00:00 [INFO] janitor: feeds to remove: 0
2023-07-18T19:57:26.044+00:00 [INFO] janitor: feeds to add: 0
2023-07-18T19:57:26.047+00:00 [INFO] cbdatasource: server: 127.0.0.1:11210, uprOpenName: fts:test_745e897101a8a8e1_f4e0a48a-26a1fa0e, refreshWorker-after, vbucketState: "requested" (has 171 vbuckets), 171-341
2023-07-18T19:57:26.048+00:00 [INFO] cbdatasource: server: 127.0.0.1:11210, uprOpenName: fts:test_745e897101a8a8e1_f4e0a48a-26a1fa0e, worker, looping beg, vbucketState: "requested" (has 171 vbuckets), 171-341
2023-07-18T19:57:26.049+00:00 [INFO] cbdatasource: server: 127.0.0.1:11210, uprOpenName: fts:test_745e897101a8a8e1_f4e0a48a-26a1fa0e, refreshWorker-prior, vbucketState: "requested" (has 171 vbuckets), 171-341
2023-07-18T19:57:26.050+00:00 [INFO] cbdatasource: server: 127.0.0.1:11210, uprOpenName: fts:test_745e897101a8a8e1_f4e0a48a-26a1fa0e, refreshWorker-after, vbucketState: "requested" (has 171 vbuckets), 171-341
2023-07-18T19:57:26.051+00:00 [INFO] cbdatasource: server: 127.0.0.1:11210, uprOpenName: fts:test_745e897101a8a8e1_f4e0a48a-26a1fa0e, worker, looping beg, vbucketState: "requested" (has 171 vbuckets), 171-341
2023-07-18T19:57:26.055+00:00 [INFO] cbdatasource: server: 127.0.0.1:11210, uprOpenName: fts:test_745e897101a8a8e1_54820232-19b510a8, refreshWorker-after, vbucketState: "requested" (has 171 vbuckets), 342-512
2023-07-18T19:57:26.055+00:00 [INFO] cbdatasource: server: 127.0.0.1:11210, uprOpenName: fts:test_745e897101a8a8e1_54820232-19b510a8, worker, looping beg, vbucketState: "requested" (has 171 vbuckets), 342-512
2023-07-18T19:57:26.057+00:00 [INFO] cbdatasource: server: 127.0.0.1:11210, uprOpenName: fts:test_745e897101a8a8e1_54820232-19b510a8, refreshWorker-prior, vbucketState: "requested" (has 171 vbuckets), 342-512
2023-07-18T19:57:26.058+00:00 [INFO] cbdatasource: server: 127.0.0.1:11210, uprOpenName: fts:test_745e897101a8a8e1_54820232-19b510a8, refreshWorker-after, vbucketState: "requested" (has 171 vbuckets), 342-512
2023-07-18T19:57:26.058+00:00 [INFO] cbdatasource: server: 127.0.0.1:11210, uprOpenName: fts:test_745e897101a8a8e1_54820232-19b510a8, worker, looping beg, vbucketState: "requested" (has 171 vbuckets), 342-512
2023-07-18T19:57:26.139+00:00 [INFO] cbdatasource: server: 127.0.0.1:11210, uprOpenName: fts:test_745e897101a8a8e1_aa574717-1fff87e9, refreshWorker-after, vbucketState: "requested" (has 171 vbuckets), 513-683
2023-07-18T19:57:26.140+00:00 [INFO] cbdatasource: server: 127.0.0.1:11210, uprOpenName: fts:test_745e897101a8a8e1_aa574717-1fff87e9, worker, looping beg, vbucketState: "requested" (has 171 vbuckets), 513-683
2023-07-18T19:57:26.141+00:00 [INFO] cbdatasource: server: 127.0.0.1:11210, uprOpenName: fts:test_745e897101a8a8e1_aa574717-1fff87e9, refreshWorker-prior, vbucketState: "requested" (has 171 vbuckets), 513-683
2023-07-18T19:57:26.141+00:00 [INFO] cbdatasource: server: 127.0.0.1:11210, uprOpenName: fts:test_745e897101a8a8e1_aa574717-1fff87e9, refreshWorker-after, vbucketState: "requested" (has 171 vbuckets), 513-683
2023-07-18T19:57:26.142+00:00 [INFO] cbdatasource: server: 127.0.0.1:11210, uprOpenName: fts:test_745e897101a8a8e1_aa574717-1fff87e9, worker, looping beg, vbucketState: "requested" (has 171 vbuckets), 513-683
2023-07-18T19:57:26.158+00:00 [INFO] cbdatasource: server: 127.0.0.1:11210, uprOpenName: fts:test_745e897101a8a8e1_18572d87-7e385737, refreshWorker-after, vbucketState: "requested" (has 171 vbuckets), 684-854
2023-07-18T19:57:26.158+00:00 [INFO] cbdatasource: server: 127.0.0.1:11210, uprOpenName: fts:test_745e897101a8a8e1_18572d87-7e385737, worker, looping beg, vbucketState: "requested" (has 171 vbuckets), 684-854
2023-07-18T19:57:26.158+00:00 [INFO] cbdatasource: server: 127.0.0.1:11210, uprOpenName: fts:test_745e897101a8a8e1_18572d87-7e385737, refreshWorker-prior, vbucketState: "requested" (has 171 vbuckets), 684-854
2023-07-18T19:57:26.159+00:00 [INFO] cbdatasource: server: 127.0.0.1:11210, uprOpenName: fts:test_745e897101a8a8e1_18572d87-7e385737, refreshWorker-after, vbucketState: "requested" (has 171 vbuckets), 684-854
2023-07-18T19:57:26.161+00:00 [INFO] cbdatasource: server: 127.0.0.1:11210, uprOpenName: fts:test_745e897101a8a8e1_18572d87-7e385737, worker, looping beg, vbucketState: "requested" (has 171 vbuckets), 684-854
2023-07-18T19:57:28.241+00:00 [INFO] ctl: debounceCfgEvents duration: 2500 MS
2023-07-18T19:57:28.241+00:00 [INFO] ctl: kickIndexDefs, kind: cfgEvent
2023-07-18T19:57:33.037+00:00 [INFO] Using plain authentication for user <ud>@fts</ud> 
2023-07-18T19:57:56.006+00:00 [INFO] cbdatasource: server: 127.0.0.1:11210, uprOpenName: fts:test_745e897101a8a8e1_13aa53f3-7c5b3ecb, worker, looping beg, vbucketState: "running" (has 171 vbuckets), 0-170
2023-07-18T19:57:56.023+00:00 [INFO] cbdatasource: server: 127.0.0.1:11210, uprOpenName: fts:test_745e897101a8a8e1_6ddbfb54-b45dbde, worker, looping beg, vbucketState: "running" (has 169 vbuckets), 855-1023
2023-07-18T19:57:56.057+00:00 [INFO] cbdatasource: server: 127.0.0.1:11210, uprOpenName: fts:test_745e897101a8a8e1_f4e0a48a-26a1fa0e, worker, looping beg, vbucketState: "running" (has 171 vbuckets), 171-341
2023-07-18T19:57:56.059+00:00 [INFO] cbdatasource: server: 127.0.0.1:11210, uprOpenName: fts:test_745e897101a8a8e1_54820232-19b510a8, worker, looping beg, vbucketState: "running" (has 171 vbuckets), 342-512
2023-07-18T19:57:56.144+00:00 [INFO] cbdatasource: server: 127.0.0.1:11210, uprOpenName: fts:test_745e897101a8a8e1_aa574717-1fff87e9, worker, looping beg, vbucketState: "running" (has 171 vbuckets), 513-683
2023-07-18T19:57:56.170+00:00 [INFO] cbdatasource: server: 127.0.0.1:11210, uprOpenName: fts:test_745e897101a8a8e1_18572d87-7e385737, worker, looping beg, vbucketState: "running" (has 171 vbuckets), 684-854
2023-07-18T19:58:26.008+00:00 [INFO] cbdatasource: server: 127.0.0.1:11210, uprOpenName: fts:test_745e897101a8a8e1_13aa53f3-7c5b3ecb, worker, looping beg, vbucketState: "running" (has 171 vbuckets), 0-170
2023-07-18T19:58:26.024+00:00 [INFO] cbdatasource: server: 127.0.0.1:11210, uprOpenName: fts:test_745e897101a8a8e1_6ddbfb54-b45dbde, worker, looping beg, vbucketState: "running" (has 169 vbuckets), 855-1023
2023-07-18T19:58:26.066+00:00 [INFO] cbdatasource: server: 127.0.0.1:11210, uprOpenName: fts:test_745e897101a8a8e1_f4e0a48a-26a1fa0e, worker, looping beg, vbucketState: "running" (has 171 vbuckets), 171-341
2023-07-18T19:58:26.072+00:00 [INFO] cbdatasource: server: 127.0.0.1:11210, uprOpenName: fts:test_745e897101a8a8e1_54820232-19b510a8, worker, looping beg, vbucketState: "running" (has 171 vbuckets), 342-512
2023-07-18T19:58:26.147+00:00 [INFO] cbdatasource: server: 127.0.0.1:11210, uprOpenName: fts:test_745e897101a8a8e1_aa574717-1fff87e9, worker, looping beg, vbucketState: "running" (has 171 vbuckets), 513-683
2023-07-18T19:58:26.171+00:00 [INFO] cbdatasource: server: 127.0.0.1:11210, uprOpenName: fts:test_745e897101a8a8e1_18572d87-7e385737, worker, looping beg, vbucketState: "running" (has 171 vbuckets), 684-854
2023-07-18T19:58:56.011+00:00 [INFO] cbdatasource: server: 127.0.0.1:11210, uprOpenName: fts:test_745e897101a8a8e1_13aa53f3-7c5b3ecb, worker, looping beg, vbucketState: "running" (has 171 vbuckets), 0-170
2023-07-18T19:58:56.026+00:00 [INFO] cbdatasource: server: 127.0.0.1:11210, uprOpenName: fts:test_745e897101a8a8e1_6ddbfb54-b45dbde, worker, looping beg, vbucketState: "running" (has 169 vbuckets), 855-1023
2023-07-18T19:58:56.066+00:00 [INFO] cbdatasource: server: 127.0.0.1:11210, uprOpenName: fts:test_745e897101a8a8e1_f4e0a48a-26a1fa0e, worker, looping beg, vbucketState: "running" (has 171 vbuckets), 171-341
2023-07-18T19:58:56.073+00:00 [INFO] cbdatasource: server: 127.0.0.1:11210, uprOpenName: fts:test_745e897101a8a8e1_54820232-19b510a8, worker, looping beg, vbucketState: "running" (has 171 vbuckets), 342-512
2023-07-18T19:58:56.148+00:00 [INFO] cbdatasource: server: 127.0.0.1:11210, uprOpenName: fts:test_745e897101a8a8e1_aa574717-1fff87e9, worker, looping beg, vbucketState: "running" (has 171 vbuckets), 513-683
2023-07-18T19:58:56.171+00:00 [INFO] cbdatasource: server: 127.0.0.1:11210, uprOpenName: fts:test_745e897101a8a8e1_18572d87-7e385737, worker, looping beg, vbucketState: "running" (has 171 vbuckets), 684-854
2023-07-18T19:59:26.012+00:00 [INFO] cbdatasource: server: 127.0.0.1:11210, uprOpenName: fts:test_745e897101a8a8e1_13aa53f3-7c5b3ecb, worker, looping beg, vbucketState: "running" (has 171 vbuckets), 0-170
2023-07-18T19:59:26.026+00:00 [INFO] cbdatasource: server: 127.0.0.1:11210, uprOpenName: fts:test_745e897101a8a8e1_6ddbfb54-b45dbde, worker, looping beg, vbucketState: "running" (has 169 vbuckets), 855-1023
2023-07-18T19:59:26.067+00:00 [INFO] cbdatasource: server: 127.0.0.1:11210, uprOpenName: fts:test_745e897101a8a8e1_f4e0a48a-26a1fa0e, worker, looping beg, vbucketState: "running" (has 171 vbuckets), 171-341
2023-07-18T19:59:26.073+00:00 [INFO] cbdatasource: server: 127.0.0.1:11210, uprOpenName: fts:test_745e897101a8a8e1_54820232-19b510a8, worker, looping beg, vbucketState: "running" (has 171 vbuckets), 342-512
2023-07-18T19:59:26.149+00:00 [INFO] cbdatasource: server: 127.0.0.1:11210, uprOpenName: fts:test_745e897101a8a8e1_aa574717-1fff87e9, worker, looping beg, vbucketState: "running" (has 171 vbuckets), 513-683
2023-07-18T19:59:26.172+00:00 [INFO] cbdatasource: server: 127.0.0.1:11210, uprOpenName: fts:test_745e897101a8a8e1_18572d87-7e385737, worker, looping beg, vbucketState: "running" (has 171 vbuckets), 684-854
