[metakv:debug,2023-07-18T19:57:17.927Z,ns_1@cb.local:simple_store_xdcr_ckpt_data<0.368.0>:simple_store:init:114]Creating Table: xdcr_ckpt_data
[metakv:debug,2023-07-18T19:57:17.966Z,ns_1@cb.local:simple_store_testconditions<0.476.0>:simple_store:init:114]Creating Table: testconditions
[metakv:debug,2023-07-18T19:57:18.163Z,ns_1@cb.local:<0.399.0>:menelaus_metakv:handle_iterate:133]Starting iteration of /remoteCluster/. Continuous = false
[metakv:debug,2023-07-18T19:57:18.166Z,ns_1@cb.local:<0.399.0>:menelaus_metakv:handle_iterate:133]Starting iteration of /remoteCluster/. Continuous = false
[metakv:debug,2023-07-18T19:57:18.167Z,ns_1@cb.local:<0.399.0>:menelaus_metakv:handle_iterate:133]Starting iteration of /replicationSpec/. Continuous = false
[metakv:debug,2023-07-18T19:57:18.189Z,ns_1@cb.local:<0.402.0>:menelaus_metakv:handle_iterate:133]Starting iteration of /GlobalConfiguration/. Continuous = true
[metakv:debug,2023-07-18T19:57:19.199Z,ns_1@cb.local:<0.403.0>:menelaus_metakv:handle_iterate:133]Starting iteration of /V2InternalSettings/. Continuous = true
[metakv:debug,2023-07-18T19:57:20.197Z,ns_1@cb.local:<0.709.0>:menelaus_metakv:handle_iterate:133]Starting iteration of /remoteCluster/. Continuous = true
[metakv:debug,2023-07-18T19:57:21.210Z,ns_1@cb.local:<0.408.0>:menelaus_metakv:handle_iterate:133]Starting iteration of /replicationSpec/. Continuous = true
[metakv:debug,2023-07-18T19:57:21.945Z,ns_1@cb.local:<0.515.0>:menelaus_metakv:handle_iterate:133]Starting iteration of /. Continuous = true
[metakv:debug,2023-07-18T19:57:21.945Z,ns_1@cb.local:<0.515.0>:menelaus_metakv:write_chunk:161]Sent /indexing/settings/config rev: g2wAAAABaAJtAAAAIGZjNmJkNGEyZGQ3NjMzN2Y5NDE3ODFjN2Q0NTBlNDg0aAJhAm4FAKFqK94Oag== sensitive: false
[metakv:debug,2023-07-18T19:57:21.945Z,ns_1@cb.local:<0.515.0>:menelaus_metakv:write_chunk:161]Sent /eventing/settings/config rev: g2wAAAABaAJtAAAAIGZjNmJkNGEyZGQ3NjMzN2Y5NDE3ODFjN2Q0NTBlNDg0aAJhAW4FAJ5qK94Oag== sensitive: false
[metakv:debug,2023-07-18T19:57:21.945Z,ns_1@cb.local:<0.515.0>:menelaus_metakv:write_chunk:161]Sent /query/settings/config rev: g2wAAAABaAJtAAAAIGZjNmJkNGEyZGQ3NjMzN2Y5NDE3ODFjN2Q0NTBlNDg0aAJhAm4FAJ5qK94Oag== sensitive: false
[metakv:debug,2023-07-18T19:57:22.097Z,ns_1@cb.local:<0.918.0>:menelaus_metakv:handle_iterate:133]Starting iteration of /fts/cbgt/cfg/. Continuous = true
[metakv:debug,2023-07-18T19:57:22.098Z,ns_1@cb.local:<0.933.0>:menelaus_metakv:handle_iterate:133]Starting iteration of /fts/cbgt/cfg/. Continuous = false
[metakv:debug,2023-07-18T19:57:22.107Z,ns_1@cb.local:<0.825.0>:menelaus_metakv:handle_iterate:133]Starting iteration of /indexing/settings/. Continuous = true
[metakv:debug,2023-07-18T19:57:22.107Z,ns_1@cb.local:<0.933.0>:menelaus_metakv:handle_iterate:133]Starting iteration of /fts/cbgt/cfg/nodeDefs-known/. Continuous = false
[metakv:debug,2023-07-18T19:57:22.107Z,ns_1@cb.local:<0.825.0>:menelaus_metakv:write_chunk:161]Sent /indexing/settings/config rev: g2wAAAABaAJtAAAAIGZjNmJkNGEyZGQ3NjMzN2Y5NDE3ODFjN2Q0NTBlNDg0aAJhAm4FAKFqK94Oag== sensitive: false
[metakv:debug,2023-07-18T19:57:22.108Z,ns_1@cb.local:<0.949.0>:menelaus_metakv:handle_iterate:133]Starting iteration of /fts/cbgt/cfg/. Continuous = true
[metakv:debug,2023-07-18T19:57:22.134Z,ns_1@cb.local:<0.963.0>:menelaus_metakv:handle_mutate:90]Updated <<"/fts/cbgt/cfg/nodeDefs-known/fc6bd4a2dd76337f941781c7d450e484">>. Elapsed time:0 ms.
[metakv:debug,2023-07-18T19:57:22.134Z,ns_1@cb.local:<0.949.0>:menelaus_metakv:write_chunk:161]Sent /fts/cbgt/cfg/nodeDefs-known/fc6bd4a2dd76337f941781c7d450e484 rev: g2wAAAABaAJtAAAAIGZjNmJkNGEyZGQ3NjMzN2Y5NDE3ODFjN2Q0NTBlNDg0aAJhAW4FAKJqK94Oag== sensitive: false
[metakv:debug,2023-07-18T19:57:22.134Z,ns_1@cb.local:<0.515.0>:menelaus_metakv:write_chunk:161]Sent /fts/cbgt/cfg/nodeDefs-known/fc6bd4a2dd76337f941781c7d450e484 rev: g2wAAAABaAJtAAAAIGZjNmJkNGEyZGQ3NjMzN2Y5NDE3ODFjN2Q0NTBlNDg0aAJhAW4FAKJqK94Oag== sensitive: false
[metakv:debug,2023-07-18T19:57:22.134Z,ns_1@cb.local:<0.918.0>:menelaus_metakv:write_chunk:161]Sent /fts/cbgt/cfg/nodeDefs-known/fc6bd4a2dd76337f941781c7d450e484 rev: g2wAAAABaAJtAAAAIGZjNmJkNGEyZGQ3NjMzN2Y5NDE3ODFjN2Q0NTBlNDg0aAJhAW4FAKJqK94Oag== sensitive: false
[metakv:debug,2023-07-18T19:57:22.135Z,ns_1@cb.local:<0.963.0>:menelaus_metakv:handle_iterate:133]Starting iteration of /fts/cbgt/cfg/nodeDefs-wanted/. Continuous = false
[metakv:debug,2023-07-18T19:57:22.154Z,ns_1@cb.local:<0.974.0>:menelaus_metakv:handle_mutate:90]Updated <<"/fts/cbgt/cfg/nodeDefs-wanted/fc6bd4a2dd76337f941781c7d450e484">>. Elapsed time:0 ms.
[metakv:debug,2023-07-18T19:57:22.154Z,ns_1@cb.local:<0.949.0>:menelaus_metakv:write_chunk:161]Sent /fts/cbgt/cfg/nodeDefs-wanted/fc6bd4a2dd76337f941781c7d450e484 rev: g2wAAAABaAJtAAAAIGZjNmJkNGEyZGQ3NjMzN2Y5NDE3ODFjN2Q0NTBlNDg0aAJhAW4FAKJqK94Oag== sensitive: false
[metakv:debug,2023-07-18T19:57:22.154Z,ns_1@cb.local:<0.515.0>:menelaus_metakv:write_chunk:161]Sent /fts/cbgt/cfg/nodeDefs-wanted/fc6bd4a2dd76337f941781c7d450e484 rev: g2wAAAABaAJtAAAAIGZjNmJkNGEyZGQ3NjMzN2Y5NDE3ODFjN2Q0NTBlNDg0aAJhAW4FAKJqK94Oag== sensitive: false
[metakv:debug,2023-07-18T19:57:22.154Z,ns_1@cb.local:<0.918.0>:menelaus_metakv:write_chunk:161]Sent /fts/cbgt/cfg/nodeDefs-wanted/fc6bd4a2dd76337f941781c7d450e484 rev: g2wAAAABaAJtAAAAIGZjNmJkNGEyZGQ3NjMzN2Y5NDE3ODFjN2Q0NTBlNDg0aAJhAW4FAKJqK94Oag== sensitive: false
[metakv:debug,2023-07-18T19:57:22.173Z,ns_1@cb.local:<0.990.0>:menelaus_metakv:handle_iterate:133]Starting iteration of /indexing/ddl/commandToken/. Continuous = true
[metakv:debug,2023-07-18T19:57:22.193Z,ns_1@cb.local:<0.994.0>:menelaus_metakv:handle_mutate:90]Updated <<"/query/dictionary_cache/counter">>. Elapsed time:1 ms.
[metakv:debug,2023-07-18T19:57:22.194Z,ns_1@cb.local:<0.515.0>:menelaus_metakv:write_chunk:161]Sent /query/dictionary_cache/counter rev: g2wAAAABaAJtAAAAIGZjNmJkNGEyZGQ3NjMzN2Y5NDE3ODFjN2Q0NTBlNDg0aAJhAW4FAKJqK94Oag== sensitive: false
[metakv:debug,2023-07-18T19:57:22.208Z,ns_1@cb.local:<0.1002.0>:menelaus_metakv:handle_iterate:133]Starting iteration of /fts/cbgt/cfg/nodeDefs-wanted/. Continuous = false
[metakv:debug,2023-07-18T19:57:22.209Z,ns_1@cb.local:<0.1007.0>:menelaus_metakv:handle_iterate:133]Starting iteration of /indexing/ddl/commandToken/. Continuous = true
[metakv:debug,2023-07-18T19:57:22.209Z,ns_1@cb.local:<0.1002.0>:menelaus_metakv:write_chunk:161]Sent /fts/cbgt/cfg/nodeDefs-wanted/fc6bd4a2dd76337f941781c7d450e484 rev: g2wAAAABaAJtAAAAIGZjNmJkNGEyZGQ3NjMzN2Y5NDE3ODFjN2Q0NTBlNDg0aAJhAW4FAKJqK94Oag== sensitive: false
[metakv:debug,2023-07-18T19:57:22.210Z,ns_1@cb.local:<0.995.0>:menelaus_metakv:handle_iterate:133]Starting iteration of /indexing/rebalance/. Continuous = true
[metakv:debug,2023-07-18T19:57:22.210Z,ns_1@cb.local:<0.994.0>:menelaus_metakv:handle_iterate:133]Starting iteration of /query/dictionary_cache/. Continuous = true
[metakv:debug,2023-07-18T19:57:22.213Z,ns_1@cb.local:<0.1009.0>:menelaus_metakv:handle_iterate:133]Starting iteration of /query/settings/. Continuous = true
[metakv:debug,2023-07-18T19:57:22.214Z,ns_1@cb.local:<0.1009.0>:menelaus_metakv:write_chunk:161]Sent /query/settings/config rev: g2wAAAABaAJtAAAAIGZjNmJkNGEyZGQ3NjMzN2Y5NDE3ODFjN2Q0NTBlNDg0aAJhAm4FAJ5qK94Oag== sensitive: false
[metakv:debug,2023-07-18T19:57:22.215Z,ns_1@cb.local:<0.1003.0>:menelaus_metakv:handle_iterate:133]Starting iteration of /indexing/ddl/commandToken/. Continuous = true
[metakv:debug,2023-07-18T19:57:22.215Z,ns_1@cb.local:<0.994.0>:menelaus_metakv:write_chunk:161]Sent /query/dictionary_cache/counter rev: g2wAAAABaAJtAAAAIGZjNmJkNGEyZGQ3NjMzN2Y5NDE3ODFjN2Q0NTBlNDg0aAJhAW4FAKJqK94Oag== sensitive: false
[metakv:debug,2023-07-18T19:57:22.243Z,ns_1@cb.local:<0.1066.0>:menelaus_metakv:handle_iterate:133]Starting iteration of /fts/cbgt/cfg/. Continuous = false
[metakv:debug,2023-07-18T19:57:22.243Z,ns_1@cb.local:<0.1066.0>:menelaus_metakv:write_chunk:161]Sent /fts/cbgt/cfg/nodeDefs-wanted/fc6bd4a2dd76337f941781c7d450e484 rev: g2wAAAABaAJtAAAAIGZjNmJkNGEyZGQ3NjMzN2Y5NDE3ODFjN2Q0NTBlNDg0aAJhAW4FAKJqK94Oag== sensitive: false
[metakv:debug,2023-07-18T19:57:22.243Z,ns_1@cb.local:<0.1066.0>:menelaus_metakv:write_chunk:161]Sent /fts/cbgt/cfg/nodeDefs-known/fc6bd4a2dd76337f941781c7d450e484 rev: g2wAAAABaAJtAAAAIGZjNmJkNGEyZGQ3NjMzN2Y5NDE3ODFjN2Q0NTBlNDg0aAJhAW4FAKJqK94Oag== sensitive: false
[metakv:debug,2023-07-18T19:57:22.247Z,ns_1@cb.local:<0.949.0>:menelaus_metakv:write_chunk:161]Sent /fts/cbgt/cfg/version rev: g2wAAAABaAJtAAAAIGZjNmJkNGEyZGQ3NjMzN2Y5NDE3ODFjN2Q0NTBlNDg0aAJhAW4FAKJqK94Oag== sensitive: false
[metakv:debug,2023-07-18T19:57:22.247Z,ns_1@cb.local:<0.918.0>:menelaus_metakv:write_chunk:161]Sent /fts/cbgt/cfg/version rev: g2wAAAABaAJtAAAAIGZjNmJkNGEyZGQ3NjMzN2Y5NDE3ODFjN2Q0NTBlNDg0aAJhAW4FAKJqK94Oag== sensitive: false
[metakv:debug,2023-07-18T19:57:22.247Z,ns_1@cb.local:<0.515.0>:menelaus_metakv:write_chunk:161]Sent /fts/cbgt/cfg/version rev: g2wAAAABaAJtAAAAIGZjNmJkNGEyZGQ3NjMzN2Y5NDE3ODFjN2Q0NTBlNDg0aAJhAW4FAKJqK94Oag== sensitive: false
[metakv:debug,2023-07-18T19:57:22.249Z,ns_1@cb.local:<0.1066.0>:menelaus_metakv:handle_mutate:90]Updated <<"/fts/cbgt/cfg/version">>. Elapsed time:3 ms.
[metakv:debug,2023-07-18T19:57:22.260Z,ns_1@cb.local:<0.1041.0>:menelaus_metakv:handle_mutate:90]Updated <<"/query/functions_cache/counter">>. Elapsed time:0 ms.
[metakv:debug,2023-07-18T19:57:22.260Z,ns_1@cb.local:<0.515.0>:menelaus_metakv:write_chunk:161]Sent /query/functions_cache/counter rev: g2wAAAABaAJtAAAAIGZjNmJkNGEyZGQ3NjMzN2Y5NDE3ODFjN2Q0NTBlNDg0aAJhAW4FAKJqK94Oag== sensitive: false
[metakv:debug,2023-07-18T19:57:22.262Z,ns_1@cb.local:<0.1041.0>:menelaus_metakv:handle_iterate:133]Starting iteration of /query/functions_cache/. Continuous = true
[metakv:debug,2023-07-18T19:57:22.262Z,ns_1@cb.local:<0.1041.0>:menelaus_metakv:write_chunk:161]Sent /query/functions_cache/counter rev: g2wAAAABaAJtAAAAIGZjNmJkNGEyZGQ3NjMzN2Y5NDE3ODFjN2Q0NTBlNDg0aAJhAW4FAKJqK94Oag== sensitive: false
[metakv:debug,2023-07-18T19:57:22.264Z,ns_1@cb.local:<0.1078.0>:menelaus_metakv:handle_iterate:133]Starting iteration of /fts/cbgt/cfg/nodeDefs-known/. Continuous = false
[metakv:debug,2023-07-18T19:57:22.264Z,ns_1@cb.local:<0.1078.0>:menelaus_metakv:write_chunk:161]Sent /fts/cbgt/cfg/nodeDefs-known/fc6bd4a2dd76337f941781c7d450e484 rev: g2wAAAABaAJtAAAAIGZjNmJkNGEyZGQ3NjMzN2Y5NDE3ODFjN2Q0NTBlNDg0aAJhAW4FAKJqK94Oag== sensitive: false
[metakv:debug,2023-07-18T19:57:22.265Z,ns_1@cb.local:<0.1078.0>:menelaus_metakv:handle_iterate:133]Starting iteration of /fts/cbgt/cfg/nodeDefs-wanted/. Continuous = false
[metakv:debug,2023-07-18T19:57:22.266Z,ns_1@cb.local:<0.1078.0>:menelaus_metakv:write_chunk:161]Sent /fts/cbgt/cfg/nodeDefs-wanted/fc6bd4a2dd76337f941781c7d450e484 rev: g2wAAAABaAJtAAAAIGZjNmJkNGEyZGQ3NjMzN2Y5NDE3ODFjN2Q0NTBlNDg0aAJhAW4FAKJqK94Oag== sensitive: false
[metakv:debug,2023-07-18T19:57:22.271Z,ns_1@cb.local:<0.1086.0>:menelaus_metakv:handle_iterate:133]Starting iteration of /fts/cbgt/cfg/nodeDefs-wanted/. Continuous = false
[metakv:debug,2023-07-18T19:57:22.271Z,ns_1@cb.local:<0.1086.0>:menelaus_metakv:write_chunk:161]Sent /fts/cbgt/cfg/nodeDefs-wanted/fc6bd4a2dd76337f941781c7d450e484 rev: g2wAAAABaAJtAAAAIGZjNmJkNGEyZGQ3NjMzN2Y5NDE3ODFjN2Q0NTBlNDg0aAJhAW4FAKJqK94Oag== sensitive: false
[metakv:debug,2023-07-18T19:57:22.273Z,ns_1@cb.local:<0.1088.0>:menelaus_metakv:handle_iterate:133]Starting iteration of /js-evaluator/libraries/. Continuous = true
[metakv:debug,2023-07-18T19:57:22.278Z,ns_1@cb.local:<0.1090.0>:menelaus_metakv:handle_iterate:133]Starting iteration of /fts/cbgt/cfg/nodeDefs-wanted/. Continuous = false
[metakv:debug,2023-07-18T19:57:22.278Z,ns_1@cb.local:<0.1090.0>:menelaus_metakv:write_chunk:161]Sent /fts/cbgt/cfg/nodeDefs-wanted/fc6bd4a2dd76337f941781c7d450e484 rev: g2wAAAABaAJtAAAAIGZjNmJkNGEyZGQ3NjMzN2Y5NDE3ODFjN2Q0NTBlNDg0aAJhAW4FAKJqK94Oag== sensitive: false
[metakv:debug,2023-07-18T19:57:22.281Z,ns_1@cb.local:<0.1090.0>:menelaus_metakv:handle_iterate:133]Starting iteration of /fts/cbgt/cfg/nodeDefs-known/. Continuous = false
[metakv:debug,2023-07-18T19:57:22.281Z,ns_1@cb.local:<0.1090.0>:menelaus_metakv:write_chunk:161]Sent /fts/cbgt/cfg/nodeDefs-known/fc6bd4a2dd76337f941781c7d450e484 rev: g2wAAAABaAJtAAAAIGZjNmJkNGEyZGQ3NjMzN2Y5NDE3ODFjN2Q0NTBlNDg0aAJhAW4FAKJqK94Oag== sensitive: false
[metakv:debug,2023-07-18T19:57:22.282Z,ns_1@cb.local:<0.1090.0>:menelaus_metakv:handle_iterate:133]Starting iteration of /fts/cbgt/cfg/nodeDefs-wanted/. Continuous = false
[metakv:debug,2023-07-18T19:57:22.282Z,ns_1@cb.local:<0.1090.0>:menelaus_metakv:write_chunk:161]Sent /fts/cbgt/cfg/nodeDefs-wanted/fc6bd4a2dd76337f941781c7d450e484 rev: g2wAAAABaAJtAAAAIGZjNmJkNGEyZGQ3NjMzN2Y5NDE3ODFjN2Q0NTBlNDg0aAJhAW4FAKJqK94Oag== sensitive: false
[metakv:debug,2023-07-18T19:57:22.284Z,ns_1@cb.local:<0.1090.0>:menelaus_metakv:handle_iterate:133]Starting iteration of /fts/cbgt/cfg/nodeDefs-known/. Continuous = false
[metakv:debug,2023-07-18T19:57:22.285Z,ns_1@cb.local:<0.1090.0>:menelaus_metakv:write_chunk:161]Sent /fts/cbgt/cfg/nodeDefs-known/fc6bd4a2dd76337f941781c7d450e484 rev: g2wAAAABaAJtAAAAIGZjNmJkNGEyZGQ3NjMzN2Y5NDE3ODFjN2Q0NTBlNDg0aAJhAW4FAKJqK94Oag== sensitive: false
[metakv:debug,2023-07-18T19:57:22.287Z,ns_1@cb.local:<0.1090.0>:menelaus_metakv:handle_iterate:133]Starting iteration of /fts/cbgt/cfg/nodeDefs-wanted/. Continuous = false
[metakv:debug,2023-07-18T19:57:22.287Z,ns_1@cb.local:<0.1090.0>:menelaus_metakv:write_chunk:161]Sent /fts/cbgt/cfg/nodeDefs-wanted/fc6bd4a2dd76337f941781c7d450e484 rev: g2wAAAABaAJtAAAAIGZjNmJkNGEyZGQ3NjMzN2Y5NDE3ODFjN2Q0NTBlNDg0aAJhAW4FAKJqK94Oag== sensitive: false
[metakv:debug,2023-07-18T19:57:22.292Z,ns_1@cb.local:<0.1092.0>:menelaus_metakv:handle_iterate:133]Starting iteration of /fts/cbgt/cfg/nodeDefs-known/. Continuous = false
[metakv:debug,2023-07-18T19:57:22.292Z,ns_1@cb.local:<0.1092.0>:menelaus_metakv:write_chunk:161]Sent /fts/cbgt/cfg/nodeDefs-known/fc6bd4a2dd76337f941781c7d450e484 rev: g2wAAAABaAJtAAAAIGZjNmJkNGEyZGQ3NjMzN2Y5NDE3ODFjN2Q0NTBlNDg0aAJhAW4FAKJqK94Oag== sensitive: false
[metakv:debug,2023-07-18T19:57:22.299Z,ns_1@cb.local:<0.1092.0>:menelaus_metakv:handle_iterate:133]Starting iteration of /fts/cbgt/cfg/nodeDefs-wanted/. Continuous = false
[metakv:debug,2023-07-18T19:57:22.299Z,ns_1@cb.local:<0.1092.0>:menelaus_metakv:write_chunk:161]Sent /fts/cbgt/cfg/nodeDefs-wanted/fc6bd4a2dd76337f941781c7d450e484 rev: g2wAAAABaAJtAAAAIGZjNmJkNGEyZGQ3NjMzN2Y5NDE3ODFjN2Q0NTBlNDg0aAJhAW4FAKJqK94Oag== sensitive: false
[metakv:debug,2023-07-18T19:57:22.551Z,ns_1@cb.local:<0.1100.0>:menelaus_metakv:handle_iterate:133]Starting iteration of /cbas/. Continuous = true
[metakv:debug,2023-07-18T19:57:23.023Z,ns_1@cb.local:<0.1108.0>:menelaus_metakv:handle_iterate:133]Starting iteration of /fts/cbgt/cfg/nodeDefs-wanted/. Continuous = false
[metakv:debug,2023-07-18T19:57:23.024Z,ns_1@cb.local:<0.1108.0>:menelaus_metakv:write_chunk:161]Sent /fts/cbgt/cfg/nodeDefs-wanted/fc6bd4a2dd76337f941781c7d450e484 rev: g2wAAAABaAJtAAAAIGZjNmJkNGEyZGQ3NjMzN2Y5NDE3ODFjN2Q0NTBlNDg0aAJhAW4FAKJqK94Oag== sensitive: false
[metakv:debug,2023-07-18T19:57:23.026Z,ns_1@cb.local:<0.1108.0>:menelaus_metakv:handle_iterate:133]Starting iteration of /fts/cbgt/cfg/nodeDefs-known/. Continuous = false
[metakv:debug,2023-07-18T19:57:23.026Z,ns_1@cb.local:<0.1108.0>:menelaus_metakv:write_chunk:161]Sent /fts/cbgt/cfg/nodeDefs-known/fc6bd4a2dd76337f941781c7d450e484 rev: g2wAAAABaAJtAAAAIGZjNmJkNGEyZGQ3NjMzN2Y5NDE3ODFjN2Q0NTBlNDg0aAJhAW4FAKJqK94Oag== sensitive: false
[metakv:debug,2023-07-18T19:57:23.027Z,ns_1@cb.local:<0.1108.0>:menelaus_metakv:handle_iterate:133]Starting iteration of /fts/cbgt/cfg/nodeDefs-wanted/. Continuous = false
[metakv:debug,2023-07-18T19:57:23.027Z,ns_1@cb.local:<0.1108.0>:menelaus_metakv:write_chunk:161]Sent /fts/cbgt/cfg/nodeDefs-wanted/fc6bd4a2dd76337f941781c7d450e484 rev: g2wAAAABaAJtAAAAIGZjNmJkNGEyZGQ3NjMzN2Y5NDE3ODFjN2Q0NTBlNDg0aAJhAW4FAKJqK94Oag== sensitive: false
[metakv:debug,2023-07-18T19:57:23.115Z,ns_1@cb.local:<0.1125.0>:menelaus_metakv:handle_mutate:90]Updated <<"/cbas/node/fc6bd4a2dd76337f941781c7d450e484">>. Elapsed time:0 ms.
[metakv:debug,2023-07-18T19:57:23.118Z,ns_1@cb.local:<0.1100.0>:menelaus_metakv:write_chunk:161]Sent /cbas/nextPartitionId rev: g2wAAAABaAJtAAAAIGZjNmJkNGEyZGQ3NjMzN2Y5NDE3ODFjN2Q0NTBlNDg0aAJhAW4FAKNqK94Oag== sensitive: false
[metakv:debug,2023-07-18T19:57:23.118Z,ns_1@cb.local:<0.515.0>:menelaus_metakv:write_chunk:161]Sent /cbas/nextPartitionId rev: g2wAAAABaAJtAAAAIGZjNmJkNGEyZGQ3NjMzN2Y5NDE3ODFjN2Q0NTBlNDg0aAJhAW4FAKNqK94Oag== sensitive: false
[metakv:debug,2023-07-18T19:57:23.118Z,ns_1@cb.local:<0.1125.0>:menelaus_metakv:handle_mutate:90]Updated <<"/cbas/nextPartitionId">>. Elapsed time:0 ms.
[metakv:debug,2023-07-18T19:57:23.120Z,ns_1@cb.local:<0.1125.0>:menelaus_metakv:handle_mutate:90]Updated <<"/cbas/nextControllerId">>. Elapsed time:0 ms.
[metakv:debug,2023-07-18T19:57:23.120Z,ns_1@cb.local:<0.1100.0>:menelaus_metakv:write_chunk:161]Sent /cbas/nextControllerId rev: g2wAAAABaAJtAAAAIGZjNmJkNGEyZGQ3NjMzN2Y5NDE3ODFjN2Q0NTBlNDg0aAJhAW4FAKNqK94Oag== sensitive: false
[metakv:debug,2023-07-18T19:57:23.120Z,ns_1@cb.local:<0.515.0>:menelaus_metakv:write_chunk:161]Sent /cbas/nextControllerId rev: g2wAAAABaAJtAAAAIGZjNmJkNGEyZGQ3NjMzN2Y5NDE3ODFjN2Q0NTBlNDg0aAJhAW4FAKNqK94Oag== sensitive: false
[metakv:debug,2023-07-18T19:57:23.123Z,ns_1@cb.local:<0.515.0>:menelaus_metakv:write_chunk:161]Sent /cbas/topology rev: g2wAAAABaAJtAAAAIGZjNmJkNGEyZGQ3NjMzN2Y5NDE3ODFjN2Q0NTBlNDg0aAJhAW4FAKNqK94Oag== sensitive: false
[metakv:debug,2023-07-18T19:57:23.123Z,ns_1@cb.local:<0.1125.0>:menelaus_metakv:handle_mutate:90]Updated <<"/cbas/topology">>. Elapsed time:0 ms.
[metakv:debug,2023-07-18T19:57:23.123Z,ns_1@cb.local:<0.1100.0>:menelaus_metakv:write_chunk:161]Sent /cbas/topology rev: g2wAAAABaAJtAAAAIGZjNmJkNGEyZGQ3NjMzN2Y5NDE3ODFjN2Q0NTBlNDg0aAJhAW4FAKNqK94Oag== sensitive: false
[metakv:debug,2023-07-18T19:57:23.133Z,ns_1@cb.local:<0.1126.0>:menelaus_metakv:handle_iterate:133]Starting iteration of /fts/cbgt/cfg/nodeDefs-wanted/. Continuous = false
[metakv:debug,2023-07-18T19:57:23.133Z,ns_1@cb.local:<0.1126.0>:menelaus_metakv:write_chunk:161]Sent /fts/cbgt/cfg/nodeDefs-wanted/fc6bd4a2dd76337f941781c7d450e484 rev: g2wAAAABaAJtAAAAIGZjNmJkNGEyZGQ3NjMzN2Y5NDE3ODFjN2Q0NTBlNDg0aAJhAW4FAKJqK94Oag== sensitive: false
[metakv:debug,2023-07-18T19:57:23.138Z,ns_1@cb.local:<0.1126.0>:menelaus_metakv:handle_iterate:133]Starting iteration of /fts/cbgt/cfg/nodeDefs-wanted/. Continuous = false
[metakv:debug,2023-07-18T19:57:23.138Z,ns_1@cb.local:<0.1126.0>:menelaus_metakv:write_chunk:161]Sent /fts/cbgt/cfg/nodeDefs-wanted/fc6bd4a2dd76337f941781c7d450e484 rev: g2wAAAABaAJtAAAAIGZjNmJkNGEyZGQ3NjMzN2Y5NDE3ODFjN2Q0NTBlNDg0aAJhAW4FAKJqK94Oag== sensitive: false
[metakv:debug,2023-07-18T19:57:23.147Z,ns_1@cb.local:<0.1129.0>:menelaus_metakv:handle_iterate:133]Starting iteration of /fts/cbgt/cfg/nodeDefs-wanted/. Continuous = false
[metakv:debug,2023-07-18T19:57:23.147Z,ns_1@cb.local:<0.1129.0>:menelaus_metakv:write_chunk:161]Sent /fts/cbgt/cfg/nodeDefs-wanted/fc6bd4a2dd76337f941781c7d450e484 rev: g2wAAAABaAJtAAAAIGZjNmJkNGEyZGQ3NjMzN2Y5NDE3ODFjN2Q0NTBlNDg0aAJhAW4FAKJqK94Oag== sensitive: false
[metakv:debug,2023-07-18T19:57:23.154Z,ns_1@cb.local:<0.1131.0>:menelaus_metakv:handle_iterate:133]Starting iteration of /fts/cbgt/cfg/nodeDefs-wanted/. Continuous = false
[metakv:debug,2023-07-18T19:57:23.154Z,ns_1@cb.local:<0.1131.0>:menelaus_metakv:write_chunk:161]Sent /fts/cbgt/cfg/nodeDefs-wanted/fc6bd4a2dd76337f941781c7d450e484 rev: g2wAAAABaAJtAAAAIGZjNmJkNGEyZGQ3NjMzN2Y5NDE3ODFjN2Q0NTBlNDg0aAJhAW4FAKJqK94Oag== sensitive: false
[metakv:debug,2023-07-18T19:57:23.156Z,ns_1@cb.local:<0.1131.0>:menelaus_metakv:handle_iterate:133]Starting iteration of /fts/cbgt/cfg/nodeDefs-known/. Continuous = false
[metakv:debug,2023-07-18T19:57:23.156Z,ns_1@cb.local:<0.1131.0>:menelaus_metakv:write_chunk:161]Sent /fts/cbgt/cfg/nodeDefs-known/fc6bd4a2dd76337f941781c7d450e484 rev: g2wAAAABaAJtAAAAIGZjNmJkNGEyZGQ3NjMzN2Y5NDE3ODFjN2Q0NTBlNDg0aAJhAW4FAKJqK94Oag== sensitive: false
[metakv:debug,2023-07-18T19:57:23.157Z,ns_1@cb.local:<0.1131.0>:menelaus_metakv:handle_iterate:133]Starting iteration of /fts/cbgt/cfg/nodeDefs-wanted/. Continuous = false
[metakv:debug,2023-07-18T19:57:23.157Z,ns_1@cb.local:<0.1131.0>:menelaus_metakv:write_chunk:161]Sent /fts/cbgt/cfg/nodeDefs-wanted/fc6bd4a2dd76337f941781c7d450e484 rev: g2wAAAABaAJtAAAAIGZjNmJkNGEyZGQ3NjMzN2Y5NDE3ODFjN2Q0NTBlNDg0aAJhAW4FAKJqK94Oag== sensitive: false
[metakv:debug,2023-07-18T19:57:23.163Z,ns_1@cb.local:<0.1134.0>:menelaus_metakv:handle_iterate:133]Starting iteration of /fts/cbgt/cfg/nodeDefs-known/. Continuous = false
[metakv:debug,2023-07-18T19:57:23.163Z,ns_1@cb.local:<0.1134.0>:menelaus_metakv:write_chunk:161]Sent /fts/cbgt/cfg/nodeDefs-known/fc6bd4a2dd76337f941781c7d450e484 rev: g2wAAAABaAJtAAAAIGZjNmJkNGEyZGQ3NjMzN2Y5NDE3ODFjN2Q0NTBlNDg0aAJhAW4FAKJqK94Oag== sensitive: false
[metakv:debug,2023-07-18T19:57:23.164Z,ns_1@cb.local:<0.1134.0>:menelaus_metakv:handle_iterate:133]Starting iteration of /fts/cbgt/cfg/nodeDefs-wanted/. Continuous = false
[metakv:debug,2023-07-18T19:57:23.164Z,ns_1@cb.local:<0.1134.0>:menelaus_metakv:write_chunk:161]Sent /fts/cbgt/cfg/nodeDefs-wanted/fc6bd4a2dd76337f941781c7d450e484 rev: g2wAAAABaAJtAAAAIGZjNmJkNGEyZGQ3NjMzN2Y5NDE3ODFjN2Q0NTBlNDg0aAJhAW4FAKJqK94Oag== sensitive: false
[metakv:debug,2023-07-18T19:57:23.168Z,ns_1@cb.local:<0.1138.0>:menelaus_metakv:handle_iterate:133]Starting iteration of /fts/cbgt/cfg/nodeDefs-wanted/. Continuous = false
[metakv:debug,2023-07-18T19:57:23.168Z,ns_1@cb.local:<0.1138.0>:menelaus_metakv:write_chunk:161]Sent /fts/cbgt/cfg/nodeDefs-wanted/fc6bd4a2dd76337f941781c7d450e484 rev: g2wAAAABaAJtAAAAIGZjNmJkNGEyZGQ3NjMzN2Y5NDE3ODFjN2Q0NTBlNDg0aAJhAW4FAKJqK94Oag== sensitive: false
[metakv:debug,2023-07-18T19:57:23.175Z,ns_1@cb.local:<0.1076.0>:menelaus_metakv:handle_iterate:133]Starting iteration of /indexing/rebalance/. Continuous = false
[metakv:debug,2023-07-18T19:57:23.181Z,ns_1@cb.local:<0.1076.0>:menelaus_metakv:handle_iterate:133]Starting iteration of /indexing/rebalance/. Continuous = false
[metakv:debug,2023-07-18T19:57:23.203Z,ns_1@cb.local:<0.995.0>:menelaus_metakv:write_chunk:161]Sent /indexing/rebalance/RebalanceToken rev: g2wAAAABaAJtAAAAIGZjNmJkNGEyZGQ3NjMzN2Y5NDE3ODFjN2Q0NTBlNDg0aAJhAW4FAKNqK94Oag== sensitive: false
[metakv:debug,2023-07-18T19:57:23.203Z,ns_1@cb.local:<0.515.0>:menelaus_metakv:write_chunk:161]Sent /indexing/rebalance/RebalanceToken rev: g2wAAAABaAJtAAAAIGZjNmJkNGEyZGQ3NjMzN2Y5NDE3ODFjN2Q0NTBlNDg0aAJhAW4FAKNqK94Oag== sensitive: false
[metakv:debug,2023-07-18T19:57:23.203Z,ns_1@cb.local:<0.1185.0>:menelaus_metakv:handle_mutate:90]Updated <<"/indexing/rebalance/RebalanceToken">>. Elapsed time:0 ms.
[metakv:debug,2023-07-18T19:57:23.224Z,ns_1@cb.local:<0.995.0>:menelaus_metakv:write_chunk:161]Sent /indexing/rebalance/RebalanceToken rev: null sensitive: false
[metakv:debug,2023-07-18T19:57:23.224Z,ns_1@cb.local:<0.515.0>:menelaus_metakv:write_chunk:161]Sent /indexing/rebalance/RebalanceToken rev: null sensitive: false
[metakv:debug,2023-07-18T19:57:23.224Z,ns_1@cb.local:<0.1185.0>:menelaus_metakv:handle_mutate:90]Updated <<"/indexing/rebalance/RebalanceToken">>. Elapsed time:0 ms.
[metakv:debug,2023-07-18T19:57:23.226Z,ns_1@cb.local:<0.1185.0>:menelaus_metakv:handle_iterate:133]Starting iteration of /indexing/rebalance/. Continuous = false
[metakv:debug,2023-07-18T19:57:23.289Z,ns_1@cb.local:<0.1228.0>:menelaus_metakv:handle_iterate:133]Starting iteration of /indexing/ddl/commandToken/create/. Continuous = false
[metakv:debug,2023-07-18T19:57:23.291Z,ns_1@cb.local:<0.1290.0>:menelaus_metakv:handle_iterate:133]Starting iteration of /indexing/ddl/commandToken/delete/. Continuous = false
[metakv:debug,2023-07-18T19:57:23.293Z,ns_1@cb.local:<0.1290.0>:menelaus_metakv:handle_iterate:133]Starting iteration of /indexing/ddl/commandToken/dropInstance/. Continuous = false
[metakv:debug,2023-07-18T19:57:23.295Z,ns_1@cb.local:<0.1290.0>:menelaus_metakv:handle_iterate:133]Starting iteration of /indexing/ddl/commandToken/build/. Continuous = false
[metakv:debug,2023-07-18T19:57:23.299Z,ns_1@cb.local:<0.1277.0>:menelaus_metakv:handle_mutate:90]Updated <<"/indexing/info/versionToken">>. Elapsed time:0 ms.
[metakv:debug,2023-07-18T19:57:23.299Z,ns_1@cb.local:<0.515.0>:menelaus_metakv:write_chunk:161]Sent /indexing/info/versionToken rev: g2wAAAABaAJtAAAAIGZjNmJkNGEyZGQ3NjMzN2Y5NDE3ODFjN2Q0NTBlNDg0aAJhAW4FAKNqK94Oag== sensitive: false
[metakv:debug,2023-07-18T19:57:25.153Z,ns_1@cb.local:<0.1333.0>:menelaus_metakv:handle_mutate:90]Updated <<"/cbas/config/node/fc6bd4a2dd76337f941781c7d450e484">>. Elapsed time:0 ms.
[metakv:debug,2023-07-18T19:57:25.153Z,ns_1@cb.local:<0.515.0>:menelaus_metakv:write_chunk:161]Sent /cbas/config/node/fc6bd4a2dd76337f941781c7d450e484 rev: g2wAAAABaAJtAAAAIGZjNmJkNGEyZGQ3NjMzN2Y5NDE3ODFjN2Q0NTBlNDg0aAJhAW4FAKVqK94Oag== sensitive: false
[metakv:debug,2023-07-18T19:57:25.153Z,ns_1@cb.local:<0.1100.0>:menelaus_metakv:write_chunk:161]Sent /cbas/config/node/fc6bd4a2dd76337f941781c7d450e484 rev: g2wAAAABaAJtAAAAIGZjNmJkNGEyZGQ3NjMzN2Y5NDE3ODFjN2Q0NTBlNDg0aAJhAW4FAKVqK94Oag== sensitive: false
[metakv:debug,2023-07-18T19:57:25.459Z,ns_1@cb.local:<0.1505.0>:menelaus_metakv:handle_iterate:133]Starting iteration of /indexing/settings/. Continuous = true
[metakv:debug,2023-07-18T19:57:25.459Z,ns_1@cb.local:<0.1505.0>:menelaus_metakv:write_chunk:161]Sent /indexing/settings/config rev: g2wAAAABaAJtAAAAIGZjNmJkNGEyZGQ3NjMzN2Y5NDE3ODFjN2Q0NTBlNDg0aAJhAm4FAKFqK94Oag== sensitive: false
[metakv:debug,2023-07-18T19:57:25.539Z,ns_1@cb.local:<0.1509.0>:menelaus_metakv:handle_iterate:133]Starting iteration of /fts/cbgt/cfg/nodeDefs-known/. Continuous = false
[metakv:debug,2023-07-18T19:57:25.539Z,ns_1@cb.local:<0.1509.0>:menelaus_metakv:write_chunk:161]Sent /fts/cbgt/cfg/nodeDefs-known/fc6bd4a2dd76337f941781c7d450e484 rev: g2wAAAABaAJtAAAAIGZjNmJkNGEyZGQ3NjMzN2Y5NDE3ODFjN2Q0NTBlNDg0aAJhAW4FAKJqK94Oag== sensitive: false
[metakv:debug,2023-07-18T19:57:25.687Z,ns_1@cb.local:<0.1516.0>:menelaus_metakv:handle_iterate:133]Starting iteration of /fts/cbgt/cfg/nodeDefs-wanted/. Continuous = false
[metakv:debug,2023-07-18T19:57:25.687Z,ns_1@cb.local:<0.1516.0>:menelaus_metakv:write_chunk:161]Sent /fts/cbgt/cfg/nodeDefs-wanted/fc6bd4a2dd76337f941781c7d450e484 rev: g2wAAAABaAJtAAAAIGZjNmJkNGEyZGQ3NjMzN2Y5NDE3ODFjN2Q0NTBlNDg0aAJhAW4FAKJqK94Oag== sensitive: false
[metakv:debug,2023-07-18T19:57:25.697Z,ns_1@cb.local:<0.1516.0>:menelaus_metakv:handle_iterate:133]Starting iteration of /fts/cbgt/cfg/nodeDefs-known/. Continuous = false
[metakv:debug,2023-07-18T19:57:25.697Z,ns_1@cb.local:<0.1516.0>:menelaus_metakv:write_chunk:161]Sent /fts/cbgt/cfg/nodeDefs-known/fc6bd4a2dd76337f941781c7d450e484 rev: g2wAAAABaAJtAAAAIGZjNmJkNGEyZGQ3NjMzN2Y5NDE3ODFjN2Q0NTBlNDg0aAJhAW4FAKJqK94Oag== sensitive: false
[metakv:debug,2023-07-18T19:57:25.700Z,ns_1@cb.local:<0.1446.0>:menelaus_metakv:handle_mutate:90]Updated <<"/fts/cbgt/cfg/indexDefs">>. Elapsed time:0 ms.
[metakv:debug,2023-07-18T19:57:25.700Z,ns_1@cb.local:<0.918.0>:menelaus_metakv:write_chunk:161]Sent /fts/cbgt/cfg/indexDefs rev: g2wAAAABaAJtAAAAIGZjNmJkNGEyZGQ3NjMzN2Y5NDE3ODFjN2Q0NTBlNDg0aAJhAW4FAKVqK94Oag== sensitive: false
[metakv:debug,2023-07-18T19:57:25.700Z,ns_1@cb.local:<0.949.0>:menelaus_metakv:write_chunk:161]Sent /fts/cbgt/cfg/indexDefs rev: g2wAAAABaAJtAAAAIGZjNmJkNGEyZGQ3NjMzN2Y5NDE3ODFjN2Q0NTBlNDg0aAJhAW4FAKVqK94Oag== sensitive: false
[metakv:debug,2023-07-18T19:57:25.700Z,ns_1@cb.local:<0.515.0>:menelaus_metakv:write_chunk:161]Sent /fts/cbgt/cfg/indexDefs rev: g2wAAAABaAJtAAAAIGZjNmJkNGEyZGQ3NjMzN2Y5NDE3ODFjN2Q0NTBlNDg0aAJhAW4FAKVqK94Oag== sensitive: false
[metakv:debug,2023-07-18T19:57:25.716Z,ns_1@cb.local:<0.1509.0>:menelaus_metakv:handle_iterate:133]Starting iteration of /fts/cbgt/cfg/nodeDefs-known/. Continuous = false
[metakv:debug,2023-07-18T19:57:25.716Z,ns_1@cb.local:<0.1509.0>:menelaus_metakv:write_chunk:161]Sent /fts/cbgt/cfg/nodeDefs-known/fc6bd4a2dd76337f941781c7d450e484 rev: g2wAAAABaAJtAAAAIGZjNmJkNGEyZGQ3NjMzN2Y5NDE3ODFjN2Q0NTBlNDg0aAJhAW4FAKJqK94Oag== sensitive: false
[metakv:debug,2023-07-18T19:57:25.745Z,ns_1@cb.local:<0.1446.0>:menelaus_metakv:handle_iterate:133]Starting iteration of /fts/cbgt/cfg/nodeDefs-wanted/. Continuous = false
[metakv:debug,2023-07-18T19:57:25.745Z,ns_1@cb.local:<0.1446.0>:menelaus_metakv:write_chunk:161]Sent /fts/cbgt/cfg/nodeDefs-wanted/fc6bd4a2dd76337f941781c7d450e484 rev: g2wAAAABaAJtAAAAIGZjNmJkNGEyZGQ3NjMzN2Y5NDE3ODFjN2Q0NTBlNDg0aAJhAW4FAKJqK94Oag== sensitive: false
[metakv:debug,2023-07-18T19:57:25.747Z,ns_1@cb.local:<0.1446.0>:menelaus_metakv:handle_iterate:133]Starting iteration of /fts/cbgt/cfg/nodeDefs-known/. Continuous = false
[metakv:debug,2023-07-18T19:57:25.748Z,ns_1@cb.local:<0.1446.0>:menelaus_metakv:write_chunk:161]Sent /fts/cbgt/cfg/nodeDefs-known/fc6bd4a2dd76337f941781c7d450e484 rev: g2wAAAABaAJtAAAAIGZjNmJkNGEyZGQ3NjMzN2Y5NDE3ODFjN2Q0NTBlNDg0aAJhAW4FAKJqK94Oag== sensitive: false
[metakv:debug,2023-07-18T19:57:25.751Z,ns_1@cb.local:<0.1446.0>:menelaus_metakv:handle_iterate:133]Starting iteration of /fts/cbgt/cfg/nodeDefs-wanted/. Continuous = false
[metakv:debug,2023-07-18T19:57:25.752Z,ns_1@cb.local:<0.1446.0>:menelaus_metakv:write_chunk:161]Sent /fts/cbgt/cfg/nodeDefs-wanted/fc6bd4a2dd76337f941781c7d450e484 rev: g2wAAAABaAJtAAAAIGZjNmJkNGEyZGQ3NjMzN2Y5NDE3ODFjN2Q0NTBlNDg0aAJhAW4FAKJqK94Oag== sensitive: false
[metakv:debug,2023-07-18T19:57:25.765Z,ns_1@cb.local:<0.1518.0>:menelaus_metakv:handle_iterate:133]Starting iteration of /fts/cbgt/cfg/nodeDefs-known/. Continuous = false
[metakv:debug,2023-07-18T19:57:25.765Z,ns_1@cb.local:<0.1518.0>:menelaus_metakv:write_chunk:161]Sent /fts/cbgt/cfg/nodeDefs-known/fc6bd4a2dd76337f941781c7d450e484 rev: g2wAAAABaAJtAAAAIGZjNmJkNGEyZGQ3NjMzN2Y5NDE3ODFjN2Q0NTBlNDg0aAJhAW4FAKJqK94Oag== sensitive: false
[metakv:debug,2023-07-18T19:57:25.769Z,ns_1@cb.local:<0.1518.0>:menelaus_metakv:handle_iterate:133]Starting iteration of /fts/cbgt/cfg/nodeDefs-wanted/. Continuous = false
[metakv:debug,2023-07-18T19:57:25.769Z,ns_1@cb.local:<0.1518.0>:menelaus_metakv:write_chunk:161]Sent /fts/cbgt/cfg/nodeDefs-wanted/fc6bd4a2dd76337f941781c7d450e484 rev: g2wAAAABaAJtAAAAIGZjNmJkNGEyZGQ3NjMzN2Y5NDE3ODFjN2Q0NTBlNDg0aAJhAW4FAKJqK94Oag== sensitive: false
[metakv:debug,2023-07-18T19:57:25.774Z,ns_1@cb.local:<0.515.0>:menelaus_metakv:write_chunk:161]Sent /fts/cbgt/cfg/planPIndexesLean/planPIndexesLean-631a83f49a9f8dd0d82faea39d57978a-1689710245770/test rev: g2wAAAABaAJtAAAAIGZjNmJkNGEyZGQ3NjMzN2Y5NDE3ODFjN2Q0NTBlNDg0aAJhAW4FAKVqK94Oag== sensitive: false
[metakv:debug,2023-07-18T19:57:25.774Z,ns_1@cb.local:<0.918.0>:menelaus_metakv:write_chunk:161]Sent /fts/cbgt/cfg/planPIndexesLean/planPIndexesLean-631a83f49a9f8dd0d82faea39d57978a-1689710245770/test rev: g2wAAAABaAJtAAAAIGZjNmJkNGEyZGQ3NjMzN2Y5NDE3ODFjN2Q0NTBlNDg0aAJhAW4FAKVqK94Oag== sensitive: false
[metakv:debug,2023-07-18T19:57:25.774Z,ns_1@cb.local:<0.1518.0>:menelaus_metakv:handle_mutate:90]Updated <<"/fts/cbgt/cfg/planPIndexesLean/planPIndexesLean-631a83f49a9f8dd0d82faea39d57978a-1689710245770/test">>. Elapsed time:0 ms.
[metakv:debug,2023-07-18T19:57:25.774Z,ns_1@cb.local:<0.949.0>:menelaus_metakv:write_chunk:161]Sent /fts/cbgt/cfg/planPIndexesLean/planPIndexesLean-631a83f49a9f8dd0d82faea39d57978a-1689710245770/test rev: g2wAAAABaAJtAAAAIGZjNmJkNGEyZGQ3NjMzN2Y5NDE3ODFjN2Q0NTBlNDg0aAJhAW4FAKVqK94Oag== sensitive: false
[metakv:debug,2023-07-18T19:57:25.787Z,ns_1@cb.local:<0.949.0>:menelaus_metakv:write_chunk:161]Sent /fts/cbgt/cfg/curMetaKvPlanKey rev: g2wAAAABaAJtAAAAIGZjNmJkNGEyZGQ3NjMzN2Y5NDE3ODFjN2Q0NTBlNDg0aAJhAW4FAKVqK94Oag== sensitive: false
[metakv:debug,2023-07-18T19:57:25.787Z,ns_1@cb.local:<0.918.0>:menelaus_metakv:write_chunk:161]Sent /fts/cbgt/cfg/curMetaKvPlanKey rev: g2wAAAABaAJtAAAAIGZjNmJkNGEyZGQ3NjMzN2Y5NDE3ODFjN2Q0NTBlNDg0aAJhAW4FAKVqK94Oag== sensitive: false
[metakv:debug,2023-07-18T19:57:25.787Z,ns_1@cb.local:<0.515.0>:menelaus_metakv:write_chunk:161]Sent /fts/cbgt/cfg/curMetaKvPlanKey rev: g2wAAAABaAJtAAAAIGZjNmJkNGEyZGQ3NjMzN2Y5NDE3ODFjN2Q0NTBlNDg0aAJhAW4FAKVqK94Oag== sensitive: false
[metakv:debug,2023-07-18T19:57:25.789Z,ns_1@cb.local:<0.1518.0>:menelaus_metakv:handle_mutate:90]Updated <<"/fts/cbgt/cfg/curMetaKvPlanKey">>. Elapsed time:2 ms.
[metakv:debug,2023-07-18T19:57:25.790Z,ns_1@cb.local:<0.1518.0>:menelaus_metakv:handle_iterate:133]Starting iteration of /fts/cbgt/cfg/planPIndexesLean/. Continuous = false
[metakv:debug,2023-07-18T19:57:25.791Z,ns_1@cb.local:<0.1518.0>:menelaus_metakv:write_chunk:161]Sent /fts/cbgt/cfg/planPIndexesLean/planPIndexesLean-631a83f49a9f8dd0d82faea39d57978a-1689710245770/test rev: g2wAAAABaAJtAAAAIGZjNmJkNGEyZGQ3NjMzN2Y5NDE3ODFjN2Q0NTBlNDg0aAJhAW4FAKVqK94Oag== sensitive: false
[metakv:debug,2023-07-18T19:57:25.793Z,ns_1@cb.local:<0.1518.0>:menelaus_metakv:handle_iterate:133]Starting iteration of /fts/cbgt/cfg/nodeDefs-known/. Continuous = false
[metakv:debug,2023-07-18T19:57:25.793Z,ns_1@cb.local:<0.1518.0>:menelaus_metakv:write_chunk:161]Sent /fts/cbgt/cfg/nodeDefs-known/fc6bd4a2dd76337f941781c7d450e484 rev: g2wAAAABaAJtAAAAIGZjNmJkNGEyZGQ3NjMzN2Y5NDE3ODFjN2Q0NTBlNDg0aAJhAW4FAKJqK94Oag== sensitive: false
[metakv:debug,2023-07-18T19:57:25.795Z,ns_1@cb.local:<0.1518.0>:menelaus_metakv:handle_iterate:133]Starting iteration of /fts/cbgt/cfg/nodeDefs-wanted/. Continuous = false
[metakv:debug,2023-07-18T19:57:25.796Z,ns_1@cb.local:<0.1518.0>:menelaus_metakv:write_chunk:161]Sent /fts/cbgt/cfg/nodeDefs-wanted/fc6bd4a2dd76337f941781c7d450e484 rev: g2wAAAABaAJtAAAAIGZjNmJkNGEyZGQ3NjMzN2Y5NDE3ODFjN2Q0NTBlNDg0aAJhAW4FAKJqK94Oag== sensitive: false
[metakv:debug,2023-07-18T19:57:25.803Z,ns_1@cb.local:<0.1518.0>:menelaus_metakv:handle_iterate:133]Starting iteration of /fts/cbgt/cfg/planPIndexesLean/planPIndexesLean-631a83f49a9f8dd0d82faea39d57978a-1689710245770/. Continuous = false
[metakv:debug,2023-07-18T19:57:25.804Z,ns_1@cb.local:<0.1518.0>:menelaus_metakv:write_chunk:161]Sent /fts/cbgt/cfg/planPIndexesLean/planPIndexesLean-631a83f49a9f8dd0d82faea39d57978a-1689710245770/test rev: g2wAAAABaAJtAAAAIGZjNmJkNGEyZGQ3NjMzN2Y5NDE3ODFjN2Q0NTBlNDg0aAJhAW4FAKVqK94Oag== sensitive: false
[metakv:debug,2023-07-18T19:57:25.809Z,ns_1@cb.local:<0.1518.0>:menelaus_metakv:handle_iterate:133]Starting iteration of /fts/cbgt/cfg/nodeDefs-known/. Continuous = false
[metakv:debug,2023-07-18T19:57:25.809Z,ns_1@cb.local:<0.1518.0>:menelaus_metakv:write_chunk:161]Sent /fts/cbgt/cfg/nodeDefs-known/fc6bd4a2dd76337f941781c7d450e484 rev: g2wAAAABaAJtAAAAIGZjNmJkNGEyZGQ3NjMzN2Y5NDE3ODFjN2Q0NTBlNDg0aAJhAW4FAKJqK94Oag== sensitive: false
[metakv:debug,2023-07-18T19:57:25.811Z,ns_1@cb.local:<0.1518.0>:menelaus_metakv:handle_iterate:133]Starting iteration of /fts/cbgt/cfg/nodeDefs-wanted/. Continuous = false
[metakv:debug,2023-07-18T19:57:25.811Z,ns_1@cb.local:<0.1518.0>:menelaus_metakv:write_chunk:161]Sent /fts/cbgt/cfg/nodeDefs-wanted/fc6bd4a2dd76337f941781c7d450e484 rev: g2wAAAABaAJtAAAAIGZjNmJkNGEyZGQ3NjMzN2Y5NDE3ODFjN2Q0NTBlNDg0aAJhAW4FAKJqK94Oag== sensitive: false
[metakv:debug,2023-07-18T19:57:25.813Z,ns_1@cb.local:<0.1518.0>:menelaus_metakv:handle_iterate:133]Starting iteration of /fts/cbgt/cfg/planPIndexesLean/planPIndexesLean-631a83f49a9f8dd0d82faea39d57978a-1689710245770/. Continuous = false
[metakv:debug,2023-07-18T19:57:25.814Z,ns_1@cb.local:<0.1518.0>:menelaus_metakv:write_chunk:161]Sent /fts/cbgt/cfg/planPIndexesLean/planPIndexesLean-631a83f49a9f8dd0d82faea39d57978a-1689710245770/test rev: g2wAAAABaAJtAAAAIGZjNmJkNGEyZGQ3NjMzN2Y5NDE3ODFjN2Q0NTBlNDg0aAJhAW4FAKVqK94Oag== sensitive: false
[metakv:debug,2023-07-18T19:57:25.817Z,ns_1@cb.local:<0.1518.0>:menelaus_metakv:handle_iterate:133]Starting iteration of /fts/cbgt/cfg/nodeDefs-known/. Continuous = false
[metakv:debug,2023-07-18T19:57:25.817Z,ns_1@cb.local:<0.1518.0>:menelaus_metakv:write_chunk:161]Sent /fts/cbgt/cfg/nodeDefs-known/fc6bd4a2dd76337f941781c7d450e484 rev: g2wAAAABaAJtAAAAIGZjNmJkNGEyZGQ3NjMzN2Y5NDE3ODFjN2Q0NTBlNDg0aAJhAW4FAKJqK94Oag== sensitive: false
[metakv:debug,2023-07-18T19:57:25.818Z,ns_1@cb.local:<0.1518.0>:menelaus_metakv:handle_iterate:133]Starting iteration of /fts/cbgt/cfg/nodeDefs-wanted/. Continuous = false
[metakv:debug,2023-07-18T19:57:25.818Z,ns_1@cb.local:<0.1518.0>:menelaus_metakv:write_chunk:161]Sent /fts/cbgt/cfg/nodeDefs-wanted/fc6bd4a2dd76337f941781c7d450e484 rev: g2wAAAABaAJtAAAAIGZjNmJkNGEyZGQ3NjMzN2Y5NDE3ODFjN2Q0NTBlNDg0aAJhAW4FAKJqK94Oag== sensitive: false
[metakv:debug,2023-07-18T19:57:25.820Z,ns_1@cb.local:<0.1518.0>:menelaus_metakv:handle_iterate:133]Starting iteration of /fts/cbgt/cfg/planPIndexesLean/planPIndexesLean-631a83f49a9f8dd0d82faea39d57978a-1689710245770/. Continuous = false
[metakv:debug,2023-07-18T19:57:25.820Z,ns_1@cb.local:<0.1518.0>:menelaus_metakv:write_chunk:161]Sent /fts/cbgt/cfg/planPIndexesLean/planPIndexesLean-631a83f49a9f8dd0d82faea39d57978a-1689710245770/test rev: g2wAAAABaAJtAAAAIGZjNmJkNGEyZGQ3NjMzN2Y5NDE3ODFjN2Q0NTBlNDg0aAJhAW4FAKVqK94Oag== sensitive: false
[metakv:debug,2023-07-18T19:57:25.824Z,ns_1@cb.local:<0.1518.0>:menelaus_metakv:handle_iterate:133]Starting iteration of /fts/cbgt/cfg/nodeDefs-known/. Continuous = false
[metakv:debug,2023-07-18T19:57:25.824Z,ns_1@cb.local:<0.1518.0>:menelaus_metakv:write_chunk:161]Sent /fts/cbgt/cfg/nodeDefs-known/fc6bd4a2dd76337f941781c7d450e484 rev: g2wAAAABaAJtAAAAIGZjNmJkNGEyZGQ3NjMzN2Y5NDE3ODFjN2Q0NTBlNDg0aAJhAW4FAKJqK94Oag== sensitive: false
[metakv:debug,2023-07-18T19:57:25.826Z,ns_1@cb.local:<0.1518.0>:menelaus_metakv:handle_iterate:133]Starting iteration of /fts/cbgt/cfg/nodeDefs-wanted/. Continuous = false
[metakv:debug,2023-07-18T19:57:25.826Z,ns_1@cb.local:<0.1518.0>:menelaus_metakv:write_chunk:161]Sent /fts/cbgt/cfg/nodeDefs-wanted/fc6bd4a2dd76337f941781c7d450e484 rev: g2wAAAABaAJtAAAAIGZjNmJkNGEyZGQ3NjMzN2Y5NDE3ODFjN2Q0NTBlNDg0aAJhAW4FAKJqK94Oag== sensitive: false
[metakv:debug,2023-07-18T19:57:25.828Z,ns_1@cb.local:<0.1518.0>:menelaus_metakv:handle_iterate:133]Starting iteration of /fts/cbgt/cfg/planPIndexesLean/planPIndexesLean-631a83f49a9f8dd0d82faea39d57978a-1689710245770/. Continuous = false
[metakv:debug,2023-07-18T19:57:25.828Z,ns_1@cb.local:<0.1518.0>:menelaus_metakv:write_chunk:161]Sent /fts/cbgt/cfg/planPIndexesLean/planPIndexesLean-631a83f49a9f8dd0d82faea39d57978a-1689710245770/test rev: g2wAAAABaAJtAAAAIGZjNmJkNGEyZGQ3NjMzN2Y5NDE3ODFjN2Q0NTBlNDg0aAJhAW4FAKVqK94Oag== sensitive: false
[metakv:debug,2023-07-18T19:57:25.890Z,ns_1@cb.local:<0.1518.0>:menelaus_metakv:handle_iterate:133]Starting iteration of /fts/cbgt/cfg/nodeDefs-known/. Continuous = false
[metakv:debug,2023-07-18T19:57:25.890Z,ns_1@cb.local:<0.1518.0>:menelaus_metakv:write_chunk:161]Sent /fts/cbgt/cfg/nodeDefs-known/fc6bd4a2dd76337f941781c7d450e484 rev: g2wAAAABaAJtAAAAIGZjNmJkNGEyZGQ3NjMzN2Y5NDE3ODFjN2Q0NTBlNDg0aAJhAW4FAKJqK94Oag== sensitive: false
[metakv:debug,2023-07-18T19:57:25.893Z,ns_1@cb.local:<0.1518.0>:menelaus_metakv:handle_iterate:133]Starting iteration of /fts/cbgt/cfg/nodeDefs-wanted/. Continuous = false
[metakv:debug,2023-07-18T19:57:25.893Z,ns_1@cb.local:<0.1518.0>:menelaus_metakv:write_chunk:161]Sent /fts/cbgt/cfg/nodeDefs-wanted/fc6bd4a2dd76337f941781c7d450e484 rev: g2wAAAABaAJtAAAAIGZjNmJkNGEyZGQ3NjMzN2Y5NDE3ODFjN2Q0NTBlNDg0aAJhAW4FAKJqK94Oag== sensitive: false
[metakv:debug,2023-07-18T19:57:25.902Z,ns_1@cb.local:<0.1518.0>:menelaus_metakv:handle_iterate:133]Starting iteration of /fts/cbgt/cfg/planPIndexesLean/planPIndexesLean-631a83f49a9f8dd0d82faea39d57978a-1689710245770/. Continuous = false
[metakv:debug,2023-07-18T19:57:25.903Z,ns_1@cb.local:<0.1518.0>:menelaus_metakv:write_chunk:161]Sent /fts/cbgt/cfg/planPIndexesLean/planPIndexesLean-631a83f49a9f8dd0d82faea39d57978a-1689710245770/test rev: g2wAAAABaAJtAAAAIGZjNmJkNGEyZGQ3NjMzN2Y5NDE3ODFjN2Q0NTBlNDg0aAJhAW4FAKVqK94Oag== sensitive: false
[metakv:debug,2023-07-18T19:57:25.917Z,ns_1@cb.local:<0.1518.0>:menelaus_metakv:handle_iterate:133]Starting iteration of /fts/cbgt/cfg/nodeDefs-wanted/. Continuous = false
[metakv:debug,2023-07-18T19:57:25.917Z,ns_1@cb.local:<0.1518.0>:menelaus_metakv:write_chunk:161]Sent /fts/cbgt/cfg/nodeDefs-wanted/fc6bd4a2dd76337f941781c7d450e484 rev: g2wAAAABaAJtAAAAIGZjNmJkNGEyZGQ3NjMzN2Y5NDE3ODFjN2Q0NTBlNDg0aAJhAW4FAKJqK94Oag== sensitive: false
[metakv:debug,2023-07-18T19:57:25.926Z,ns_1@cb.local:<0.1518.0>:menelaus_metakv:handle_iterate:133]Starting iteration of /fts/cbgt/cfg/nodeDefs-wanted/. Continuous = false
[metakv:debug,2023-07-18T19:57:25.926Z,ns_1@cb.local:<0.1518.0>:menelaus_metakv:write_chunk:161]Sent /fts/cbgt/cfg/nodeDefs-wanted/fc6bd4a2dd76337f941781c7d450e484 rev: g2wAAAABaAJtAAAAIGZjNmJkNGEyZGQ3NjMzN2Y5NDE3ODFjN2Q0NTBlNDg0aAJhAW4FAKJqK94Oag== sensitive: false
[metakv:debug,2023-07-18T19:57:25.935Z,ns_1@cb.local:<0.1518.0>:menelaus_metakv:handle_iterate:133]Starting iteration of /fts/cbgt/cfg/nodeDefs-wanted/. Continuous = false
[metakv:debug,2023-07-18T19:57:25.936Z,ns_1@cb.local:<0.1518.0>:menelaus_metakv:write_chunk:161]Sent /fts/cbgt/cfg/nodeDefs-wanted/fc6bd4a2dd76337f941781c7d450e484 rev: g2wAAAABaAJtAAAAIGZjNmJkNGEyZGQ3NjMzN2Y5NDE3ODFjN2Q0NTBlNDg0aAJhAW4FAKJqK94Oag== sensitive: false
[metakv:debug,2023-07-18T19:57:25.949Z,ns_1@cb.local:<0.1518.0>:menelaus_metakv:handle_iterate:133]Starting iteration of /fts/cbgt/cfg/nodeDefs-wanted/. Continuous = false
[metakv:debug,2023-07-18T19:57:25.949Z,ns_1@cb.local:<0.1518.0>:menelaus_metakv:write_chunk:161]Sent /fts/cbgt/cfg/nodeDefs-wanted/fc6bd4a2dd76337f941781c7d450e484 rev: g2wAAAABaAJtAAAAIGZjNmJkNGEyZGQ3NjMzN2Y5NDE3ODFjN2Q0NTBlNDg0aAJhAW4FAKJqK94Oag== sensitive: false
[metakv:debug,2023-07-18T19:57:25.996Z,ns_1@cb.local:<0.1518.0>:menelaus_metakv:handle_iterate:133]Starting iteration of /fts/cbgt/cfg/nodeDefs-wanted/. Continuous = false
[metakv:debug,2023-07-18T19:57:25.996Z,ns_1@cb.local:<0.1518.0>:menelaus_metakv:write_chunk:161]Sent /fts/cbgt/cfg/nodeDefs-wanted/fc6bd4a2dd76337f941781c7d450e484 rev: g2wAAAABaAJtAAAAIGZjNmJkNGEyZGQ3NjMzN2Y5NDE3ODFjN2Q0NTBlNDg0aAJhAW4FAKJqK94Oag== sensitive: false
[metakv:debug,2023-07-18T19:57:26.018Z,ns_1@cb.local:<0.1518.0>:menelaus_metakv:handle_iterate:133]Starting iteration of /fts/cbgt/cfg/nodeDefs-wanted/. Continuous = false
[metakv:debug,2023-07-18T19:57:26.019Z,ns_1@cb.local:<0.1518.0>:menelaus_metakv:write_chunk:161]Sent /fts/cbgt/cfg/nodeDefs-wanted/fc6bd4a2dd76337f941781c7d450e484 rev: g2wAAAABaAJtAAAAIGZjNmJkNGEyZGQ3NjMzN2Y5NDE3ODFjN2Q0NTBlNDg0aAJhAW4FAKJqK94Oag== sensitive: false
[metakv:debug,2023-07-18T19:57:26.228Z,ns_1@cb.local:<0.1518.0>:menelaus_metakv:handle_iterate:133]Starting iteration of /fts/cbgt/cfg/nodeDefs-wanted/. Continuous = false
[metakv:debug,2023-07-18T19:57:26.229Z,ns_1@cb.local:<0.1518.0>:menelaus_metakv:write_chunk:161]Sent /fts/cbgt/cfg/nodeDefs-wanted/fc6bd4a2dd76337f941781c7d450e484 rev: g2wAAAABaAJtAAAAIGZjNmJkNGEyZGQ3NjMzN2Y5NDE3ODFjN2Q0NTBlNDg0aAJhAW4FAKJqK94Oag== sensitive: false
[metakv:debug,2023-07-18T19:57:26.248Z,ns_1@cb.local:<0.1518.0>:menelaus_metakv:handle_iterate:133]Starting iteration of /fts/cbgt/cfg/nodeDefs-known/. Continuous = false
[metakv:debug,2023-07-18T19:57:26.249Z,ns_1@cb.local:<0.1518.0>:menelaus_metakv:write_chunk:161]Sent /fts/cbgt/cfg/nodeDefs-known/fc6bd4a2dd76337f941781c7d450e484 rev: g2wAAAABaAJtAAAAIGZjNmJkNGEyZGQ3NjMzN2Y5NDE3ODFjN2Q0NTBlNDg0aAJhAW4FAKJqK94Oag== sensitive: false
[metakv:debug,2023-07-18T19:57:26.259Z,ns_1@cb.local:<0.1518.0>:menelaus_metakv:handle_iterate:133]Starting iteration of /fts/cbgt/cfg/nodeDefs-wanted/. Continuous = false
[metakv:debug,2023-07-18T19:57:26.259Z,ns_1@cb.local:<0.1518.0>:menelaus_metakv:write_chunk:161]Sent /fts/cbgt/cfg/nodeDefs-wanted/fc6bd4a2dd76337f941781c7d450e484 rev: g2wAAAABaAJtAAAAIGZjNmJkNGEyZGQ3NjMzN2Y5NDE3ODFjN2Q0NTBlNDg0aAJhAW4FAKJqK94Oag== sensitive: false
[metakv:debug,2023-07-18T19:57:26.277Z,ns_1@cb.local:<0.1518.0>:menelaus_metakv:handle_iterate:133]Starting iteration of /fts/cbgt/cfg/planPIndexesLean/planPIndexesLean-631a83f49a9f8dd0d82faea39d57978a-1689710245770/. Continuous = false
[metakv:debug,2023-07-18T19:57:26.278Z,ns_1@cb.local:<0.1518.0>:menelaus_metakv:write_chunk:161]Sent /fts/cbgt/cfg/planPIndexesLean/planPIndexesLean-631a83f49a9f8dd0d82faea39d57978a-1689710245770/test rev: g2wAAAABaAJtAAAAIGZjNmJkNGEyZGQ3NjMzN2Y5NDE3ODFjN2Q0NTBlNDg0aAJhAW4FAKVqK94Oag== sensitive: false
[metakv:debug,2023-07-18T19:57:29.586Z,ns_1@cb.local:<0.515.0>:menelaus_metakv:write_chunk:161]Sent /cbas/bootstrap/ensureCc/fc6bd4a2dd76337f941781c7d450e484 rev: g2wAAAABaAJtAAAAIGZjNmJkNGEyZGQ3NjMzN2Y5NDE3ODFjN2Q0NTBlNDg0aAJhAW4FAKlqK94Oag== sensitive: false
[metakv:debug,2023-07-18T19:57:29.586Z,ns_1@cb.local:<0.1544.0>:menelaus_metakv:handle_mutate:90]Updated <<"/cbas/bootstrap/ensureCc/fc6bd4a2dd76337f941781c7d450e484">>. Elapsed time:0 ms.
[metakv:debug,2023-07-18T19:57:29.586Z,ns_1@cb.local:<0.1100.0>:menelaus_metakv:write_chunk:161]Sent /cbas/bootstrap/ensureCc/fc6bd4a2dd76337f941781c7d450e484 rev: g2wAAAABaAJtAAAAIGZjNmJkNGEyZGQ3NjMzN2Y5NDE3ODFjN2Q0NTBlNDg0aAJhAW4FAKlqK94Oag== sensitive: false
[metakv:debug,2023-07-18T19:57:31.950Z,ns_1@cb.local:<0.1789.0>:menelaus_metakv:handle_mutate:90]Updated <<"/cbas/cluster/state/metadata/replica">>. Elapsed time:0 ms.
[metakv:debug,2023-07-18T19:57:31.950Z,ns_1@cb.local:<0.1100.0>:menelaus_metakv:write_chunk:161]Sent /cbas/cluster/state/metadata/replica rev: g2wAAAABaAJtAAAAIGZjNmJkNGEyZGQ3NjMzN2Y5NDE3ODFjN2Q0NTBlNDg0aAJhAW4FAKtqK94Oag== sensitive: false
[metakv:debug,2023-07-18T19:57:31.950Z,ns_1@cb.local:<0.515.0>:menelaus_metakv:write_chunk:161]Sent /cbas/cluster/state/metadata/replica rev: g2wAAAABaAJtAAAAIGZjNmJkNGEyZGQ3NjMzN2Y5NDE3ODFjN2Q0NTBlNDg0aAJhAW4FAKtqK94Oag== sensitive: false
[metakv:debug,2023-07-18T19:57:52.208Z,ns_1@cb.local:<0.1291.0>:menelaus_metakv:handle_iterate:133]Starting iteration of /indexing/rebalance/. Continuous = false
[metakv:debug,2023-07-18T19:58:22.211Z,ns_1@cb.local:<0.1291.0>:menelaus_metakv:handle_iterate:133]Starting iteration of /indexing/rebalance/. Continuous = false
[metakv:debug,2023-07-18T19:58:52.224Z,ns_1@cb.local:<0.1277.0>:menelaus_metakv:handle_iterate:133]Starting iteration of /indexing/rebalance/. Continuous = false
[metakv:debug,2023-07-18T19:59:22.226Z,ns_1@cb.local:<0.1277.0>:menelaus_metakv:handle_iterate:133]Starting iteration of /indexing/rebalance/. Continuous = false
