2019-07-21T21:58:19.338+00:00 [Info] Projector started with command line: [/opt/couchbase/bin/projector -kvaddrs=127.0.0.1:11210 -adminport=:9999 -diagDir=/opt/couchbase/var/lib/couchbase/crash -ipv6=false 127.0.0.1:8091]
2019-07-21T21:58:19.339+00:00 [Info] Parsing the args
2019-07-21T21:58:19.340+00:00 [Info] uid: 1000; gid: 1000; hostname: 7b8b7bb22d3c
2019-07-21T21:58:19.340+00:00 [Info] amd64 linux; cpus: 4; GOMAXPROCS: 4; version: go1.7.6
2019-07-21T21:58:19.344+00:00 [Info] Projector CPU set at 400
2019-07-21T21:58:19.347+00:00 [Info]  changing GOGC percentage from 100 to 100
2019-07-21T21:58:19.347+00:00 [Info] amd64 linux; cpus: 4; GOMAXPROCS: 4; version: go1.7.6
2019-07-21T21:58:19.348+00:00 [Info] PROJ[:9999] changing GOGC percentage from 100 to 100
2019-07-21T21:58:19.348+00:00 [Info] PROJ[:9999] started ...
2019-07-21T21:58:19.349+00:00 [Info] MSAT starting with 60000 tick ...
2019-07-21T21:58:19.349+00:00 [Info] pram[:9999] registered /adminport/vbmapRequest
2019-07-21T21:58:19.353+00:00 [Info] New settings received: 
{"indexer.settings.compaction.days_of_week":"Sunday,Monday,Tuesday,Wednesday,Thursday,Friday,Saturday","indexer.settings.compaction.interval":"00:00,00:00","indexer.settings.compaction.compaction_mode":"circular","indexer.settings.persisted_snapshot.interval":5000,"indexer.settings.log_level":"info","indexer.settings.compaction.min_frag":30,"indexer.settings.inmemory_snapshot.interval":200,"indexer.settings.max_cpu_percent":0,"indexer.settings.storage_mode":"memory_optimized","indexer.settings.recovery.max_rollbacks":2,"indexer.settings.memory_quota":268435456,"indexer.settings.compaction.abort_exceed_interval":false}
2019-07-21T21:58:19.354+00:00 [Info] PROJ[:9999] settings notifier from metakv
2019-07-21T21:58:19.354+00:00 [Info] PROJ[:9999] settings indexer.settings.wal_size will updated to `4096`
2019-07-21T21:58:19.354+00:00 [Info] PROJ[:9999] settings indexer.settings.minVbQueueLength will updated to `250`
2019-07-21T21:58:19.354+00:00 [Info] PROJ[:9999] settings indexer.settings.inmemory_snapshot.fdb.interval will updated to `200`
2019-07-21T21:58:19.354+00:00 [Info] PROJ[:9999] settings indexer.settings.persisted_snapshot_init_build.interval will updated to `5000`
2019-07-21T21:58:19.354+00:00 [Info] PROJ[:9999] settings indexer.settings.cpuProfile will updated to `false`
2019-07-21T21:58:19.354+00:00 [Info] PROJ[:9999] settings indexer.settings.moi.debug will updated to `false`
2019-07-21T21:58:19.354+00:00 [Info] PROJ[:9999] settings indexer.settings.compaction.compaction_mode will updated to `circular`
2019-07-21T21:58:19.354+00:00 [Info] PROJ[:9999] settings indexer.settings.gc_percent will updated to `100`
2019-07-21T21:58:19.355+00:00 [Info] PROJ[:9999] settings indexer.settings.compaction.plasma.optional.decrement will updated to `5`
2019-07-21T21:58:19.355+00:00 [Info] PROJ[:9999] settings indexer.settings.recovery.max_rollbacks will updated to `2`
2019-07-21T21:58:19.355+00:00 [Info] PROJ[:9999] settings indexer.settings.fast_flush_mode will updated to `true`
2019-07-21T21:58:19.355+00:00 [Info] PROJ[:9999] settings indexer.settings.compaction.check_period will updated to `30`
2019-07-21T21:58:19.355+00:00 [Info] PROJ[:9999] settings indexer.settings.compaction.plasma.manual will updated to `false`
2019-07-21T21:58:19.356+00:00 [Warn] PROJ[:9999] immutable settings indexer.settings.send_buffer_size cannot be update to `1024`
2019-07-21T21:58:19.356+00:00 [Info] PROJ[:9999] settings indexer.settings.compaction.abort_exceed_interval will updated to `false`
2019-07-21T21:58:19.356+00:00 [Info] PROJ[:9999] settings indexer.settings.bufferPoolBlockSize will updated to `16384`
2019-07-21T21:58:19.356+00:00 [Info] PROJ[:9999] settings indexer.settings.persisted_snapshot_init_build.moi.interval will updated to `600000`
2019-07-21T21:58:19.356+00:00 [Info] PROJ[:9999] settings indexer.settings.memProfFname will updated to ``
2019-07-21T21:58:19.356+00:00 [Info] PROJ[:9999] settings indexer.settings.inmemory_snapshot.interval will updated to `200`
2019-07-21T21:58:19.356+00:00 [Info] PROJ[:9999] settings queryport.client.settings.backfillLimit will updated to `5120`
2019-07-21T21:58:19.356+00:00 [Info] PROJ[:9999] settings indexer.settings.compaction.interval will updated to `00:00,00:00`
2019-07-21T21:58:19.356+00:00 [Info] PROJ[:9999] settings indexer.settings.compaction.min_frag will updated to `30`
2019-07-21T21:58:19.356+00:00 [Info] PROJ[:9999] settings indexer.settings.maxVbQueueLength will updated to `0`
2019-07-21T21:58:19.356+00:00 [Info] PROJ[:9999] settings indexer.settings.enable_corrupt_index_backup will updated to `false`
2019-07-21T21:58:19.356+00:00 [Info] PROJ[:9999] settings indexer.settings.compaction.days_of_week will updated to `Sunday,Monday,Tuesday,Wednesday,Thursday,Friday,Saturday`
2019-07-21T21:58:19.356+00:00 [Info] PROJ[:9999] settings indexer.settings.sliceBufSize will updated to `50000`
2019-07-21T21:58:19.356+00:00 [Info] PROJ[:9999] settings indexer.settings.memProfile will updated to `false`
2019-07-21T21:58:19.356+00:00 [Info] PROJ[:9999] settings indexer.settings.max_writer_lock_prob will updated to `20`
2019-07-21T21:58:19.356+00:00 [Info] PROJ[:9999] settings indexer.settings.compaction.plasma.optional.quota will updated to `25`
2019-07-21T21:58:19.356+00:00 [Info] PROJ[:9999] settings projector.settings.log_level will updated to `info`
2019-07-21T21:58:19.356+00:00 [Info] PROJ[:9999] settings indexer.settings.storage_mode.disable_upgrade will updated to `false`
2019-07-21T21:58:19.356+00:00 [Info] PROJ[:9999] settings indexer.settings.log_level will updated to `info`
2019-07-21T21:58:19.356+00:00 [Warn] PROJ[:9999] immutable settings queryport.client.settings.poolOverflow cannot be update to `30`
2019-07-21T21:58:19.356+00:00 [Info] PROJ[:9999] settings indexer.settings.scan_getseqnos_retries will updated to `30`
2019-07-21T21:58:19.356+00:00 [Info] PROJ[:9999] settings indexer.settings.moi.recovery_threads will updated to `4`
2019-07-21T21:58:19.356+00:00 [Info] PROJ[:9999] settings indexer.settings.compaction.min_size will updated to `524288000`
2019-07-21T21:58:19.356+00:00 [Warn] PROJ[:9999] immutable settings queryport.client.settings.minPoolSizeWM cannot be update to `1000`
2019-07-21T21:58:19.356+00:00 [Warn] PROJ[:9999] immutable settings queryport.client.settings.poolSize cannot be update to `5000`
2019-07-21T21:58:19.356+00:00 [Info] PROJ[:9999] settings indexer.settings.storage_mode will updated to `memory_optimized`
2019-07-21T21:58:19.356+00:00 [Info] PROJ[:9999] settings indexer.settings.persisted_snapshot.fdb.interval will updated to `5000`
2019-07-21T21:58:19.356+00:00 [Info] PROJ[:9999] settings indexer.settings.compaction.plasma.optional.min_frag will updated to `20`
2019-07-21T21:58:19.356+00:00 [Info] PROJ[:9999] settings indexer.settings.cpuProfFname will updated to ``
2019-07-21T21:58:19.356+00:00 [Info] PROJ[:9999] settings indexer.settings.max_cpu_percent will updated to `0`
2019-07-21T21:58:19.356+00:00 [Info] PROJ[:9999] settings indexer.settings.max_array_seckey_size will updated to `10240`
2019-07-21T21:58:19.356+00:00 [Info] PROJ[:9999] settings indexer.settings.max_seckey_size will updated to `4608`
2019-07-21T21:58:19.356+00:00 [Info] PROJ[:9999] settings indexer.settings.build.batch_size will updated to `5`
2019-07-21T21:58:19.356+00:00 [Info] PROJ[:9999] settings indexer.settings.moi.persistence_threads will updated to `2`
2019-07-21T21:58:19.356+00:00 [Info] PROJ[:9999] settings indexer.settings.persisted_snapshot.interval will updated to `5000`
2019-07-21T21:58:19.356+00:00 [Info] PROJ[:9999] settings indexer.settings.persisted_snapshot_init_build.fdb.interval will updated to `5000`
2019-07-21T21:58:19.356+00:00 [Warn] PROJ[:9999] immutable settings queryport.client.settings.relConnBatchSize cannot be update to `100`
2019-07-21T21:58:19.356+00:00 [Info] PROJ[:9999] settings indexer.settings.allow_large_keys will updated to `true`
2019-07-21T21:58:19.356+00:00 [Info] PROJ[:9999] settings indexer.settings.persisted_snapshot.moi.interval will updated to `600000`
2019-07-21T21:58:19.356+00:00 [Info] PROJ[:9999] settings indexer.settings.inmemory_snapshot.moi.interval will updated to `20`
2019-07-21T21:58:19.356+00:00 [Info] PROJ[:9999] settings indexer.settings.plasma.recovery.max_rollbacks will updated to `2`
2019-07-21T21:58:19.356+00:00 [Info] PROJ[:9999] settings indexer.settings.moi.recovery.max_rollbacks will updated to `2`
2019-07-21T21:58:19.356+00:00 [Info] PROJ[:9999] settings indexer.settings.statsLogDumpInterval will updated to `60`
2019-07-21T21:58:19.356+00:00 [Info] PROJ[:9999] settings indexer.settings.corrupt_index_num_backups will updated to `1`
2019-07-21T21:58:19.356+00:00 [Info] PROJ[:9999] settings indexer.settings.largeSnapshotThreshold will updated to `200`
2019-07-21T21:58:19.356+00:00 [Info] PROJ[:9999] settings indexer.settings.memory_quota will updated to `268435456`
2019-07-21T21:58:19.356+00:00 [Info] PROJ[:9999] settings indexer.settings.num_replica will updated to `0`
2019-07-21T21:58:19.356+00:00 [Warn] PROJ[:9999] immutable settings indexer.settings.scan_timeout cannot be update to `120000`
2019-07-21T21:58:19.356+00:00 [Info] PROJ[:9999] settings indexer.settings.smallSnapshotThreshold will updated to `30`
2019-07-21T21:58:19.357+00:00 [Info] amd64 linux; cpus: 4; GOMAXPROCS: 4; version: go1.7.6
2019-07-21T21:58:19.349+00:00 [Info] pram[:9999] registered /adminport/failoverLogRequest
2019-07-21T21:58:19.357+00:00 [Info] pram[:9999] registered /adminport/mutationTopicRequest
2019-07-21T21:58:19.357+00:00 [Info] pram[:9999] registered /adminport/restartVbucketsRequest
2019-07-21T21:58:19.357+00:00 [Info] pram[:9999] registered /adminport/shutdownVbucketsRequest
2019-07-21T21:58:19.357+00:00 [Info] pram[:9999] registered /adminport/addBucketsRequest
2019-07-21T21:58:19.357+00:00 [Info] pram[:9999] registered /adminport/delBucketsRequest
2019-07-21T21:58:19.357+00:00 [Info] pram[:9999] registered /adminport/addInstancesRequest
2019-07-21T21:58:19.357+00:00 [Info] pram[:9999] registered /adminport/delInstancesRequest
2019-07-21T21:58:19.357+00:00 [Info] pram[:9999] registered /adminport/repairEndpointsRequest
2019-07-21T21:58:19.357+00:00 [Info] pram[:9999] registered /adminport/shutdownTopicRequest
2019-07-21T21:58:19.357+00:00 [Info] pram[:9999] registered /adminport/stats
2019-07-21T21:58:19.357+00:00 [Info] pram[:9999] registered handler-func /stats
2019-07-21T21:58:19.357+00:00 [Info] pram[:9999] registered handler-func /settings
2019-07-21T21:58:19.358+00:00 [Info] pram[:9999] registered handler-func /debug/pprof
2019-07-21T21:58:19.358+00:00 [Info] pram[:9999] registered handler-func /debug/pprof/block
2019-07-21T21:58:19.358+00:00 [Info] pram[:9999] registered handler-func /debug/pprof/goroutine
2019-07-21T21:58:19.358+00:00 [Info] pram[:9999] registered handler-func /debug/pprof/heap
2019-07-21T21:58:19.358+00:00 [Info] pram[:9999] registered handler-func /debug/pprof/threadcreate
2019-07-21T21:58:19.358+00:00 [Info] pram[:9999] registered handler-func /debug/pprof/profile
2019-07-21T21:58:19.358+00:00 [Info] pram[:9999] starting ...
2019-07-21T21:58:19.517+00:00 [Info] pram[:9999] Request "/adminport/shutdownTopicRequest"
2019-07-21T21:58:19.517+00:00 [Info] PROJ[:9999] ##1 doShutdownTopic() "MAINT_STREAM_TOPIC_8ba1ce2e183ff908d4723b87c7fdb9b3"
2019-07-21T21:58:19.518+00:00 [Error] PROJ[:9999] ##1 acquireFeed(): projector.topicMissing
2019-07-21T21:58:19.518+00:00 [Info] PROJ[:9999] ##1 doShutdownTopic() returns ...
2019-07-21T21:58:19.540+00:00 [Info] pram[:9999] Request "/adminport/shutdownTopicRequest"
2019-07-21T21:58:19.540+00:00 [Info] PROJ[:9999] ##2 doShutdownTopic() "INIT_STREAM_TOPIC_8ba1ce2e183ff908d4723b87c7fdb9b3"
2019-07-21T21:58:19.541+00:00 [Error] PROJ[:9999] ##2 acquireFeed(): projector.topicMissing
2019-07-21T21:58:19.541+00:00 [Info] PROJ[:9999] ##2 doShutdownTopic() returns ...
