[ns_doctor:debug,2023-07-18T19:57:17.961Z,ns_1@cb.local:ns_doctor<0.364.0>:ns_doctor:handle_info:182]Got initial status:
[{'ns_1@cb.local',
     [{last_heard,-576460748335547623},
      {now,-576460748346095540},
      {active_buckets,[]},
      {ready_buckets,[]},
      {status_latency,10479},
      {outgoing_replications_safeness_level,[]},
      {incoming_replications_conf_hashes,[]},
      {meminfo,
          <<"MemTotal:       32828612 kB\nMemFree:        18536272 kB\nMemAvailable:   27859992 kB\nBuffers:          601704 kB\nCached:          8698944 kB\nSwapCached:          300 kB\nActive:          5434780 kB\nInactive:        7831300 kB\nActive(anon):      90080 kB\nInactive(anon):  4236040 kB\nActive(file):    5344700 kB\nInactive(file):  3595260 kB\nUnevictable:           0 kB\nMlocked:               0 kB\nSwapTotal:       1048572 kB\nSwapFree:        1045460 kB\nDirty:               328 kB\nWriteback:            20 kB\nAnonPages:       3962300 kB\nMapped:           808532 kB\nShmem:            364780 kB\nKReclaimable:     769564 kB\nSlab:             886820 kB\nSReclaimable:     769564 kB\nSUnreclaim:       117256 kB\nKernelStack:       22464 kB\nPageTables:        24076 kB\nNFS_Unstable:          0 kB\nBounce:                0 kB\nWritebackTmp:          0 kB\nCommitLimit:    17462876 kB\nCommitted_AS:   25929696 kB\nVmallocTotal:   133143592960 kB\nVmallocUsed:       28372 kB\nVmallocChunk:          0 kB\nPercpu:             5700 kB\nAnonHugePages:     10240 kB\nShmemHugePages:        0 kB\nShmemPmdMapped:        0 kB\nFileHugePages:         0 kB\nFilePmdMapped:         0 kB\nHugePages_Total:       0\nHugePages_Free:        0\nHugePages_Rsvd:        0\nHugePages_Surp:        0\nHugepagesize:       2048 kB\nHugetlb:               0 kB\n">>},
      {loadavg,<<"1.29 1.91 2.05 3/1407 303\n">>},
      {cpu_pressure,{error,enoent}},
      {memory_pressure,{error,enoent}},
      {io_pressure,{error,enoent}},
      {local_tasks,[]},
      {memory,
          [{total,49934512},
           {processes,15677320},
           {processes_used,15664504},
           {system,34257192},
           {atom,553593},
           {atom_used,534542},
           {binary,903320},
           {code,11591920},
           {ets,1785584}]},
      {cpu_count,5},
      {system_memory_data,
          [{system_total_memory,33616498688},
           {free_swap,1070551040},
           {total_swap,1073737728},
           {cached_memory,8907718656},
           {buffered_memory,616144896},
           {free_memory,18981142528},
           {total_memory,33616498688}]},
      {node_storage_conf,
          [{db_path,"/opt/couchbase/var/lib/couchbase/data"},
           {index_path,"/opt/couchbase/var/lib/couchbase/data"}]},
      {statistics,
          [{wall_clock,{3659,6}},
           {context_switches,{27359,0}},
           {garbage_collection,{6755,30448683,0}},
           {io,{{input,8032622},{output,782774}}},
           {reductions,{26953028,82605}},
           {run_queue,0},
           {runtime,{1506,13}},
           {run_queues,{0,0,0,0,0,0,0}}]},
      {system_stats,
          [{cpu_utilization_rate,0},
           {cpu_stolen_rate,0},
           {swap_total,0},
           {swap_used,0},
           {mem_total,0},
           {mem_free,0},
           {mem_limit,0},
           {cpu_cores_available,0},
           {allocstall,0}]},
      {interesting_stats,[]},
      {per_bucket_interesting_stats,[]},
      {processes_stats,[]},
      {cluster_compatibility_version,1},
      {version,
          [{stdlib,"3.4.5.1"},
           {sasl,"3.1.2"},
           {lhttpc,"1.3.0"},
           {ale,"0.0.0"},
           {ns_server,"6.6.5-10080-enterprise"},
           {public_key,"1.5.2"},
           {inets,"6.5.2.4"},
           {ssl,"8.2.6.4"},
           {kernel,"5.4.3.2"},
           {crypto,"4.2.2.2"},
           {asn1,"5.0.5.2"},
           {os_mon,"2.4.4"}]},
      {supported_compat_version,[6,6]},
      {advertised_version,[6,6,3]},
      {system_arch,"x86_64-unknown-linux-gnu"},
      {wall_clock,3},
      {memory_data,{33616498688,14488637440,{<0.33.0>,426928}}},
      {disk_data,
          [{"/",214993340,25},
           {"/dev",65536,0},
           {"/dev/shm",65536,0},
           {"/var",214993340,25},
           {"/etc/resolv.conf",214993340,25},
           {"/etc/hostname",214993340,25},
           {"/etc/hosts",214993340,25},
           {"/opt/couchbase/var",214993340,25},
           {"/proc/kcore",65536,0},
           {"/proc/keys",65536,0},
           {"/proc/timer_list",65536,0},
           {"/sys/firmware",16414304,0}]}]}]
[stats:debug,2023-07-18T19:57:22.072Z,ns_1@cb.local:<0.936.0>:stats_collector:log_stats:113](at {{2023,7,18},{19,57,22}} (1689710242057)) Stats for bucket "datadog-test":
ep_dcp_2i_backoff             0
ep_dcp_2i_count               0
ep_dcp_2i_items_remaining     0
ep_dcp_2i_items_sent          0
ep_dcp_2i_producer_count      0
ep_dcp_2i_total_backlog_size  0
ep_dcp_2i_total_bytes         0
ep_dcp_cbas_backoff           0
ep_dcp_cbas_count             0
ep_dcp_cbas_items_remaining   0
ep_dcp_cbas_items_sent        0
ep_dcp_cbas_producer_count    0
ep_dcp_cbas_total_backlog_size 0
ep_dcp_cbas_total_bytes       0
ep_dcp_eventing_backoff       0
ep_dcp_eventing_count         0
ep_dcp_eventing_items_remaining 0
ep_dcp_eventing_items_sent    0
ep_dcp_eventing_producer_count 0
ep_dcp_eventing_total_backlog_size 0
ep_dcp_eventing_total_bytes   0
ep_dcp_fts_backoff            0
ep_dcp_fts_count              0
ep_dcp_fts_items_remaining    0
ep_dcp_fts_items_sent         0
ep_dcp_fts_producer_count     0
ep_dcp_fts_total_backlog_size 0
ep_dcp_fts_total_bytes        0
ep_dcp_other_backoff          0
ep_dcp_other_count            0
ep_dcp_other_items_remaining  0
ep_dcp_other_items_sent       0
ep_dcp_other_producer_count   0
ep_dcp_other_total_backlog_size 0
ep_dcp_other_total_bytes      0
ep_dcp_replica_backoff        0
ep_dcp_replica_count          0
ep_dcp_replica_items_remaining 0
ep_dcp_replica_items_sent     0
ep_dcp_replica_producer_count 0
ep_dcp_replica_total_backlog_size 0
ep_dcp_replica_total_bytes    0
ep_dcp_views_backoff          0
ep_dcp_views_count            0
ep_dcp_views_items_remaining  0
ep_dcp_views_items_sent       0
ep_dcp_views_producer_count   0
ep_dcp_views_total_backlog_size 0
ep_dcp_views_total_bytes      0
ep_dcp_xdcr_backoff           0
ep_dcp_xdcr_count             0
ep_dcp_xdcr_items_remaining   0
ep_dcp_xdcr_items_sent        0
ep_dcp_xdcr_producer_count    0
ep_dcp_xdcr_total_backlog_size 0
ep_dcp_xdcr_total_bytes       0
accepting_conns               1
auth_cmds                     0
auth_errors                   0
bytes                         2620464
bytes_read                    5239
bytes_subdoc_lookup_extracted 0
bytes_subdoc_lookup_total     0
bytes_subdoc_mutation_inserted 0
bytes_subdoc_mutation_total   0
bytes_written                 1372
cas_badval                    0
cas_hits                      0
cas_misses                    0
cmd_flush                     0
cmd_get                       0
cmd_lock                      0
cmd_lookup                    0
cmd_lookup_10s_count          0
cmd_lookup_10s_duration_us    0
cmd_mutation                  0
cmd_mutation_10s_count        0
cmd_mutation_10s_duration_us  0
cmd_set                       0
cmd_subdoc_lookup             0
cmd_subdoc_mutation           0
cmd_total_gets                0
cmd_total_ops                 0
cmd_total_sets                0
conn_yields                   0
connection_structures         8
curr_connections              16
curr_items                    0
curr_items_tot                0
curr_temp_items               0
daemon_connections            8
decr_hits                     0
decr_misses                   0
delete_hits                   0
delete_misses                 0
ep_access_scanner_enabled     true
ep_access_scanner_last_runtime 0
ep_access_scanner_num_items   0
ep_access_scanner_task_time   2023-07-19 02:00:01
ep_active_ahead_exceptions    0
ep_active_behind_exceptions   0
ep_active_datatype_json       0
ep_active_datatype_json,xattr 0
ep_active_datatype_raw        0
ep_active_datatype_snappy     0
ep_active_datatype_snappy,json 0
ep_active_datatype_snappy,json,xattr 0
ep_active_datatype_snappy,xattr 0
ep_active_datatype_xattr      0
ep_active_hlc_drift           0
ep_active_hlc_drift_count     0
ep_allow_sanitize_value_in_deletion true
ep_alog_block_size            4096
ep_alog_max_stored_items      1024
ep_alog_path                  /opt/couchbase/var/lib/couchbase/data/datadog-test/access.log
ep_alog_resident_ratio_threshold 95
ep_alog_sleep_time            1440
ep_alog_task_time             2
ep_backend                    couchdb
ep_backfill_mem_threshold     96
ep_bfilter_enabled            true
ep_bfilter_fp_prob            0.01
ep_bfilter_key_count          10000
ep_bfilter_residency_threshold 0.1
ep_bg_fetch_avg_read_amplification 0
ep_bg_fetched                 0
ep_bg_meta_fetched            0
ep_bg_remaining_items         0
ep_bg_remaining_jobs          0
ep_blob_num                   0
ep_blob_overhead              0
ep_bucket_priority            LOW
ep_bucket_type                persistent
ep_cache_size                 104857600
ep_checkpoint_memory          0
ep_checkpoint_memory_overhead 0
ep_checkpoint_memory_unreferenced 0
ep_chk_expel_enabled          true
ep_chk_max_items              10000
ep_chk_period                 5
ep_chk_persistence_remains    0
ep_chk_persistence_timeout    10
ep_chk_remover_stime          5
ep_clock_cas_drift_threshold_exceeded 0
ep_collections_enabled        true
ep_collections_max_size       1000
ep_commit_num                 0
ep_commit_time                0
ep_commit_time_total          0
ep_compaction_exp_mem_threshold 85
ep_compaction_write_queue_cap 10000
ep_compression_mode           passive
ep_conflict_resolution_type   seqno
ep_connection_manager_interval 1
ep_couch_bucket               datadog-test
ep_couchstore_mprotect        false
ep_couchstore_tracing         false
ep_couchstore_write_validation false
ep_cursor_dropping_checkpoint_mem_lower_mark 30
ep_cursor_dropping_checkpoint_mem_upper_mark 50
ep_cursor_dropping_lower_mark 80
ep_cursor_dropping_lower_threshold 83886080
ep_cursor_dropping_upper_mark 95
ep_cursor_dropping_upper_threshold 99614720
ep_cursor_memory_freed        0
ep_cursors_dropped            0
ep_data_read_failed           0
ep_data_traffic_enabled       false
ep_data_write_failed          0
ep_db_data_size               0
ep_db_file_size               0
ep_db_prepare_size            0
ep_dbname                     /opt/couchbase/var/lib/couchbase/data/datadog-test
ep_dcp_backfill_byte_limit    20972856
ep_dcp_blacklist_fts_connection_logs true
ep_dcp_conn_buffer_size       10485760
ep_dcp_conn_buffer_size_aggr_mem_threshold 10
ep_dcp_conn_buffer_size_aggressive_perc 5
ep_dcp_conn_buffer_size_max   52428800
ep_dcp_conn_buffer_size_perc  1
ep_dcp_consumer_control_enabled false
ep_dcp_consumer_process_buffered_messages_batch_size 10
ep_dcp_consumer_process_buffered_messages_yield_limit 10
ep_dcp_enable_noop            true
ep_dcp_flow_control_policy    aggressive
ep_dcp_idle_timeout           360
ep_dcp_min_compression_ratio  0.85
ep_dcp_noop_mandatory_for_v5_features true
ep_dcp_noop_tx_interval       1
ep_dcp_producer_snapshot_marker_yield_limit 10
ep_dcp_scan_byte_limit        4194304
ep_dcp_scan_item_limit        4096
ep_dcp_takeover_max_time      60
ep_defragmenter_age_threshold 10
ep_defragmenter_chunk_duration 20
ep_defragmenter_enabled       true
ep_defragmenter_interval      10
ep_defragmenter_num_moved     0
ep_defragmenter_num_visited   0
ep_defragmenter_stored_value_age_threshold 10
ep_defragmenter_sv_num_moved  0
ep_degraded_mode              true
ep_diskqueue_drain            0
ep_diskqueue_fill             0
ep_diskqueue_items            0
ep_diskqueue_memory           0
ep_diskqueue_pending          0
ep_durability_min_level       none
ep_durability_timeout_task_interval 25
ep_exp_pager_enabled          true
ep_exp_pager_initial_run_time -1
ep_exp_pager_stime            600
ep_expired_access             0
ep_expired_compactor          0
ep_expired_pager              0
ep_expiry_pager_task_time     2023-07-18 20:07:22
ep_failpartialwarmup          false
ep_flush_duration_total       0
ep_flusher_batch_split_trigger 1000000
ep_flusher_state              running
ep_flusher_todo               0
ep_fsync_after_every_n_bytes_written 16777216
ep_getl_default_timeout       15
ep_getl_max_timeout           30
ep_hlc_drift_ahead_threshold_us 5000000
ep_hlc_drift_behind_threshold_us 5000000
ep_ht_locks                   47
ep_ht_resize_interval         1
ep_ht_size                    47
ep_io_bg_fetch_read_count     0
ep_io_compaction_read_bytes   0
ep_io_compaction_write_bytes  0
ep_io_document_write_bytes    0
ep_io_flusher_write_amplification inf
ep_io_total_read_bytes        0
ep_io_total_write_amplification inf
ep_io_total_write_bytes       0
ep_item_begin_failed          0
ep_item_commit_failed         0
ep_item_compressor_chunk_duration 20
ep_item_compressor_interval   250
ep_item_compressor_num_compressed 0
ep_item_compressor_num_visited 0
ep_item_eviction_age_percentage 30
ep_item_eviction_freq_counter_age_threshold 1
ep_item_eviction_policy       value_only
ep_item_flush_expired         0
ep_item_flush_failed          0
ep_item_freq_decayer_chunk_duration 20
ep_item_freq_decayer_percent  50
ep_item_num                   0
ep_item_num_based_new_chk     true
ep_items_expelled_from_checkpoints 0
ep_items_rm_from_checkpoints  0
ep_keep_closed_chks           false
ep_kv_size                    0
ep_magma_commit_point_every_batch false
ep_magma_commit_point_interval 2
ep_magma_delete_frag_ratio    0.5
ep_magma_delete_memtable_writecache 8192
ep_magma_enable_upsert        false
ep_magma_expiry_frag_threshold 0.25
ep_magma_max_commit_points    5
ep_magma_max_write_cache      134217728
ep_magma_mem_quota_ratio      0.1
ep_magma_min_write_cache      8388608
ep_magma_num_compactors       4
ep_magma_num_flushers         1
ep_magma_tombstone_frag_threshold 0.25
ep_magma_value_separation_size 32
ep_magma_wal_buffer_size      2097152
ep_magma_wal_num_buffers      1
ep_max_checkpoints            2
ep_max_failover_entries       25
ep_max_item_privileged_bytes  1048576
ep_max_item_size              20971520
ep_max_num_shards             0
ep_max_num_workers            3
ep_max_size                   104857600
ep_max_threads                0
ep_max_ttl                    0
ep_max_vbuckets               1024
ep_mem_high_wat               89128960
ep_mem_high_wat_percent       0.85
ep_mem_low_wat                78643200
ep_mem_low_wat_percent        0.75
ep_mem_tracker_enabled        true
ep_mem_used_merge_threshold_percent 0.5
ep_meta_data_disk             0
ep_meta_data_memory           0
ep_min_compression_ratio      1.2
ep_mutation_mem_threshold     93
ep_num_access_scanner_runs    0
ep_num_access_scanner_skips   0
ep_num_auxio_threads          1
ep_num_eject_failures         0
ep_num_expiry_pager_runs      0
ep_num_freq_decayer_runs      1
ep_num_non_resident           0
ep_num_nonio_threads          2
ep_num_not_my_vbuckets        0
ep_num_ops_del_meta           0
ep_num_ops_del_meta_res_fail  0
ep_num_ops_del_ret_meta       0
ep_num_ops_get_meta           0
ep_num_ops_get_meta_on_set_meta 0
ep_num_ops_set_meta           0
ep_num_ops_set_meta_res_fail  0
ep_num_ops_set_ret_meta       0
ep_num_pager_runs             0
ep_num_reader_threads         5
ep_num_value_ejects           0
ep_num_workers                12
ep_num_writer_threads         4
ep_oom_errors                 0
ep_overhead                   664
ep_pager_active_vb_pcnt       40
ep_pager_sleep_time_ms        5000
ep_pending_compactions        0
ep_pending_ops                0
ep_pending_ops_max            0
ep_pending_ops_max_duration   0
ep_pending_ops_total          0
ep_persist_vbstate_total      0
ep_queue_size                 0
ep_replica_ahead_exceptions   0
ep_replica_behind_exceptions  0
ep_replica_datatype_json      0
ep_replica_datatype_json,xattr 0
ep_replica_datatype_raw       0
ep_replica_datatype_snappy    0
ep_replica_datatype_snappy,json 0
ep_replica_datatype_snappy,json,xattr 0
ep_replica_datatype_snappy,xattr 0
ep_replica_datatype_xattr     0
ep_replica_hlc_drift          0
ep_replica_hlc_drift_count    0
ep_replication_throttle_cap_pcnt 10
ep_replication_throttle_queue_cap -1
ep_replication_throttle_threshold 99
ep_retain_erroneous_tombstones true
ep_rocksdb_bbt_options        block_size=16384,cache_index_and_filter_blocks=true,pin_l0_filter_and_index_blocks_in_cache=true,cache_index_and_filter_blocks_with_high_priority=true,index_type=kTwoLevelIndexSearch,partition_filters=true
ep_rocksdb_block_cache_high_pri_pool_ratio 0.9
ep_rocksdb_block_cache_ratio  0.1
ep_rocksdb_cf_options         
ep_rocksdb_default_cf_optimize_compaction none
ep_rocksdb_high_pri_background_threads 0
ep_rocksdb_low_pri_background_threads 0
ep_rocksdb_memtables_ratio    0.1
ep_rocksdb_options            bytes_per_sync=1048576,stats_dump_period_sec=600
ep_rocksdb_seqno_cf_optimize_compaction none
ep_rocksdb_stats_level        kExceptTimeForMutex
ep_rocksdb_uc_max_size_amplification_percent 200
ep_rocksdb_write_rate_limit   0
ep_rollback_count             0
ep_scopes_max_size            100
ep_startup_time               1689710241
ep_storage_age                0
ep_storage_age_highwat        0
ep_storedval_num              0
ep_storedval_overhead         0
ep_storedval_size             0
ep_sync_writes_max_allowed_replicas 2
ep_time_synchronization       disabled
ep_tmp_oom_errors             0
ep_total_cache_size           0
ep_total_deduplicated         0
ep_total_del_items            0
ep_total_enqueued             0
ep_total_new_items            0
ep_total_persisted            0
ep_uncommitted_items          0
ep_uuid                       fbbd3de581d647301f410f35705d9ed5
ep_value_size                 0
ep_vb_total                   0
ep_vbucket_del                0
ep_vbucket_del_fail           0
ep_warmup                     true
ep_warmup_batch_size          10000
ep_warmup_dups                0
ep_warmup_min_items_threshold 100
ep_warmup_min_memory_threshold 100
ep_warmup_oom                 0
ep_warmup_thread              complete
ep_warmup_time                26227
ep_workload_pattern           read_heavy
ep_xattr_enabled              true
get_hits                      0
get_misses                    0
incr_hits                     0
incr_misses                   0
iovused_high_watermark        1
libevent                      2.1.8-beta
listen_disabled_num           0
lock_errors                   0
mem_used                      2620464
mem_used_estimate             2620464
memcached_version             c7ce4bf96f96da40da14d0394a97fc95f10f7576
msgused_high_watermark        1
pointer_size                  64
rbufs_allocated               0
rbufs_existing                0
rbufs_loaned                  4
rejected_conns                0
rollback_item_count           0
stat_reset                    Tue Jul 18 19:57:18 2023
system_connections            8
threads                       4
time                          1689710241
total_connections             16
total_resp_errors             0
uptime                        3
vb_active_checkpoint_memory   0
vb_active_checkpoint_memory_overhead 0
vb_active_checkpoint_memory_unreferenced 0
vb_active_curr_items          0
vb_active_eject               0
vb_active_expired             0
vb_active_hp_vb_req_size      0
vb_active_ht_memory           0
vb_active_itm_memory          0
vb_active_itm_memory_uncompressed 0
vb_active_meta_data_disk      0
vb_active_meta_data_memory    0
vb_active_num                 0
vb_active_num_non_resident    0
vb_active_ops_create          0
vb_active_ops_delete          0
vb_active_ops_get             0
vb_active_ops_reject          0
vb_active_ops_update          0
vb_active_perc_mem_resident   100
vb_active_queue_age           0
vb_active_queue_drain         0
vb_active_queue_fill          0
vb_active_queue_memory        0
vb_active_queue_pending       0
vb_active_queue_size          0
vb_active_rollback_item_count 0
vb_active_sync_write_aborted_count 0
vb_active_sync_write_accepted_count 0
vb_active_sync_write_committed_count 0
vb_dead_num                   0
vb_pending_checkpoint_memory  0
vb_pending_checkpoint_memory_overhead 0
vb_pending_checkpoint_memory_unreferenced 0
vb_pending_curr_items         0
vb_pending_eject              0
vb_pending_expired            0
vb_pending_hp_vb_req_size     0
vb_pending_ht_memory          0
vb_pending_itm_memory         0
vb_pending_itm_memory_uncompressed 0
vb_pending_meta_data_disk     0
vb_pending_meta_data_memory   0
vb_pending_num                0
vb_pending_num_non_resident   0
vb_pending_ops_create         0
vb_pending_ops_delete         0
vb_pending_ops_get            0
vb_pending_ops_reject         0
vb_pending_ops_update         0
vb_pending_perc_mem_resident  100
vb_pending_queue_age          0
vb_pending_queue_drain        0
vb_pending_queue_fill         0
vb_pending_queue_memory       0
vb_pending_queue_pending      0
vb_pending_queue_size         0
vb_pending_rollback_item_count 0
vb_replica_checkpoint_memory  0
vb_replica_checkpoint_memory_overhead 0
vb_replica_checkpoint_memory_unreferenced 0
vb_replica_curr_items         0
vb_replica_eject              0
vb_replica_expired            0
vb_replica_hp_vb_req_size     0
vb_replica_ht_memory          0
vb_replica_itm_memory         0
vb_replica_itm_memory_uncompressed 0
vb_replica_meta_data_disk     0
vb_replica_meta_data_memory   0
vb_replica_num                0
vb_replica_num_non_resident   0
vb_replica_ops_create         0
vb_replica_ops_delete         0
vb_replica_ops_get            0
vb_replica_ops_reject         0
vb_replica_ops_update         0
vb_replica_perc_mem_resident  100
vb_replica_queue_age          0
vb_replica_queue_drain        0
vb_replica_queue_fill         0
vb_replica_queue_memory       0
vb_replica_queue_pending      0
vb_replica_queue_size         0
vb_replica_rollback_item_count 0
vb_replica_sync_write_aborted_count 0
vb_replica_sync_write_accepted_count 0
vb_replica_sync_write_committed_count 0
version                       6.6.5-10080
wbufs_allocated               0
wbufs_existing                0
wbufs_loaned                  4

[ns_doctor:debug,2023-07-18T19:58:17.927Z,ns_1@cb.local:ns_doctor<0.364.0>:ns_doctor:handle_info:186]Current node statuses:
[{'ns_1@cb.local',
     [{last_heard,-576460693347845792},
      {now,-576460693372655501},
      {active_buckets,["datadog-test"]},
      {ready_buckets,["datadog-test"]},
      {status_latency,24438},
      {outgoing_replications_safeness_level,[{"datadog-test",green}]},
      {incoming_replications_conf_hashes,[{"datadog-test",[]}]},
      {{service_status,fts},[{connected,true},{needs_rebalance,false}]},
      {{service_status,index},[{connected,true},{needs_rebalance,false}]},
      {{service_status,cbas},[{connected,true},{needs_rebalance,false}]},
      {meminfo,
          <<"MemTotal:       32828612 kB\nMemFree:        17414420 kB\nMemAvailable:   26777352 kB\nBuffers:          603748 kB\nCached:          8721264 kB\nSwapCached:          300 kB\nActive:          5441332 kB\nInactive:        8899568 kB\nActive(anon):      90168 kB\nInactive(anon):  5273844 kB\nActive(file):    5351164 kB\nInactive(file):  3625724 kB\nUnevictable:           0 kB\nMlocked:               0 kB\nSwapTotal:       1048572 kB\nSwapFree:        1045460 kB\nDirty:               276 kB\nWriteback:             0 kB\nAnonPages:       5013112 kB\nMapped:           956072 kB\nShmem:            364784 kB\nKReclaimable:     771848 kB\nSlab:             888368 kB\nSReclaimable:     771848 kB\nSUnreclaim:       116520 kB\nKernelStack:       27168 kB\nPageTables:        30692 kB\nNFS_Unstable:          0 kB\nBounce:                0 kB\nWritebackTmp:          0 kB\nCommitLimit:    17462876 kB\nCommitted_AS:   31495980 kB\nVmallocTotal:   133143592960 kB\nVmallocUsed:       33108 kB\nVmallocChunk:          0 kB\nPercpu:             5700 kB\nAnonHugePages:     10240 kB\nShmemHugePages:        0 kB\nShmemPmdMapped:        0 kB\nFileHugePages:         0 kB\nFilePmdMapped:         0 kB\nHugePages_Total:       0\nHugePages_Free:        0\nHugePages_Rsvd:        0\nHugePages_Surp:        0\nHugepagesize:       2048 kB\nHugetlb:               0 kB\n">>},
      {loadavg,<<"1.37 1.85 2.02 1/1695 682\n">>},
      {cpu_pressure,{error,enoent}},
      {memory_pressure,{error,enoent}},
      {io_pressure,{error,enoent}},
      {local_tasks,[]},
      {memory,
          [{total,98026304},
           {processes,51667368},
           {processes_used,51631584},
           {system,46358936},
           {atom,785337},
           {atom_used,770329},
           {binary,5037904},
           {code,14748231},
           {ets,4721552}]},
      {cpu_count,5},
      {system_memory_data,
          [{system_total_memory,33616498688},
           {free_swap,1070551040},
           {total_swap,1073737728},
           {cached_memory,8930574336},
           {buffered_memory,618237952},
           {free_memory,17832366080},
           {total_memory,33616498688}]},
      {node_storage_conf,
          [{db_path,"/opt/couchbase/var/lib/couchbase/data"},
           {index_path,"/opt/couchbase/var/lib/couchbase/data"}]},
      {statistics,
          [{wall_clock,{58649,4997}},
           {context_switches,{113130,0}},
           {garbage_collection,{30355,120807271,0}},
           {io,{{input,15561968},{output,6494929}}},
           {reductions,{72393779,1321890}},
           {run_queue,0},
           {runtime,{6966,420}},
           {run_queues,{0,0,0,0,0,0,0}}]},
      {system_stats,
          [{cpu_utilization_rate,6.4646464646464645},
           {cpu_stolen_rate,0.0},
           {swap_total,1073737728},
           {swap_used,3186688},
           {mem_total,33616498688},
           {mem_free,27381178368},
           {mem_limit,33616498688},
           {cpu_cores_available,5},
           {allocstall,0}]},
      {interesting_stats,
          [{cmd_get,0.0},
           {couch_docs_actual_disk_size,4262810},
           {couch_docs_data_size,4245549},
           {couch_spatial_data_size,0},
           {couch_spatial_disk_size,0},
           {couch_views_actual_disk_size,18178},
           {couch_views_data_size,18178},
           {curr_items,1},
           {curr_items_tot,1},
           {ep_bg_fetched,0.0},
           {get_hits,0.0},
           {mem_used,29137328},
           {ops,0.0},
           {vb_active_num_non_resident,0},
           {vb_replica_curr_items,0}]},
      {per_bucket_interesting_stats,
          [{"datadog-test",
            [{cmd_get,0.0},
             {couch_docs_actual_disk_size,4262810},
             {couch_docs_data_size,4245549},
             {couch_spatial_data_size,0},
             {couch_spatial_disk_size,0},
             {couch_views_actual_disk_size,18178},
             {couch_views_data_size,18178},
             {curr_items,1},
             {curr_items_tot,1},
             {ep_bg_fetched,0.0},
             {get_hits,0.0},
             {mem_used,29137328},
             {ops,0.0},
             {vb_active_num_non_resident,0},
             {vb_replica_curr_items,0}]}]},
      {processes_stats,
          [{<<"sigar_port/mem_size">>,148262912},
           {<<"sigar_port/mem_resident">>,1650688},
           {<<"sigar_port/major_faults_raw">>,0},
           {<<"sigar_port/cpu_utilization">>,0},
           {<<"saslauthd-port/mem_size">>,638459904},
           {<<"saslauthd-port/mem_resident">>,10399744},
           {<<"saslauthd-port/major_faults_raw">>,20},
           {<<"saslauthd-port/cpu_utilization">>,0},
           {<<"projector/mem_size">>,1261674496},
           {<<"projector/mem_resident">>,26046464},
           {<<"projector/major_faults_raw">>,111},
           {<<"projector/cpu_utilization">>,0},
           {<<"ns_server/mem_size">>,3918589952},
           {<<"ns_server/mem_resident">>,137646080},
           {<<"ns_server/major_faults_raw">>,356},
           {<<"ns_server/cpu_utilization">>,9},
           {<<"memcached/mem_size">>,1905868800},
           {<<"memcached/mem_resident">>,58937344},
           {<<"memcached/major_faults_raw">>,72},
           {<<"memcached/cpu_utilization">>,8},
           {<<"js-evaluator/mem_size">>,2429218816},
           {<<"js-evaluator/mem_resident">>,52764672},
           {<<"js-evaluator/major_faults_raw">>,4},
           {<<"js-evaluator/cpu_utilization">>,0},
           {<<"java/mem_size">>,5571956736},
           {<<"java/mem_resident">>,730193920},
           {<<"java/major_faults_raw">>,380},
           {<<"java/cpu_utilization">>,1},
           {<<"indexer/mem_size">>,1474392064},
           {<<"indexer/mem_resident">>,60207104},
           {<<"indexer/major_faults_raw">>,197},
           {<<"indexer/cpu_utilization">>,0},
           {<<"goxdcr/mem_size">>,1102331904},
           {<<"goxdcr/mem_resident">>,23498752},
           {<<"goxdcr/major_faults_raw">>,38},
           {<<"goxdcr/cpu_utilization">>,1},
           {<<"gosecrets/mem_size">>,150474752},
           {<<"gosecrets/mem_resident">>,4698112},
           {<<"gosecrets/major_faults_raw">>,217},
           {<<"gosecrets/cpu_utilization">>,0},
           {<<"goport/mem_size">>,915410944},
           {<<"goport/mem_resident">>,25882624},
           {<<"goport/major_faults_raw">>,392},
           {<<"goport/cpu_utilization">>,0},
           {<<"godu/mem_size">>,304795648},
           {<<"godu/mem_resident">>,8663040},
           {<<"godu/major_faults_raw">>,54},
           {<<"godu/cpu_utilization">>,1},
           {<<"erl_child_setup/mem_size">>,443965440},
           {<<"erl_child_setup/mem_resident">>,6606848},
           {<<"erl_child_setup/major_faults_raw">>,15},
           {<<"erl_child_setup/cpu_utilization">>,0},
           {<<"couchdb/mem_size">>,3784695808},
           {<<"couchdb/mem_resident">>,110239744},
           {<<"couchdb/major_faults_raw">>,204},
           {<<"couchdb/cpu_utilization">>,0},
           {<<"cbq-engine/mem_size">>,1524649984},
           {<<"cbq-engine/mem_resident">>,67461120},
           {<<"cbq-engine/major_faults_raw">>,144},
           {<<"cbq-engine/cpu_utilization">>,2},
           {<<"cbft/mem_size">>,1518120960},
           {<<"cbft/mem_resident">>,94846976},
           {<<"cbft/major_faults_raw">>,310},
           {<<"cbft/cpu_utilization">>,5},
           {<<"cbas/mem_size">>,1324294144},
           {<<"cbas/mem_resident">>,19800064},
           {<<"cbas/major_faults_raw">>,16},
           {<<"cbas/cpu_utilization">>,0},
           {<<"babysitter/mem_size">>,3811659776},
           {<<"babysitter/mem_resident">>,52060160},
           {<<"babysitter/major_faults_raw">>,164},
           {<<"babysitter/cpu_utilization">>,1}]},
      {cluster_compatibility_version,393222},
      {version,
          [{stdlib,"3.4.5.1"},
           {sasl,"3.1.2"},
           {lhttpc,"1.3.0"},
           {ale,"0.0.0"},
           {ns_server,"6.6.5-10080-enterprise"},
           {public_key,"1.5.2"},
           {inets,"6.5.2.4"},
           {ssl,"8.2.6.4"},
           {kernel,"5.4.3.2"},
           {crypto,"4.2.2.2"},
           {asn1,"5.0.5.2"},
           {os_mon,"2.4.4"}]},
      {supported_compat_version,[6,6]},
      {advertised_version,[6,6,3]},
      {system_arch,"x86_64-unknown-linux-gnu"},
      {wall_clock,58},
      {memory_data,{33616498688,14488637440,{<0.33.0>,426928}}},
      {disk_data,
          [{"/",214993340,25},
           {"/dev",65536,0},
           {"/dev/shm",65536,0},
           {"/var",214993340,25},
           {"/etc/resolv.conf",214993340,25},
           {"/etc/hostname",214993340,25},
           {"/etc/hosts",214993340,25},
           {"/opt/couchbase/var",214993340,25},
           {"/proc/kcore",65536,0},
           {"/proc/keys",65536,0},
           {"/proc/timer_list",65536,0},
           {"/sys/firmware",16414304,0}]}]}]
[stats:debug,2023-07-18T19:59:02.072Z,ns_1@cb.local:<0.936.0>:stats_collector:log_stats:113](at {{2023,7,18},{19,59,2}} (1689710342057)) Stats for bucket "datadog-test":
ep_dcp_2i_backoff             0.0
ep_dcp_2i_count               0
ep_dcp_2i_items_remaining     0
ep_dcp_2i_items_sent          0.0
ep_dcp_2i_producer_count      0
ep_dcp_2i_total_backlog_size  0
ep_dcp_2i_total_bytes         0.0
ep_dcp_cbas_backoff           0.0
ep_dcp_cbas_count             0
ep_dcp_cbas_items_remaining   0
ep_dcp_cbas_items_sent        0.0
ep_dcp_cbas_producer_count    0
ep_dcp_cbas_total_backlog_size 0
ep_dcp_cbas_total_bytes       0.0
ep_dcp_eventing_backoff       0.0
ep_dcp_eventing_count         0
ep_dcp_eventing_items_remaining 0
ep_dcp_eventing_items_sent    0.0
ep_dcp_eventing_producer_count 0
ep_dcp_eventing_total_backlog_size 0
ep_dcp_eventing_total_bytes   0.0
ep_dcp_fts_backoff            0.0
ep_dcp_fts_count              6
ep_dcp_fts_items_remaining    0
ep_dcp_fts_items_sent         0.0
ep_dcp_fts_producer_count     6
ep_dcp_fts_total_backlog_size 0
ep_dcp_fts_total_bytes        0.0
ep_dcp_other_backoff          0.0
ep_dcp_other_count            0
ep_dcp_other_items_remaining  0
ep_dcp_other_items_sent       0.0
ep_dcp_other_producer_count   0
ep_dcp_other_total_backlog_size 0
ep_dcp_other_total_bytes      0.0
ep_dcp_replica_backoff        0.0
ep_dcp_replica_count          0
ep_dcp_replica_items_remaining 0
ep_dcp_replica_items_sent     0.0
ep_dcp_replica_producer_count 0
ep_dcp_replica_total_backlog_size 0
ep_dcp_replica_total_bytes    0.0
ep_dcp_views_backoff          0.0
ep_dcp_views_count            1
ep_dcp_views_items_remaining  0
ep_dcp_views_items_sent       0.0
ep_dcp_views_producer_count   1
ep_dcp_views_total_backlog_size 0
ep_dcp_views_total_bytes      0.0
ep_dcp_xdcr_backoff           0.0
ep_dcp_xdcr_count             0
ep_dcp_xdcr_items_remaining   0
ep_dcp_xdcr_items_sent        0.0
ep_dcp_xdcr_producer_count    0
ep_dcp_xdcr_total_backlog_size 0
ep_dcp_xdcr_total_bytes       0.0
accepting_conns               1
auth_cmds                     0
auth_errors                   0
bytes                         29137328
bytes_read                    176557
bytes_subdoc_lookup_extracted 0
bytes_subdoc_lookup_total     0
bytes_subdoc_mutation_inserted 0
bytes_subdoc_mutation_total   0
bytes_written                 21568292
cas_badval                    0
cas_hits                      0
cas_misses                    0
cmd_flush                     0
cmd_get                       0
cmd_lock                      0
cmd_lookup                    0
cmd_lookup_10s_count          0
cmd_lookup_10s_duration_us    0
cmd_mutation                  1
cmd_mutation_10s_count        10
cmd_mutation_10s_duration_us  36461
cmd_set                       1
cmd_subdoc_lookup             0
cmd_subdoc_mutation           0
cmd_total_gets                0
cmd_total_ops                 1
cmd_total_sets                1
conn_yields                   81
connection_structures         31
curr_connections              39
curr_items                    1
curr_items_tot                1
curr_temp_items               0
daemon_connections            8
decr_hits                     0
decr_misses                   0
delete_hits                   0
delete_misses                 0
ep_access_scanner_enabled     true
ep_access_scanner_last_runtime 0
ep_access_scanner_num_items   0
ep_access_scanner_task_time   2023-07-19 02:00:01
ep_active_ahead_exceptions    0
ep_active_behind_exceptions   0
ep_active_datatype_json       1
ep_active_datatype_json,xattr 0
ep_active_datatype_raw        0
ep_active_datatype_snappy     0
ep_active_datatype_snappy,json 0
ep_active_datatype_snappy,json,xattr 0
ep_active_datatype_snappy,xattr 0
ep_active_datatype_xattr      0
ep_active_hlc_drift           0
ep_active_hlc_drift_count     0
ep_allow_sanitize_value_in_deletion true
ep_alog_block_size            4096
ep_alog_max_stored_items      1024
ep_alog_path                  /opt/couchbase/var/lib/couchbase/data/datadog-test/access.log
ep_alog_resident_ratio_threshold 95
ep_alog_sleep_time            1440
ep_alog_task_time             2
ep_backend                    couchdb
ep_backfill_mem_threshold     96
ep_bfilter_enabled            true
ep_bfilter_fp_prob            0.01
ep_bfilter_key_count          10000
ep_bfilter_residency_threshold 0.1
ep_bg_fetch_avg_read_amplification 0
ep_bg_fetched                 0
ep_bg_meta_fetched            0
ep_bg_remaining_items         0
ep_bg_remaining_jobs          0
ep_blob_num                   1024
ep_blob_overhead              8646
ep_bucket_priority            LOW
ep_bucket_type                persistent
ep_cache_size                 104857600
ep_checkpoint_memory          1448088
ep_checkpoint_memory_overhead 939857
ep_checkpoint_memory_unreferenced 0
ep_chk_expel_enabled          true
ep_chk_max_items              10000
ep_chk_period                 5
ep_chk_persistence_remains    0
ep_chk_persistence_timeout    10
ep_chk_remover_stime          5
ep_clock_cas_drift_threshold_exceeded 0
ep_collections_enabled        true
ep_collections_max_size       1000
ep_commit_num                 1
ep_commit_time                4
ep_commit_time_total          4
ep_compaction_exp_mem_threshold 85
ep_compaction_write_queue_cap 10000
ep_compression_mode           passive
ep_conflict_resolution_type   seqno
ep_connection_manager_interval 1
ep_couch_bucket               datadog-test
ep_couchstore_mprotect        false
ep_couchstore_tracing         false
ep_couchstore_write_validation false
ep_cursor_dropping_checkpoint_mem_lower_mark 30
ep_cursor_dropping_checkpoint_mem_upper_mark 50
ep_cursor_dropping_lower_mark 80
ep_cursor_dropping_lower_threshold 83886080
ep_cursor_dropping_upper_mark 95
ep_cursor_dropping_upper_threshold 99614720
ep_cursor_memory_freed        0
ep_cursors_dropped            0
ep_data_read_failed           0
ep_data_traffic_enabled       false
ep_data_write_failed          0
ep_db_data_size               400978
ep_db_file_size               4245549
ep_db_prepare_size            0
ep_dbname                     /opt/couchbase/var/lib/couchbase/data/datadog-test
ep_dcp_backfill_byte_limit    20972856
ep_dcp_blacklist_fts_connection_logs true
ep_dcp_conn_buffer_size       10485760
ep_dcp_conn_buffer_size_aggr_mem_threshold 10
ep_dcp_conn_buffer_size_aggressive_perc 5
ep_dcp_conn_buffer_size_max   52428800
ep_dcp_conn_buffer_size_perc  1
ep_dcp_consumer_control_enabled false
ep_dcp_consumer_process_buffered_messages_batch_size 10
ep_dcp_consumer_process_buffered_messages_yield_limit 10
ep_dcp_enable_noop            true
ep_dcp_flow_control_policy    aggressive
ep_dcp_idle_timeout           360
ep_dcp_min_compression_ratio  0.85
ep_dcp_noop_mandatory_for_v5_features true
ep_dcp_noop_tx_interval       1
ep_dcp_producer_snapshot_marker_yield_limit 10
ep_dcp_scan_byte_limit        4194304
ep_dcp_scan_item_limit        4096
ep_dcp_takeover_max_time      60
ep_defragmenter_age_threshold 10
ep_defragmenter_chunk_duration 20
ep_defragmenter_enabled       true
ep_defragmenter_interval      10
ep_defragmenter_num_moved     0
ep_defragmenter_num_visited   10
ep_defragmenter_stored_value_age_threshold 10
ep_defragmenter_sv_num_moved  0
ep_degraded_mode              false
ep_diskqueue_drain            1025
ep_diskqueue_fill             1025
ep_diskqueue_items            0
ep_diskqueue_memory           0
ep_diskqueue_pending          0
ep_durability_min_level       none
ep_durability_timeout_task_interval 25
ep_exp_pager_enabled          true
ep_exp_pager_initial_run_time -1
ep_exp_pager_stime            600
ep_expired_access             0
ep_expired_compactor          0
ep_expired_pager              0
ep_expiry_pager_task_time     2023-07-18 20:07:22
ep_failpartialwarmup          false
ep_flush_duration_total       887
ep_flusher_batch_split_trigger 1000000
ep_flusher_state              running
ep_flusher_todo               0
ep_fsync_after_every_n_bytes_written 16777216
ep_getl_default_timeout       15
ep_getl_max_timeout           30
ep_hlc_drift_ahead_threshold_us 5000000
ep_hlc_drift_behind_threshold_us 5000000
ep_ht_locks                   47
ep_ht_resize_interval         1
ep_ht_size                    47
ep_io_bg_fetch_read_count     0
ep_io_compaction_read_bytes   0
ep_io_compaction_write_bytes  0
ep_io_document_write_bytes    101
ep_io_flusher_write_amplification 4881.29
ep_io_total_read_bytes        240551
ep_io_total_write_amplification 4881.29
ep_io_total_write_bytes       493010
ep_item_begin_failed          0
ep_item_commit_failed         0
ep_item_compressor_chunk_duration 20
ep_item_compressor_interval   250
ep_item_compressor_num_compressed 0
ep_item_compressor_num_visited 0
ep_item_eviction_age_percentage 30
ep_item_eviction_freq_counter_age_threshold 1
ep_item_eviction_policy       value_only
ep_item_flush_expired         0
ep_item_flush_failed          0
ep_item_freq_decayer_chunk_duration 20
ep_item_freq_decayer_percent  50
ep_item_num                   3071
ep_item_num_based_new_chk     true
ep_items_expelled_from_checkpoints 0
ep_items_rm_from_checkpoints  1
ep_keep_closed_chks           false
ep_kv_size                    131108
ep_magma_commit_point_every_batch false
ep_magma_commit_point_interval 2
ep_magma_delete_frag_ratio    0.5
ep_magma_delete_memtable_writecache 8192
ep_magma_enable_upsert        false
ep_magma_expiry_frag_threshold 0.25
ep_magma_max_commit_points    5
ep_magma_max_write_cache      134217728
ep_magma_mem_quota_ratio      0.1
ep_magma_min_write_cache      8388608
ep_magma_num_compactors       4
ep_magma_num_flushers         1
ep_magma_tombstone_frag_threshold 0.25
ep_magma_value_separation_size 32
ep_magma_wal_buffer_size      2097152
ep_magma_wal_num_buffers      1
ep_max_checkpoints            2
ep_max_failover_entries       25
ep_max_item_privileged_bytes  1048576
ep_max_item_size              20971520
ep_max_num_shards             0
ep_max_num_workers            3
ep_max_size                   104857600
ep_max_threads                0
ep_max_ttl                    0
ep_max_vbuckets               1024
ep_mem_high_wat               89128960
ep_mem_high_wat_percent       0.85
ep_mem_low_wat                78643200
ep_mem_low_wat_percent        0.75
ep_mem_tracker_enabled        true
ep_mem_used_merge_threshold_percent 0.5
ep_meta_data_disk             43
ep_meta_data_memory           68
ep_min_compression_ratio      1.2
ep_mutation_mem_threshold     93
ep_num_access_scanner_runs    0
ep_num_access_scanner_skips   0
ep_num_auxio_threads          1
ep_num_eject_failures         0
ep_num_expiry_pager_runs      0
ep_num_freq_decayer_runs      1
ep_num_non_resident           0
ep_num_nonio_threads          2
ep_num_not_my_vbuckets        0
ep_num_ops_del_meta           0
ep_num_ops_del_meta_res_fail  0
ep_num_ops_del_ret_meta       0
ep_num_ops_get_meta           0
ep_num_ops_get_meta_on_set_meta 0
ep_num_ops_set_meta           0
ep_num_ops_set_meta_res_fail  0
ep_num_ops_set_ret_meta       0
ep_num_pager_runs             0
ep_num_reader_threads         5
ep_num_value_ejects           0
ep_num_workers                12
ep_num_writer_threads         4
ep_oom_errors                 0
ep_overhead                   5163492
ep_pager_active_vb_pcnt       40
ep_pager_sleep_time_ms        5000
ep_pending_compactions        0
ep_pending_ops                0
ep_pending_ops_max            0
ep_pending_ops_max_duration   0
ep_pending_ops_total          0
ep_persist_vbstate_total      1025
ep_queue_size                 0
ep_replica_ahead_exceptions   0
ep_replica_behind_exceptions  0
ep_replica_datatype_json      0
ep_replica_datatype_json,xattr 0
ep_replica_datatype_raw       0
ep_replica_datatype_snappy    0
ep_replica_datatype_snappy,json 0
ep_replica_datatype_snappy,json,xattr 0
ep_replica_datatype_snappy,xattr 0
ep_replica_datatype_xattr     0
ep_replica_hlc_drift          0
ep_replica_hlc_drift_count    0
ep_replication_throttle_cap_pcnt 10
ep_replication_throttle_queue_cap -1
ep_replication_throttle_threshold 99
ep_retain_erroneous_tombstones true
ep_rocksdb_bbt_options        block_size=16384,cache_index_and_filter_blocks=true,pin_l0_filter_and_index_blocks_in_cache=true,cache_index_and_filter_blocks_with_high_priority=true,index_type=kTwoLevelIndexSearch,partition_filters=true
ep_rocksdb_block_cache_high_pri_pool_ratio 0.9
ep_rocksdb_block_cache_ratio  0.1
ep_rocksdb_cf_options         
ep_rocksdb_default_cf_optimize_compaction none
ep_rocksdb_high_pri_background_threads 0
ep_rocksdb_low_pri_background_threads 0
ep_rocksdb_memtables_ratio    0.1
ep_rocksdb_options            bytes_per_sync=1048576,stats_dump_period_sec=600
ep_rocksdb_seqno_cf_optimize_compaction none
ep_rocksdb_stats_level        kExceptTimeForMutex
ep_rocksdb_uc_max_size_amplification_percent 200
ep_rocksdb_write_rate_limit   0
ep_rollback_count             0
ep_scopes_max_size            100
ep_startup_time               1689710241
ep_storage_age                1399
ep_storage_age_highwat        1399
ep_storedval_num              1
ep_storedval_overhead         8646
ep_storedval_size             80
ep_sync_writes_max_allowed_replicas 2
ep_time_synchronization       disabled
ep_tmp_oom_errors             0
ep_total_cache_size           140
ep_total_deduplicated         0
ep_total_del_items            0
ep_total_enqueued             1025
ep_total_new_items            1
ep_total_persisted            1
ep_uncommitted_items          0
ep_uuid                       fbbd3de581d647301f410f35705d9ed5
ep_value_size                 131040
ep_vb_total                   1024
ep_vbucket_del                0
ep_vbucket_del_fail           0
ep_warmup                     true
ep_warmup_batch_size          10000
ep_warmup_dups                0
ep_warmup_min_items_threshold 100
ep_warmup_min_memory_threshold 100
ep_warmup_oom                 0
ep_warmup_thread              complete
ep_warmup_time                26227
ep_workload_pattern           write_heavy
ep_xattr_enabled              true
get_hits                      0
get_misses                    0
incr_hits                     0
incr_misses                   0
iovused_high_watermark        3
libevent                      2.1.8-beta
listen_disabled_num           0
lock_errors                   0
mem_used                      29137328
mem_used_estimate             29137328
memcached_version             c7ce4bf96f96da40da14d0394a97fc95f10f7576
msgused_high_watermark        1
pointer_size                  64
rbufs_allocated               1
rbufs_existing                1503
rbufs_loaned                  525
rejected_conns                0
rollback_item_count           0
stat_reset                    Tue Jul 18 19:57:18 2023
system_connections            8
threads                       4
time                          1689710341
total_connections             43
total_resp_errors             0
uptime                        103
vb_active_checkpoint_memory   1448088
vb_active_checkpoint_memory_overhead 939857
vb_active_checkpoint_memory_unreferenced 0
vb_active_curr_items          1
vb_active_eject               0
vb_active_expired             0
vb_active_hp_vb_req_size      0
vb_active_ht_memory           2678784
vb_active_itm_memory          140
vb_active_itm_memory_uncompressed 140
vb_active_meta_data_disk      43
vb_active_meta_data_memory    68
vb_active_num                 1024
vb_active_num_non_resident    0
vb_active_ops_create          1
vb_active_ops_delete          0
vb_active_ops_get             0
vb_active_ops_reject          0
vb_active_ops_update          0
vb_active_perc_mem_resident   100
vb_active_queue_age           0
vb_active_queue_drain         1025
vb_active_queue_fill          1025
vb_active_queue_memory        0
vb_active_queue_pending       0
vb_active_queue_size          0
vb_active_rollback_item_count 0
vb_active_sync_write_aborted_count 0
vb_active_sync_write_accepted_count 0
vb_active_sync_write_committed_count 0
vb_dead_num                   0
vb_pending_checkpoint_memory  0
vb_pending_checkpoint_memory_overhead 0
vb_pending_checkpoint_memory_unreferenced 0
vb_pending_curr_items         0
vb_pending_eject              0
vb_pending_expired            0
vb_pending_hp_vb_req_size     0
vb_pending_ht_memory          0
vb_pending_itm_memory         0
vb_pending_itm_memory_uncompressed 0
vb_pending_meta_data_disk     0
vb_pending_meta_data_memory   0
vb_pending_num                0
vb_pending_num_non_resident   0
vb_pending_ops_create         0
vb_pending_ops_delete         0
vb_pending_ops_get            0
vb_pending_ops_reject         0
vb_pending_ops_update         0
vb_pending_perc_mem_resident  100
vb_pending_queue_age          0
vb_pending_queue_drain        0
vb_pending_queue_fill         0
vb_pending_queue_memory       0
vb_pending_queue_pending      0
vb_pending_queue_size         0
vb_pending_rollback_item_count 0
vb_replica_checkpoint_memory  0
vb_replica_checkpoint_memory_overhead 0
vb_replica_checkpoint_memory_unreferenced 0
vb_replica_curr_items         0
vb_replica_eject              0
vb_replica_expired            0
vb_replica_hp_vb_req_size     0
vb_replica_ht_memory          0
vb_replica_itm_memory         0
vb_replica_itm_memory_uncompressed 0
vb_replica_meta_data_disk     0
vb_replica_meta_data_memory   0
vb_replica_num                0
vb_replica_num_non_resident   0
vb_replica_ops_create         0
vb_replica_ops_delete         0
vb_replica_ops_get            0
vb_replica_ops_reject         0
vb_replica_ops_update         0
vb_replica_perc_mem_resident  100
vb_replica_queue_age          0
vb_replica_queue_drain        0
vb_replica_queue_fill         0
vb_replica_queue_memory       0
vb_replica_queue_pending      0
vb_replica_queue_size         0
vb_replica_rollback_item_count 0
vb_replica_sync_write_aborted_count 0
vb_replica_sync_write_accepted_count 0
vb_replica_sync_write_committed_count 0
version                       6.6.5-10080
wbufs_allocated               1
wbufs_existing                1452
wbufs_loaned                  576

[ns_doctor:debug,2023-07-18T19:59:17.928Z,ns_1@cb.local:ns_doctor<0.364.0>:ns_doctor:handle_info:186]Current node statuses:
[{'ns_1@cb.local',
     [{last_heard,-576460633356841953},
      {now,-576460633372217078},
      {active_buckets,["datadog-test"]},
      {ready_buckets,["datadog-test"]},
      {status_latency,15000},
      {outgoing_replications_safeness_level,[{"datadog-test",green}]},
      {incoming_replications_conf_hashes,[{"datadog-test",[]}]},
      {{service_status,fts},[{connected,true},{needs_rebalance,false}]},
      {{service_status,index},[{connected,true},{needs_rebalance,false}]},
      {{service_status,cbas},[{connected,true},{needs_rebalance,false}]},
      {meminfo,
          <<"MemTotal:       32828612 kB\nMemFree:        17352644 kB\nMemAvailable:   26718512 kB\nBuffers:          603864 kB\nCached:          8723856 kB\nSwapCached:          300 kB\nActive:          5441448 kB\nInactive:        8951528 kB\nActive(anon):      90168 kB\nInactive(anon):  5323044 kB\nActive(file):    5351280 kB\nInactive(file):  3628484 kB\nUnevictable:           0 kB\nMlocked:               0 kB\nSwapTotal:       1048572 kB\nSwapFree:        1045460 kB\nDirty:               292 kB\nWriteback:             0 kB\nAnonPages:       5062480 kB\nMapped:           956240 kB\nShmem:            364784 kB\nKReclaimable:     771908 kB\nSlab:             888132 kB\nSReclaimable:     771908 kB\nSUnreclaim:       116224 kB\nKernelStack:       27040 kB\nPageTables:        30828 kB\nNFS_Unstable:          0 kB\nBounce:                0 kB\nWritebackTmp:          0 kB\nCommitLimit:    17462876 kB\nCommitted_AS:   31538088 kB\nVmallocTotal:   133143592960 kB\nVmallocUsed:       32948 kB\nVmallocChunk:          0 kB\nPercpu:             5700 kB\nAnonHugePages:     10240 kB\nShmemHugePages:        0 kB\nShmemPmdMapped:        0 kB\nFileHugePages:         0 kB\nFilePmdMapped:         0 kB\nHugePages_Total:       0\nHugePages_Free:        0\nHugePages_Rsvd:        0\nHugePages_Surp:        0\nHugepagesize:       2048 kB\nHugetlb:               0 kB\n">>},
      {loadavg,<<"0.54 1.52 1.89 1/1687 684\n">>},
      {cpu_pressure,{error,enoent}},
      {memory_pressure,{error,enoent}},
      {io_pressure,{error,enoent}},
      {local_tasks,[]},
      {memory,
          [{total,101247552},
           {processes,53242792},
           {processes_used,53220208},
           {system,48004760},
           {atom,785337},
           {atom_used,770329},
           {binary,5554304},
           {code,14748231},
           {ets,5872104}]},
      {cpu_count,5},
      {system_memory_data,
          [{system_total_memory,33616498688},
           {free_swap,1070551040},
           {total_swap,1073737728},
           {cached_memory,8933228544},
           {buffered_memory,618356736},
           {free_memory,17769107456},
           {total_memory,33616498688}]},
      {node_storage_conf,
          [{db_path,"/opt/couchbase/var/lib/couchbase/data"},
           {index_path,"/opt/couchbase/var/lib/couchbase/data"}]},
      {statistics,
          [{wall_clock,{118641,4987}},
           {context_switches,{141474,0}},
           {garbage_collection,{41187,169251846,0}},
           {io,{{input,21491753},{output,6920705}}},
           {reductions,{88680399,1280909}},
           {run_queue,0},
           {runtime,{11868,369}},
           {run_queues,{0,0,0,0,0,0,0}}]},
      {system_stats,
          [{cpu_utilization_rate,9.876543209876543},
           {cpu_stolen_rate,0.0},
           {swap_total,1073737728},
           {swap_used,3186688},
           {mem_total,33616498688},
           {mem_free,27313987584},
           {mem_limit,33616498688},
           {cpu_cores_available,5},
           {allocstall,0}]},
      {interesting_stats,
          [{cmd_get,0.0},
           {couch_docs_actual_disk_size,6743125},
           {couch_docs_data_size,4245549},
           {couch_spatial_data_size,0},
           {couch_spatial_disk_size,0},
           {couch_views_actual_disk_size,18178},
           {couch_views_data_size,18178},
           {curr_items,1},
           {curr_items_tot,1},
           {ep_bg_fetched,0.0},
           {get_hits,0.0},
           {mem_used,29137328},
           {ops,0.0},
           {vb_active_num_non_resident,0},
           {vb_replica_curr_items,0}]},
      {per_bucket_interesting_stats,
          [{"datadog-test",
            [{cmd_get,0.0},
             {couch_docs_actual_disk_size,6743125},
             {couch_docs_data_size,4245549},
             {couch_spatial_data_size,0},
             {couch_spatial_disk_size,0},
             {couch_views_actual_disk_size,18178},
             {couch_views_data_size,18178},
             {curr_items,1},
             {curr_items_tot,1},
             {ep_bg_fetched,0.0},
             {get_hits,0.0},
             {mem_used,29137328},
             {ops,0.0},
             {vb_active_num_non_resident,0},
             {vb_replica_curr_items,0}]}]},
      {processes_stats,
          [{<<"sigar_port/mem_size">>,148262912},
           {<<"sigar_port/mem_resident">>,1110016},
           {<<"sigar_port/major_faults_raw">>,0},
           {<<"sigar_port/cpu_utilization">>,0},
           {<<"saslauthd-port/mem_size">>,638459904},
           {<<"saslauthd-port/mem_resident">>,9900032},
           {<<"saslauthd-port/major_faults_raw">>,20},
           {<<"saslauthd-port/cpu_utilization">>,0},
           {<<"projector/mem_size">>,1261715456},
           {<<"projector/mem_resident">>,25047040},
           {<<"projector/major_faults_raw">>,111},
           {<<"projector/cpu_utilization">>,0},
           {<<"ns_server/mem_size">>,3925635072},
           {<<"ns_server/mem_resident">>,141418496},
           {<<"ns_server/major_faults_raw">>,364},
           {<<"ns_server/cpu_utilization">>,8},
           {<<"memcached/mem_size">>,1918480384},
           {<<"memcached/mem_resident">>,59162624},
           {<<"memcached/major_faults_raw">>,72},
           {<<"memcached/cpu_utilization">>,10},
           {<<"js-evaluator/mem_size">>,2429218816},
           {<<"js-evaluator/mem_resident">>,52183040},
           {<<"js-evaluator/major_faults_raw">>,4},
           {<<"js-evaluator/cpu_utilization">>,0},
           {<<"java/mem_size">>,5571956736},
           {<<"java/mem_resident">>,731541504},
           {<<"java/major_faults_raw">>,388},
           {<<"java/cpu_utilization">>,2},
           {<<"indexer/mem_size">>,1476722688},
           {<<"indexer/mem_resident">>,67764224},
           {<<"indexer/major_faults_raw">>,197},
           {<<"indexer/cpu_utilization">>,0},
           {<<"goxdcr/mem_size">>,1105526784},
           {<<"goxdcr/mem_resident">>,27242496},
           {<<"goxdcr/major_faults_raw">>,58},
           {<<"goxdcr/cpu_utilization">>,2},
           {<<"gosecrets/mem_size">>,150478848},
           {<<"gosecrets/mem_resident">>,4198400},
           {<<"gosecrets/major_faults_raw">>,217},
           {<<"gosecrets/cpu_utilization">>,0},
           {<<"goport/mem_size">>,916365312},
           {<<"goport/mem_resident">>,26537984},
           {<<"goport/major_faults_raw">>,392},
           {<<"goport/cpu_utilization">>,0},
           {<<"godu/mem_size">>,306524160},
           {<<"godu/mem_resident">>,11276288},
           {<<"godu/major_faults_raw">>,54},
           {<<"godu/cpu_utilization">>,0},
           {<<"erl_child_setup/mem_size">>,443965440},
           {<<"erl_child_setup/mem_resident">>,6606848},
           {<<"erl_child_setup/major_faults_raw">>,15},
           {<<"erl_child_setup/cpu_utilization">>,0},
           {<<"couchdb/mem_size">>,3784093696},
           {<<"couchdb/mem_resident">>,110489600},
           {<<"couchdb/major_faults_raw">>,204},
           {<<"couchdb/cpu_utilization">>,0},
           {<<"cbq-engine/mem_size">>,1529458688},
           {<<"cbq-engine/mem_resident">>,78438400},
           {<<"cbq-engine/major_faults_raw">>,145},
           {<<"cbq-engine/cpu_utilization">>,4},
           {<<"cbft/mem_size">>,1544421376},
           {<<"cbft/mem_resident">>,128495616},
           {<<"cbft/major_faults_raw">>,312},
           {<<"cbft/cpu_utilization">>,5},
           {<<"cbas/mem_size">>,1324396544},
           {<<"cbas/mem_resident">>,18628608},
           {<<"cbas/major_faults_raw">>,16},
           {<<"cbas/cpu_utilization">>,0},
           {<<"babysitter/mem_size">>,3811659776},
           {<<"babysitter/mem_resident">>,51576832},
           {<<"babysitter/major_faults_raw">>,164},
           {<<"babysitter/cpu_utilization">>,0}]},
      {cluster_compatibility_version,393222},
      {version,
          [{stdlib,"3.4.5.1"},
           {sasl,"3.1.2"},
           {lhttpc,"1.3.0"},
           {ale,"0.0.0"},
           {ns_server,"6.6.5-10080-enterprise"},
           {public_key,"1.5.2"},
           {inets,"6.5.2.4"},
           {ssl,"8.2.6.4"},
           {kernel,"5.4.3.2"},
           {crypto,"4.2.2.2"},
           {asn1,"5.0.5.2"},
           {os_mon,"2.4.4"}]},
      {supported_compat_version,[6,6]},
      {advertised_version,[6,6,3]},
      {system_arch,"x86_64-unknown-linux-gnu"},
      {wall_clock,118},
      {memory_data,{33616498688,15786655744,{<0.955.0>,2917864}}},
      {disk_data,
          [{"/",214993340,25},
           {"/dev",65536,0},
           {"/dev/shm",65536,0},
           {"/var",214993340,25},
           {"/etc/resolv.conf",214993340,25},
           {"/etc/hostname",214993340,25},
           {"/etc/hosts",214993340,25},
           {"/opt/couchbase/var",214993340,25},
           {"/proc/kcore",65536,0},
           {"/proc/keys",65536,0},
           {"/proc/timer_list",65536,0},
           {"/sys/firmware",16414304,0}]}]}]
